        -:    0:Source:dominion.c
        -:    0:Graph:dominion.gcno
        -:    0:Data:dominion.gcda
        -:    0:Runs:11
        -:    0:Programs:1
        -:    1:#include "dominion.h"
        -:    2:#include "dominion_helpers.h"
        -:    3:#include "rngs.h"
        -:    4:#include <stdio.h>
        -:    5:#include <math.h>
        -:    6:#include <stdlib.h>
        -:    7:
function compare called 86937 returned 100% blocks executed 100%
        -:    8:int compare(const void* a, const void* b) {
    86937:    9:  if (*(int*)a > *(int*)b)
branch  0 taken 1%
branch  1 taken 99%
        1:   10:    return 1;
    86936:   11:  if (*(int*)a < *(int*)b)
branch  0 taken 36%
branch  1 taken 64%
    30909:   12:    return -1;
    56027:   13:  return 0;
    86937:   14:}
        -:   15:
function newGame called 0 returned 0% blocks executed 0%
        -:   16:struct gameState* newGame() {
    #####:   17:  struct gameState* g = malloc(sizeof(struct gameState));
    #####:   18:  return g;
        -:   19:}
        -:   20:
function kingdomCards called 0 returned 0% blocks executed 0%
        -:   21:int* kingdomCards(int k1, int k2, int k3, int k4, int k5, int k6, int k7,
        -:   22:		  int k8, int k9, int k10) {
    #####:   23:  int* k = malloc(10 * sizeof(int));
    #####:   24:  k[0] = k1;
    #####:   25:  k[1] = k2;
    #####:   26:  k[2] = k3;
    #####:   27:  k[3] = k4;
    #####:   28:  k[4] = k5;
    #####:   29:  k[5] = k6;
    #####:   30:  k[6] = k7;
    #####:   31:  k[7] = k8;
    #####:   32:  k[8] = k9;
    #####:   33:  k[9] = k10;
    #####:   34:  return k;
        -:   35:}
        -:   36:
function initializeGame called 5007 returned 100% blocks executed 95%
        -:   37:int initializeGame(int numPlayers, int kingdomCards[10], int randomSeed,
        -:   38:		   struct gameState *state) {
        -:   39:
        -:   40:  int i;
        -:   41:  int j;
        -:   42:  int it;
        -:   43:  //set up random number generator
     5007:   44:  SelectStream(1);
     5007:   45:  PutSeed((long)randomSeed);
        -:   46:
        -:   47:  //check number of players
    10014:   48:  if (numPlayers > MAX_PLAYERS || numPlayers < 2)
branch  0 taken 100%
branch  1 taken 0%
branch  2 taken 51%
branch  3 taken 49%
        -:   49:    {
     2551:   50:      return -1;
        -:   51:    }
        -:   52:
        -:   53:  //set number of players
     2456:   54:  state->numPlayers = numPlayers;
        -:   55:
        -:   56:  //check selected kingdom cards are different
    54032:   57:  for (i = 0; i < 10; i++)
branch  0 taken 91%
branch  1 taken 9%
        -:   58:    {
   540320:   59:      for (j = 0; j < 10; j++)
branch  0 taken 91%
branch  1 taken 9%
        -:   60:        {
   466640:   61:	  if (j != i && kingdomCards[j] == kingdomCards[i])
branch  0 taken 90%
branch  1 taken 10%
branch  2 taken 0%
branch  3 taken 100%
        -:   62:	    {
    #####:   63:	      return -1;
        -:   64:	    }
   245600:   65:        }
    24560:   66:    }
        -:   67:
        -:   68:
        -:   69:  //initialize supply
        -:   70:  ///////////////////////////////
        -:   71:
        -:   72:  //set number of Curse cards
     2456:   73:  if (numPlayers == 2)
branch  0 taken 48%
branch  1 taken 52%
        -:   74:    {
     1187:   75:      state->supplyCount[curse] = 10;
     1187:   76:    }
     1269:   77:  else if (numPlayers == 3)
branch  0 taken 100%
branch  1 taken 0%
        -:   78:    {
     1269:   79:      state->supplyCount[curse] = 20;
     1269:   80:    }
        -:   81:  else
        -:   82:    {
    #####:   83:      state->supplyCount[curse] = 30;
        -:   84:    }
        -:   85:
        -:   86:  //set number of Victory cards
     2456:   87:  if (numPlayers == 2)
branch  0 taken 48%
branch  1 taken 52%
        -:   88:    {
     1187:   89:      state->supplyCount[estate] = 8;
     1187:   90:      state->supplyCount[duchy] = 8;
     1187:   91:      state->supplyCount[province] = 8;
     1187:   92:    }
        -:   93:  else
        -:   94:    {
     1269:   95:      state->supplyCount[estate] = 12;
     1269:   96:      state->supplyCount[duchy] = 12;
     1269:   97:      state->supplyCount[province] = 12;
        -:   98:    }
        -:   99:
        -:  100:  //set number of Treasure cards
     2456:  101:  state->supplyCount[copper] = 60 - (7 * numPlayers);
     2456:  102:  state->supplyCount[silver] = 40;
     2456:  103:  state->supplyCount[gold] = 30;
        -:  104:
        -:  105:  //set number of Kingdom cards
   103152:  106:  for (i = adventurer; i <= treasure_map; i++)       	//loop all cards
branch  0 taken 95%
branch  1 taken 5%
        -:  107:    {
   810480:  108:      for (j = 0; j < 10; j++)           		//loop chosen cards
branch  0 taken 94%
branch  1 taken 6%
        -:  109:	{
   380680:  110:	  if (kingdomCards[j] == i)
branch  0 taken 6%
branch  1 taken 94%
        -:  111:	    {
        -:  112:	      //check if card is a 'Victory' Kingdom card
    49120:  113:	      if (kingdomCards[j] == great_hall || kingdomCards[j] == gardens)
branch  0 taken 100%
branch  1 taken 0%
branch  2 taken 10%
branch  3 taken 90%
        -:  114:		{
     2456:  115:		  if (numPlayers == 2){
branch  0 taken 48%
branch  1 taken 52%
     1187:  116:		    state->supplyCount[i] = 8;
     1187:  117:		  }
     1269:  118:		  else{ state->supplyCount[i] = 12; }
     2456:  119:		}
        -:  120:	      else
        -:  121:		{
    22104:  122:		  state->supplyCount[i] = 10;
        -:  123:		}
    24560:  124:	      break;
        -:  125:	    }
        -:  126:	  else    //card is not in the set choosen for the game
        -:  127:	    {
   356120:  128:	      state->supplyCount[i] = -1;
        -:  129:	    }
   356120:  130:	}
        -:  131:
    49120:  132:    }
        -:  133:
        -:  134:  ////////////////////////
        -:  135:  //supply intilization complete
        -:  136:
        -:  137:  //set player decks
    17274:  138:  for (i = 0; i < numPlayers; i++)
branch  0 taken 72%
branch  1 taken 28%
        -:  139:    {
     6181:  140:      state->deckCount[i] = 0;
    49448:  141:      for (j = 0; j < 3; j++)
branch  0 taken 75%
branch  1 taken 25%
        -:  142:	{
    18543:  143:	  state->deck[i][j] = estate;
    18543:  144:	  state->deckCount[i]++;
    18543:  145:	}
    98896:  146:      for (j = 3; j < 10; j++)
branch  0 taken 88%
branch  1 taken 13%
        -:  147:	{
    43267:  148:	  state->deck[i][j] = copper;
    43267:  149:	  state->deckCount[i]++;
    43267:  150:	}
     6181:  151:    }
        -:  152:
        -:  153:  //shuffle player decks
    17274:  154:  for (i = 0; i < numPlayers; i++)
branch  0 taken 72%
branch  1 taken 28%
        -:  155:    {
     6181:  156:      if ( shuffle(i, state) < 0 )
branch  0 taken 0%
branch  1 taken 100%
        -:  157:	{
    #####:  158:	  return -1;
        -:  159:	}
     6181:  160:    }
        -:  161:
        -:  162:  //draw player hands
    17274:  163:  for (i = 0; i < numPlayers; i++)
branch  0 taken 72%
branch  1 taken 28%
        -:  164:    {
        -:  165:      //initialize hand size to zero
     6181:  166:      state->handCount[i] = 0;
     6181:  167:      state->discardCount[i] = 0;
        -:  168:      //draw 5 cards
        -:  169:      // for (j = 0; j < 5; j++)
        -:  170:      //	{
        -:  171:      //	  drawCard(i, state);
        -:  172:      //	}
     6181:  173:    }
        -:  174:
        -:  175:  //set embargo tokens to 0 for all supply piles
   137536:  176:  for (i = 0; i <= treasure_map; i++)
branch  0 taken 96%
branch  1 taken 4%
        -:  177:    {
    66312:  178:      state->embargoTokens[i] = 0;
    66312:  179:    }
        -:  180:
        -:  181:  //initialize first player's turn
     2456:  182:  state->outpostPlayed = 0;
     2456:  183:  state->phase = 0;
     2456:  184:  state->numActions = 1;
     2456:  185:  state->numBuys = 1;
     2456:  186:  state->playedCardCount = 0;
     2456:  187:  state->whoseTurn = 0;
     2456:  188:  state->handCount[state->whoseTurn] = 0;
        -:  189:  //int it; move to top
        -:  190:
        -:  191:  //Moved draw cards to here, only drawing at the start of a turn
    29472:  192:  for (it = 0; it < 5; it++){
branch  0 taken 83%
branch  1 taken 17%
    12280:  193:    drawCard(state->whoseTurn, state);
    12280:  194:  }
        -:  195:
     2456:  196:  updateCoins(state->whoseTurn, state, 0);
        -:  197:
     2456:  198:  return 0;
     5007:  199:}
        -:  200:
function shuffle called 11852 returned 100% blocks executed 100%
        -:  201:int shuffle(int player, struct gameState *state) {
        -:  202:
        -:  203:
        -:  204:  int newDeck[MAX_DECK];
    11852:  205:  int newDeckPos = 0;
        -:  206:  int card;
        -:  207:  int i;
        -:  208:
    11852:  209:  if (state->deckCount[player] < 1)
branch  0 taken 36%
branch  1 taken 64%
     4294:  210:    return -1;
     7558:  211:  qsort ((void*)(state->deck[player]), state->deckCount[player], sizeof(int), compare);
        -:  212:  /* SORT CARDS IN DECK TO ENSURE DETERMINISM! */
        -:  213:
   142286:  214:  while (state->deckCount[player] > 0) {
branch  0 taken 89%
branch  1 taken 11%
    63585:  215:    card = floor(Random() * state->deckCount[player]);
    63585:  216:    newDeck[newDeckPos] = state->deck[player][card];
    63585:  217:    newDeckPos++;
   423944:  218:    for (i = card; i < state->deckCount[player]-1; i++) {
branch  0 taken 70%
branch  1 taken 30%
   148387:  219:      state->deck[player][i] = state->deck[player][i+1];
   148387:  220:    }
    63585:  221:    state->deckCount[player]--;
        -:  222:  }
   142286:  223:  for (i = 0; i < newDeckPos; i++) {
branch  0 taken 89%
branch  1 taken 11%
    63585:  224:    state->deck[player][i] = newDeck[i];
    63585:  225:    state->deckCount[player]++;
    63585:  226:  }
        -:  227:
     7558:  228:  return 0;
    11852:  229:}
        -:  230:
function playCard called 0 returned 0% blocks executed 0%
        -:  231:int playCard(int handPos, int choice1, int choice2, int choice3, struct gameState *state)
        -:  232:{
        -:  233:  int card;
    #####:  234:  int coin_bonus = 0; 		//tracks coins gain from actions
        -:  235:
        -:  236:  //check if it is the right phase
    #####:  237:  if (state->phase != 0)
branch  0 never executed
branch  1 never executed
        -:  238:    {
    #####:  239:      return -1;
        -:  240:    }
        -:  241:
        -:  242:  //check if player has enough actions
    #####:  243:  if ( state->numActions < 1 )
branch  0 never executed
branch  1 never executed
        -:  244:    {
    #####:  245:      return -1;
        -:  246:    }
        -:  247:
        -:  248:  //get card played
    #####:  249:  card = handCard(handPos, state);
        -:  250:
        -:  251:  //check if selected card is an action
    #####:  252:  if ( card < adventurer || card > treasure_map )
branch  0 never executed
branch  1 never executed
branch  2 never executed
branch  3 never executed
        -:  253:    {
    #####:  254:      return -1;
        -:  255:    }
        -:  256:
        -:  257:  //play card
    #####:  258:  if ( cardEffect(card, choice1, choice2, choice3, state, handPos, &coin_bonus) < 0 )
branch  0 never executed
branch  1 never executed
        -:  259:    {
    #####:  260:      return -1;
        -:  261:    }
        -:  262:
        -:  263:  //reduce number of actions
    #####:  264:  state->numActions--;
        -:  265:
        -:  266:  //update coins (Treasure cards may be added with card draws)
    #####:  267:  updateCoins(state->whoseTurn, state, coin_bonus);
        -:  268:
    #####:  269:  return 0;
    #####:  270:}
        -:  271:
function buyCard called 0 returned 0% blocks executed 0%
        -:  272:int buyCard(int supplyPos, struct gameState *state) {
        -:  273:  int who;
        -:  274:  if (DEBUG){
        -:  275:    printf("Entering buyCard...\n");
        -:  276:  }
        -:  277:
        -:  278:  // I don't know what to do about the phase thing.
        -:  279:
    #####:  280:  who = state->whoseTurn;
        -:  281:
    #####:  282:  if (state->numBuys < 1){
branch  0 never executed
branch  1 never executed
        -:  283:    if (DEBUG)
        -:  284:      printf("You do not have any buys left\n");
    #####:  285:    return -1;
    #####:  286:  } else if (supplyCount(supplyPos, state) <1){
branch  0 never executed
branch  1 never executed
        -:  287:    if (DEBUG)
        -:  288:      printf("There are not any of that type of card left\n");
    #####:  289:    return -1;
    #####:  290:  } else if (state->coins < getCost(supplyPos)){
branch  0 never executed
branch  1 never executed
        -:  291:    if (DEBUG)
        -:  292:      printf("You do not have enough money to buy that. You have %d coins.\n", state->coins);
    #####:  293:    return -1;
        -:  294:  } else {
    #####:  295:    state->phase=1;
        -:  296:    //state->supplyCount[supplyPos]--;
    #####:  297:    gainCard(supplyPos, state, 0, who); //card goes in discard, this might be wrong.. (2 means goes into hand, 0 goes into discard)
        -:  298:
    #####:  299:    state->coins = (state->coins) - (getCost(supplyPos));
    #####:  300:    state->numBuys--;
        -:  301:    if (DEBUG)
        -:  302:      printf("You bought card number %d for %d coins. You now have %d buys and %d coins.\n", supplyPos, getCost(supplyPos), state->numBuys, state->coins);
        -:  303:  }
        -:  304:
        -:  305:  //state->discard[who][state->discardCount[who]] = supplyPos;
        -:  306:  //state->discardCount[who]++;
        -:  307:
    #####:  308:  return 0;
    #####:  309:}
        -:  310:
function numHandCards called 4005 returned 100% blocks executed 100%
        -:  311:int numHandCards(struct gameState *state) {
     4005:  312:  return state->handCount[ whoseTurn(state) ];
        -:  313:}
        -:  314:
function handCard called 0 returned 0% blocks executed 0%
        -:  315:int handCard(int handPos, struct gameState *state) {
    #####:  316:  int currentPlayer = whoseTurn(state);
    #####:  317:  return state->hand[currentPlayer][handPos];
        -:  318:}
        -:  319:
function supplyCount called 3509 returned 100% blocks executed 100%
        -:  320:int supplyCount(int card, struct gameState *state) {
     3509:  321:  return state->supplyCount[card];
        -:  322:}
        -:  323:
function fullDeckCount called 0 returned 0% blocks executed 0%
        -:  324:int fullDeckCount(int player, int card, struct gameState *state) {
        -:  325:  int i;
    #####:  326:  int count = 0;
        -:  327:
    #####:  328:  for (i = 0; i < state->deckCount[player]; i++)
branch  0 never executed
branch  1 never executed
        -:  329:    {
    #####:  330:      if (state->deck[player][i] == card) count++;
branch  0 never executed
branch  1 never executed
    #####:  331:    }
        -:  332:
    #####:  333:  for (i = 0; i < state->handCount[player]; i++)
branch  0 never executed
branch  1 never executed
        -:  334:    {
    #####:  335:      if (state->hand[player][i] == card) count++;
branch  0 never executed
branch  1 never executed
    #####:  336:    }
        -:  337:
    #####:  338:  for (i = 0; i < state->discardCount[player]; i++)
branch  0 never executed
branch  1 never executed
        -:  339:    {
    #####:  340:      if (state->discard[player][i] == card) count++;
branch  0 never executed
branch  1 never executed
    #####:  341:    }
        -:  342:
    #####:  343:  return count;
        -:  344:}
        -:  345:
function whoseTurn called 9009 returned 100% blocks executed 100%
        -:  346:int whoseTurn(struct gameState *state) {
     9009:  347:  return state->whoseTurn;
        -:  348:}
        -:  349:
function endTurn called 0 returned 0% blocks executed 0%
        -:  350:int endTurn(struct gameState *state) {
        -:  351:  int k;
        -:  352:  int i;
    #####:  353:  int currentPlayer = whoseTurn(state);
        -:  354:
        -:  355:  //Discard hand
    #####:  356:  for (i = 0; i < state->handCount[currentPlayer]; i++){
branch  0 never executed
branch  1 never executed
    #####:  357:    state->discard[currentPlayer][state->discardCount[currentPlayer]++] = state->hand[currentPlayer][i];//Discard
    #####:  358:    state->hand[currentPlayer][i] = -1;//Set card to -1
    #####:  359:  }
    #####:  360:  state->handCount[currentPlayer] = 0;//Reset hand count
        -:  361:
        -:  362:  //Code for determining the player
    #####:  363:  if (currentPlayer < (state->numPlayers - 1)){
branch  0 never executed
branch  1 never executed
    #####:  364:    state->whoseTurn = currentPlayer + 1;//Still safe to increment
    #####:  365:  }
        -:  366:  else{
    #####:  367:    state->whoseTurn = 0;//Max player has been reached, loop back around to player 1
        -:  368:  }
        -:  369:
    #####:  370:  state->outpostPlayed = 0;
    #####:  371:  state->phase = 0;
    #####:  372:  state->numActions = 1;
    #####:  373:  state->coins = 0;
    #####:  374:  state->numBuys = 1;
    #####:  375:  state->playedCardCount = 0;
    #####:  376:  state->handCount[state->whoseTurn] = 0;
        -:  377:
        -:  378:  //int k; move to top
        -:  379:  //Next player draws hand
    #####:  380:  for (k = 0; k < 5; k++){
branch  0 never executed
branch  1 never executed
    #####:  381:    drawCard(state->whoseTurn, state);//Draw a card
    #####:  382:  }
        -:  383:
        -:  384:  //Update money
    #####:  385:  updateCoins(state->whoseTurn, state , 0);
        -:  386:
    #####:  387:  return 0;
        -:  388:}
        -:  389:
function isGameOver called 23 returned 100% blocks executed 84%
        -:  390:int isGameOver(struct gameState *state) {
        -:  391:  int i;
        -:  392:  int j;
        -:  393:
        -:  394:  //if stack of Province cards is empty, the game ends
       23:  395:  if (state->supplyCount[province] == 0)
branch  0 taken 0%
branch  1 taken 100%
        -:  396:    {
    #####:  397:      return 1;
        -:  398:    }
        -:  399:
        -:  400:  //if three supply pile are at 0, the game ends
       23:  401:  j = 0;
     1196:  402:  for (i = 0; i < 25; i++)
branch  0 taken 96%
branch  1 taken 4%
        -:  403:    {
      575:  404:      if (state->supplyCount[i] == 0)
branch  0 taken 4%
branch  1 taken 96%
        -:  405:	{
       23:  406:	  j++;
       23:  407:	}
      575:  408:    }
       23:  409:  if ( j >= 3)
branch  0 taken 0%
branch  1 taken 100%
        -:  410:    {
    #####:  411:      return 1;
        -:  412:    }
        -:  413:
       23:  414:  return 0;
       23:  415:}
        -:  416:
function scoreFor called 0 returned 0% blocks executed 0%
        -:  417:int scoreFor (int player, struct gameState *state) {
        -:  418:
        -:  419:  int i;
    #####:  420:  int score = 0;
        -:  421:  //score from hand
    #####:  422:  for (i = 0; i < state->handCount[player]; i++)
branch  0 never executed
branch  1 never executed
        -:  423:    {
    #####:  424:      if (state->hand[player][i] == curse) { score = score - 1; };
branch  0 never executed
branch  1 never executed
    #####:  425:      if (state->hand[player][i] == estate) { score = score + 1; };
branch  0 never executed
branch  1 never executed
    #####:  426:      if (state->hand[player][i] == duchy) { score = score + 3; };
branch  0 never executed
branch  1 never executed
    #####:  427:      if (state->hand[player][i] == province) { score = score + 6; };
branch  0 never executed
branch  1 never executed
    #####:  428:      if (state->hand[player][i] == great_hall) { score = score + 1; };
branch  0 never executed
branch  1 never executed
    #####:  429:      if (state->hand[player][i] == gardens) { score = score + ( fullDeckCount(player, 0, state) / 10 ); };
branch  0 never executed
branch  1 never executed
    #####:  430:    }
        -:  431:
        -:  432:  //score from discard
    #####:  433:  for (i = 0; i < state->discardCount[player]; i++)
branch  0 never executed
branch  1 never executed
        -:  434:    {
    #####:  435:      if (state->discard[player][i] == curse) { score = score - 1; };
branch  0 never executed
branch  1 never executed
    #####:  436:      if (state->discard[player][i] == estate) { score = score + 1; };
branch  0 never executed
branch  1 never executed
    #####:  437:      if (state->discard[player][i] == duchy) { score = score + 3; };
branch  0 never executed
branch  1 never executed
    #####:  438:      if (state->discard[player][i] == province) { score = score + 6; };
branch  0 never executed
branch  1 never executed
    #####:  439:      if (state->discard[player][i] == great_hall) { score = score + 1; };
branch  0 never executed
branch  1 never executed
    #####:  440:      if (state->discard[player][i] == gardens) { score = score + ( fullDeckCount(player, 0, state) / 10 ); };
branch  0 never executed
branch  1 never executed
    #####:  441:    }
        -:  442:
        -:  443:  //score from deck
    #####:  444:  for (i = 0; i < state->discardCount[player]; i++)
branch  0 never executed
branch  1 never executed
        -:  445:    {
    #####:  446:      if (state->deck[player][i] == curse) { score = score - 1; };
branch  0 never executed
branch  1 never executed
    #####:  447:      if (state->deck[player][i] == estate) { score = score + 1; };
branch  0 never executed
branch  1 never executed
    #####:  448:      if (state->deck[player][i] == duchy) { score = score + 3; };
branch  0 never executed
branch  1 never executed
    #####:  449:      if (state->deck[player][i] == province) { score = score + 6; };
branch  0 never executed
branch  1 never executed
    #####:  450:      if (state->deck[player][i] == great_hall) { score = score + 1; };
branch  0 never executed
branch  1 never executed
    #####:  451:      if (state->deck[player][i] == gardens) { score = score + ( fullDeckCount(player, 0, state) / 10 ); };
branch  0 never executed
branch  1 never executed
    #####:  452:    }
        -:  453:
    #####:  454:  return score;
        -:  455:}
        -:  456:
function getWinners called 0 returned 0% blocks executed 0%
        -:  457:int getWinners(int players[MAX_PLAYERS], struct gameState *state) {
        -:  458:  int i;
        -:  459:  int j;
        -:  460:  int highScore;
        -:  461:  int currentPlayer;
        -:  462:
        -:  463:  //get score for each player
    #####:  464:  for (i = 0; i < MAX_PLAYERS; i++)
branch  0 never executed
branch  1 never executed
        -:  465:    {
        -:  466:      //set unused player scores to -9999
    #####:  467:      if (i >= state->numPlayers)
branch  0 never executed
branch  1 never executed
        -:  468:	{
    #####:  469:	  players[i] = -9999;
    #####:  470:	}
        -:  471:      else
        -:  472:	{
    #####:  473:	  players[i] = scoreFor (i, state);
        -:  474:	}
    #####:  475:    }
        -:  476:
        -:  477:  //find highest score
    #####:  478:  j = 0;
    #####:  479:  for (i = 0; i < MAX_PLAYERS; i++)
branch  0 never executed
branch  1 never executed
        -:  480:    {
    #####:  481:      if (players[i] > players[j])
branch  0 never executed
branch  1 never executed
        -:  482:	{
    #####:  483:	  j = i;
    #####:  484:	}
    #####:  485:    }
    #####:  486:  highScore = players[j];
        -:  487:
        -:  488:  //add 1 to players who had less turns
    #####:  489:  currentPlayer = whoseTurn(state);
    #####:  490:  for (i = 0; i < MAX_PLAYERS; i++)
branch  0 never executed
branch  1 never executed
        -:  491:    {
    #####:  492:      if ( players[i] == highScore && i > currentPlayer )
branch  0 never executed
branch  1 never executed
branch  2 never executed
branch  3 never executed
        -:  493:	{
    #####:  494:	  players[i]++;
    #####:  495:	}
    #####:  496:    }
        -:  497:
        -:  498:  //find new highest score
    #####:  499:  j = 0;
    #####:  500:  for (i = 0; i < MAX_PLAYERS; i++)
branch  0 never executed
branch  1 never executed
        -:  501:    {
    #####:  502:      if ( players[i] > players[j] )
branch  0 never executed
branch  1 never executed
        -:  503:	{
    #####:  504:	  j = i;
    #####:  505:	}
    #####:  506:    }
    #####:  507:  highScore = players[j];
        -:  508:
        -:  509:  //set winners in array to 1 and rest to 0
    #####:  510:  for (i = 0; i < MAX_PLAYERS; i++)
branch  0 never executed
branch  1 never executed
        -:  511:    {
    #####:  512:      if ( players[i] == highScore )
branch  0 never executed
branch  1 never executed
        -:  513:	{
    #####:  514:	  players[i] = 1;
    #####:  515:	}
        -:  516:      else
        -:  517:	{
    #####:  518:	  players[i] = 0;
        -:  519:	}
    #####:  520:    }
        -:  521:
    #####:  522:  return 0;
        -:  523:}
        -:  524:
function drawCard called 25390 returned 100% blocks executed 100%
        -:  525:int drawCard(int player, struct gameState *state)
        -:  526:{	int count;
        -:  527:  int deckCounter;
    25390:  528:  if (state->deckCount[player] <= 0){//Deck is empty
branch  0 taken 18%
branch  1 taken 82%
        -:  529:
        -:  530:    //Step 1 Shuffle the discard pile back into a deck
        -:  531:    int i;
        -:  532:    //Move discard to deck
    12868:  533:    for (i = 0; i < state->discardCount[player];i++){
branch  0 taken 27%
branch  1 taken 73%
     1765:  534:      state->deck[player][i] = state->discard[player][i];
     1765:  535:      state->discard[player][i] = -1;
     1765:  536:    }
        -:  537:
     4669:  538:    state->deckCount[player] = state->discardCount[player];
     4669:  539:    state->discardCount[player] = 0;//Reset discard
        -:  540:
        -:  541:    //Shufffle the deck
     4669:  542:    shuffle(player, state);//Shuffle the deck up and make it so that we can draw
        -:  543:
        -:  544:    if (DEBUG){//Debug statements
        -:  545:      printf("Deck count now: %d\n", state->deckCount[player]);
        -:  546:    }
        -:  547:
     4669:  548:    state->discardCount[player] = 0;
        -:  549:
        -:  550:    //Step 2 Draw Card
     4669:  551:    count = state->handCount[player];//Get current player's hand count
        -:  552:
        -:  553:    if (DEBUG){//Debug statements
        -:  554:      printf("Current hand count: %d\n", count);
        -:  555:    }
        -:  556:
     4669:  557:    deckCounter = state->deckCount[player];//Create a holder for the deck count
        -:  558:
     4669:  559:    if (deckCounter == 0)
branch  0 taken 71%
branch  1 taken 29%
     3293:  560:      return -1;
        -:  561:
     1376:  562:    state->hand[player][count] = state->deck[player][deckCounter - 1];//Add card to hand
     1376:  563:    state->deckCount[player]--;
     1376:  564:    state->handCount[player]++;//Increment hand count
     1376:  565:  }
        -:  566:
        -:  567:  else{
    20721:  568:    int count = state->handCount[player];//Get current hand count for player
        -:  569:    int deckCounter;
        -:  570:    if (DEBUG){//Debug statements
        -:  571:      printf("Current hand count: %d\n", count);
        -:  572:    }
        -:  573:
    20721:  574:    deckCounter = state->deckCount[player];//Create holder for the deck count
    20721:  575:    state->hand[player][count] = state->deck[player][deckCounter - 1];//Add card to the hand
    20721:  576:    state->deckCount[player]--;
    20721:  577:    state->handCount[player]++;//Increment hand count
        -:  578:  }
        -:  579:
    22097:  580:  return 0;
    25390:  581:}
        -:  582:
function getCost called 2 returned 100% blocks executed 16%
        -:  583:int getCost(int cardNumber)
        -:  584:{
        2:  585:  switch( cardNumber )
branch  0 taken 0%
branch  1 taken 0%
branch  2 taken 0%
branch  3 taken 0%
branch  4 taken 0%
branch  5 taken 0%
branch  6 taken 0%
branch  7 taken 50%
branch  8 taken 0%
branch  9 taken 0%
branch 10 taken 0%
branch 11 taken 0%
branch 12 taken 0%
branch 13 taken 0%
branch 14 taken 50%
branch 15 taken 0%
branch 16 taken 0%
branch 17 taken 0%
branch 18 taken 0%
branch 19 taken 0%
branch 20 taken 0%
branch 21 taken 0%
branch 22 taken 0%
branch 23 taken 0%
branch 24 taken 0%
branch 25 taken 0%
branch 26 taken 0%
branch 27 taken 0%
        -:  586:    {
        -:  587:    case curse:
    #####:  588:      return 0;
        -:  589:    case estate:
    #####:  590:      return 2;
        -:  591:    case duchy:
    #####:  592:      return 5;
        -:  593:    case province:
    #####:  594:      return 8;
        -:  595:    case copper:
    #####:  596:      return 0;
        -:  597:    case silver:
    #####:  598:      return 3;
        -:  599:    case gold:
    #####:  600:      return 6;
        -:  601:    case adventurer:
        1:  602:      return 6;
        -:  603:    case council_room:
    #####:  604:      return 5;
        -:  605:    case feast:
    #####:  606:      return 4;
        -:  607:    case gardens:
    #####:  608:      return 4;
        -:  609:    case mine:
    #####:  610:      return 5;
        -:  611:    case remodel:
    #####:  612:      return 4;
        -:  613:    case smithy:
    #####:  614:      return 4;
        -:  615:    case village:
        1:  616:      return 3;
        -:  617:    case baron:
    #####:  618:      return 4;
        -:  619:    case great_hall:
    #####:  620:      return 3;
        -:  621:    case minion:
    #####:  622:      return 5;
        -:  623:    case steward:
    #####:  624:      return 3;
        -:  625:    case tribute:
    #####:  626:      return 5;
        -:  627:    case ambassador:
    #####:  628:      return 3;
        -:  629:    case cutpurse:
    #####:  630:      return 4;
        -:  631:    case embargo:
    #####:  632:      return 2;
        -:  633:    case outpost:
    #####:  634:      return 5;
        -:  635:    case salvager:
    #####:  636:      return 4;
        -:  637:    case sea_hag:
    #####:  638:      return 4;
        -:  639:    case treasure_map:
    #####:  640:      return 4;
        -:  641:    }
        -:  642:
    #####:  643:  return -1;
        2:  644:}
        -:  645:/*CARD FUNCTIONS*/
        -:  646:
        -:  647://Adventurer
function playAdventurer called 1001 returned 100% blocks executed 100%
        -:  648:int playAdventurer(int drawntreasure, struct gameState *state, int currentPlayer, int *temphand, int cardDrawn, int z)
        -:  649:{
        -:  650://  int drawntreasure = 0;
        -:  651://  int cardDrawn;
        -:  652://  int temphand[MAX_HAND];
        -:  653://  int z = 0;// this is the counter for the temp hand
     8212:  654:  while(drawntreasure<2)
branch  0 taken 76%
branch  1 taken 24%
        -:  655:  {
     3105:  656:	if (state->deckCount[currentPlayer] <1){//if the deck is empty we need to shuffle discard and add to deck
branch  0 taken 32%
branch  1 taken 68%
     1001:  657:	  shuffle(currentPlayer, state);
     1001:  658:	}
     3105:  659:	drawCard(currentPlayer, state);
     3105:  660:	cardDrawn = state->hand[currentPlayer][state->handCount[currentPlayer]-1];//top card of hand is most recently drawn card.
     4208:  661:	if (cardDrawn == copper || cardDrawn == gold)
branch  0 taken 36%
branch  1 taken 64%
branch  2 taken 0%
branch  3 taken 100%
     2002:  662:	  drawntreasure++;
        -:  663:	else{
     1103:  664:	  temphand[z]=cardDrawn;
     1103:  665:	  state->handCount[currentPlayer]--; //this should just remove the top card (the most recently drawn one).
     1103:  666:	  z++;
        -:  667:	}
        -:  668:      }
     4208:  669:      while(z-1>=0){
branch  0 taken 52%
branch  1 taken 48%
     1103:  670:	state->discard[currentPlayer][state->discardCount[currentPlayer]++]=temphand[z-1]; // discard all cards in play that have been drawn
     1103:  671:	z=z-1;
        -:  672:      }
     1001:  673:      return 0;
        -:  674:}
        -:  675:
        -:  676://Smithy
function playSmithy called 2001 returned 100% blocks executed 100%
        -:  677:int playSmithy(struct gameState *state, int currentPlayer, int handPos)
        -:  678:{
        -:  679:    //+3 Cards
     2001:  680:   int i=0;
    16008:  681:    for(i; i < 3; i++)
branch  0 taken 75%
branch  1 taken 25%
        -:  682:    {
     6003:  683:        drawCard(currentPlayer, state);
     6003:  684:    }
        -:  685:
        -:  686:    //discard card from hand
     2001:  687:    discardCard(handPos, currentPlayer, state, 1);
     2001:  688:    return 0;
        -:  689:}
        -:  690:
        -:  691://Village
        -:  692:
function playVillage called 4002 returned 100% blocks executed 100%
        -:  693:int playVillage(struct gameState *state, int currentPlayer, int handPos)
        -:  694:{
        -:  695:    //+1 Card
     4002:  696:    drawCard(currentPlayer, state);
        -:  697:
        -:  698:    //+2 Actions
     4002:  699:    state->numActions = state->numActions + 1;
        -:  700:
        -:  701:    //discard played card from hand
     4002:  702:    discardCard(handPos, currentPlayer, state, 0);
     4002:  703:    return 0;
        -:  704:}
        -:  705:
        -:  706://Council Room
        -:  707:
function playCouncilRoom called 0 returned 0% blocks executed 0%
        -:  708:int playCouncilRoom(struct gameState *state, int currentPlayer, int handPos)
        -:  709:{
        -:  710:    //+4 Cards
    #####:  711:    int i = 0;
    #####:  712:    for (i; i < 4; i++)
branch  0 never executed
branch  1 never executed
        -:  713:    {
    #####:  714:        drawCard(currentPlayer, state);
    #####:  715:    }
        -:  716:
        -:  717:    //+1 Buy
    #####:  718:    state->numBuys++;
        -:  719:
        -:  720:    //Each other player draws a card
    #####:  721:    for (i = 0; i < state->numPlayers; i++)
branch  0 never executed
branch  1 never executed
        -:  722:    {
    #####:  723:        if ( i = currentPlayer )
branch  0 never executed
branch  1 never executed
        -:  724:        {
    #####:  725:            drawCard(i, state);
    #####:  726:        }
    #####:  727:    }
        -:  728:
        -:  729:    //put played card in played card pile
    #####:  730:    discardCard(handPos, currentPlayer, state, 0);
        -:  731:
    #####:  732:    return 0;
        -:  733:}
        -:  734:
        -:  735://Treasure Map
        -:  736:
function playTreasureMap called 0 returned 0% blocks executed 0%
        -:  737:int playTreasureMap(struct gameState *state, int currentPlayer, int handPos, int index)
        -:  738:{
        -:  739://search hand for another treasure_map
    #####:  740:      index = 0;
        -:  741:	  int i;
    #####:  742:      for (i=0 ; i < state->handCount[currentPlayer]; i++)
branch  0 never executed
branch  1 never executed
        -:  743:	{
    #####:  744:	  if (state->hand[currentPlayer][i] == treasure_map && i != handPos)
branch  0 never executed
branch  1 never executed
branch  2 never executed
branch  3 never executed
        -:  745:	    {
    #####:  746:	      index = i;
    #####:  747:	      break;
        -:  748:	    }
    #####:  749:	}
    #####:  750:      if (index > -1)
branch  0 never executed
branch  1 never executed
        -:  751:	{
        -:  752:	  //trash both treasure cards
    #####:  753:	  discardCard(handPos, currentPlayer, state, 1);
    #####:  754:	  discardCard(index, currentPlayer, state, 1);
        -:  755:
        -:  756:	  //gain 4 Gold cards
    #####:  757:	  for (i = 0; i < 4; i++)
branch  0 never executed
branch  1 never executed
        -:  758:	    {
    #####:  759:	      gainCard(gold, state, 1, currentPlayer);
    #####:  760:	    }
        -:  761:
        -:  762:	  //return success
    #####:  763:	  return 1;
        -:  764:	}
        -:  765:
        -:  766:      //no second treasure_map found in hand
    #####:  767:      return -1;
    #####:  768:}
        -:  769:
        -:  770:
        -:  771:
function cardEffect called 5004 returned 100% blocks executed 14%
        -:  772:int cardEffect(int card, int choice1, int choice2, int choice3, struct gameState *state, int handPos, int *bonus)
        -:  773:{
        -:  774:  int i;
        -:  775:  int j;
        -:  776:  int k;
        -:  777:  int x;
        -:  778:  int index;
     5004:  779:  int currentPlayer = whoseTurn(state);
     5004:  780:  int nextPlayer = currentPlayer + 1;
        -:  781:
     5004:  782:  int tributeRevealedCards[2] = {-1, -1};
        -:  783:  int temphand[MAX_HAND];// moved above the if statement
     5004:  784:  int drawntreasure=0;
        -:  785:  int cardDrawn;
     5004:  786:  int z = 0;// this is the counter for the temp hand
     5004:  787:  if (nextPlayer > (state->numPlayers - 1)){
branch  0 taken 0%
branch  1 taken 100%
    #####:  788:    nextPlayer = 0;
    #####:  789:  }
        -:  790:
        -:  791:
        -:  792:  //uses switch to select card and perform actions
    11007:  793:  switch( card )
branch  0 taken 9%
branch  1 taken 0%
branch  2 taken 0%
branch  3 taken 0%
branch  4 taken 0%
branch  5 taken 0%
branch  6 taken 18%
branch  7 taken 36%
branch  8 taken 36%
branch  9 taken 0%
branch 10 taken 0%
branch 11 taken 0%
branch 12 taken 0%
branch 13 taken 0%
branch 14 taken 0%
branch 15 taken 0%
branch 16 taken 0%
branch 17 taken 0%
branch 18 taken 0%
branch 19 taken 0%
branch 20 taken 0%
        -:  794:    {
        -:  795:    case adventurer:
     1001:  796:    playAdventurer(drawntreasure, state, currentPlayer, temphand, cardDrawn, z);
     1001:  797:	  return 0;
        -:  798:
        -:  799:    case council_room:
    #####:  800:     playCouncilRoom(state, currentPlayer, handPos);
    #####:  801:	 return 0;
        -:  802:
        -:  803:    case feast:
        -:  804:      //gain card with cost up to 5
        -:  805:      //Backup hand
    #####:  806:      for (i = 0; i <= state->handCount[currentPlayer]; i++){
branch  0 never executed
branch  1 never executed
    #####:  807:	temphand[i] = state->hand[currentPlayer][i];//Backup card
    #####:  808:	state->hand[currentPlayer][i] = -1;//Set to nothing
    #####:  809:      }
        -:  810:      //Backup hand
        -:  811:
        -:  812:      //Update Coins for Buy
    #####:  813:      updateCoins(currentPlayer, state, 5);
    #####:  814:      x = 1;//Condition to loop on
    #####:  815:      while( x == 1) {//Buy one card
branch  0 never executed
branch  1 never executed
    #####:  816:	if (supplyCount(choice1, state) <= 0){
branch  0 never executed
branch  1 never executed
        -:  817:	  if (DEBUG)
        -:  818:	    printf("None of that card left, sorry!\n");
        -:  819:
        -:  820:	  if (DEBUG){
        -:  821:	    printf("Cards Left: %d\n", supplyCount(choice1, state));
        -:  822:	  }
    #####:  823:	}
    #####:  824:	else if (state->coins < getCost(choice1)){
branch  0 never executed
branch  1 never executed
    #####:  825:	  printf("That card is too expensive!\n");
        -:  826:
        -:  827:	  if (DEBUG){
        -:  828:	    printf("Coins: %d < %d\n", state->coins, getCost(choice1));
        -:  829:	  }
    #####:  830:	}
        -:  831:	else{
        -:  832:
        -:  833:	  if (DEBUG){
        -:  834:	    printf("Deck Count: %d\n", state->handCount[currentPlayer] + state->deckCount[currentPlayer] + state->discardCount[currentPlayer]);
        -:  835:	  }
        -:  836:
    #####:  837:	  gainCard(choice1, state, 0, currentPlayer);//Gain the card
    #####:  838:	  x = 0;//No more buying cards
        -:  839:
        -:  840:	  if (DEBUG){
        -:  841:	    printf("Deck Count: %d\n", state->handCount[currentPlayer] + state->deckCount[currentPlayer] + state->discardCount[currentPlayer]);
        -:  842:	  }
        -:  843:
        -:  844:	}
        -:  845:      }
        -:  846:
        -:  847:      //Reset Hand
    #####:  848:      for (i = 0; i <= state->handCount[currentPlayer]; i++){
branch  0 never executed
branch  1 never executed
    #####:  849:	state->hand[currentPlayer][i] = temphand[i];
    #####:  850:	temphand[i] = -1;
    #####:  851:      }
        -:  852:      //Reset Hand
        -:  853:
    #####:  854:      return 0;
        -:  855:
        -:  856:    case gardens:
    #####:  857:      return -1;
        -:  858:
        -:  859:    case mine:
    #####:  860:      j = state->hand[currentPlayer][choice1];  //store card we will trash
        -:  861:
    #####:  862:      if (state->hand[currentPlayer][choice1] < copper || state->hand[currentPlayer][choice1] > gold)
branch  0 never executed
branch  1 never executed
branch  2 never executed
branch  3 never executed
        -:  863:	{
    #####:  864:	  return -1;
        -:  865:	}
        -:  866:
    #####:  867:      if (choice2 > treasure_map || choice2 < curse)
branch  0 never executed
branch  1 never executed
branch  2 never executed
branch  3 never executed
        -:  868:	{
    #####:  869:	  return -1;
        -:  870:	}
        -:  871:
    #####:  872:      if ( (getCost(state->hand[currentPlayer][choice1]) + 3) > getCost(choice2) )
branch  0 never executed
branch  1 never executed
        -:  873:	{
    #####:  874:	  return -1;
        -:  875:	}
        -:  876:
    #####:  877:      gainCard(choice2, state, 2, currentPlayer);
        -:  878:
        -:  879:      //discard card from hand
    #####:  880:      discardCard(handPos, currentPlayer, state, 0);
        -:  881:
        -:  882:      //discard trashed card
    #####:  883:      for (i = 0; i < state->handCount[currentPlayer]; i++)
branch  0 never executed
branch  1 never executed
        -:  884:	{
    #####:  885:	  if (state->hand[currentPlayer][i] == j)
branch  0 never executed
branch  1 never executed
        -:  886:	    {
    #####:  887:	      discardCard(i, currentPlayer, state, 0);
    #####:  888:	      break;
        -:  889:	    }
    #####:  890:	}
        -:  891:
    #####:  892:      return 0;
        -:  893:
        -:  894:    case remodel:
    #####:  895:      j = state->hand[currentPlayer][choice1];  //store card we will trash
        -:  896:
    #####:  897:      if ( (getCost(state->hand[currentPlayer][choice1]) + 2) > getCost(choice2) )
branch  0 never executed
branch  1 never executed
        -:  898:	{
    #####:  899:	  return -1;
        -:  900:	}
        -:  901:
    #####:  902:      gainCard(choice2, state, 0, currentPlayer);
        -:  903:
        -:  904:      //discard card from hand
    #####:  905:      discardCard(handPos, currentPlayer, state, 0);
        -:  906:
        -:  907:      //discard trashed card
    #####:  908:      for (i = 0; i < state->handCount[currentPlayer]; i++)
branch  0 never executed
branch  1 never executed
        -:  909:	{
    #####:  910:	  if (state->hand[currentPlayer][i] == j)
branch  0 never executed
branch  1 never executed
        -:  911:	    {
    #####:  912:	      discardCard(i, currentPlayer, state, 0);
    #####:  913:	      break;
        -:  914:	    }
    #####:  915:	}
        -:  916:
        -:  917:
    #####:  918:      return 0;
        -:  919:
        -:  920:    case smithy:
     2001:  921:      playSmithy(state, currentPlayer, handPos);
        -:  922:
        -:  923:    case village:
     4002:  924:      playVillage(state, currentPlayer, handPos);
        -:  925:
        -:  926:    case baron:
     4003:  927:      state->numBuys++;//Increase buys by 1!
     4003:  928:      if (choice1 > 0){//Boolean true or going to discard an estate
branch  0 taken 99%
branch  1 taken 1%
     4000:  929:	int p = 0;//Iterator for hand!
     4000:  930:	int card_not_discarded = 1;//Flag for discard set!
    34432:  931:	while(card_not_discarded){
branch  0 taken 77%
branch  1 taken 23%
    13216:  932:	  if (state->hand[currentPlayer][p] == estate){//Found an estate card!
branch  0 taken 21%
branch  1 taken 79%
     2822:  933:	    state->coins += 4;//Add 4 coins to the amount of coins
     2822:  934:	    state->discard[currentPlayer][state->discardCount[currentPlayer]] = state->hand[currentPlayer][p];
     2822:  935:	    state->discardCount[currentPlayer]++;
    29452:  936:	    for (;p < state->handCount[currentPlayer]; p++){
branch  0 taken 81%
branch  1 taken 19%
    11904:  937:	      state->hand[currentPlayer][p] = state->hand[currentPlayer][p+1];
    11904:  938:	    }
     2822:  939:	    state->hand[currentPlayer][state->handCount[currentPlayer]] = -1;
     2822:  940:	    state->handCount[currentPlayer]--;
     2822:  941:	    card_not_discarded = 0;//Exit the loop
     2822:  942:	  }
    10394:  943:	  else if (p > state->handCount[currentPlayer]){
branch  0 taken 11%
branch  1 taken 89%
        -:  944:	    if(DEBUG) {
        -:  945:	      printf("No estate cards in your hand, invalid choice\n");
        -:  946:	      printf("Must gain an estate if there are any\n");
        -:  947:	    }
     1178:  948:	    if (supplyCount(estate, state) > 0){
branch  0 taken 99%
branch  1 taken 1%
     1161:  949:	      gainCard(estate, state, 0, currentPlayer);
     1161:  950:	      state->supplyCount[estate]--;//Decrement estates
     1161:  951:	      if (supplyCount(estate, state) == 0){
branch  0 taken 2%
branch  1 taken 98%
       23:  952:		isGameOver(state);
       23:  953:	      }
     1161:  954:	    }
     1178:  955:	    card_not_discarded = 0;//Exit the loop
     1178:  956:	  }
        -:  957:
        -:  958:	  else{
     9216:  959:	    p++;//Next card
        -:  960:	  }
        -:  961:	}
     4000:  962:      }
        -:  963:
        -:  964:      else{
        3:  965:	if (supplyCount(estate, state) > 0){
branch  0 taken 100%
branch  1 taken 0%
        3:  966:	  gainCard(estate, state, 0, currentPlayer);//Gain an estate
        3:  967:	  state->supplyCount[estate]--;//Decrement Estates
        3:  968:	  if (supplyCount(estate, state) == 0){
branch  0 taken 0%
branch  1 taken 100%
    #####:  969:	    isGameOver(state);
    #####:  970:	  }
        3:  971:	}
        -:  972:      }
        -:  973:
        -:  974:
     4003:  975:      return 0;
        -:  976:
        -:  977:    case great_hall:
        -:  978:      //+1 Card
    #####:  979:      drawCard(currentPlayer, state);
        -:  980:
        -:  981:      //+1 Actions
    #####:  982:      state->numActions++;
        -:  983:
        -:  984:      //discard card from hand
    #####:  985:      discardCard(handPos, currentPlayer, state, 0);
    #####:  986:      return 0;
        -:  987:
        -:  988:    case minion:
        -:  989:      //+1 action
    #####:  990:      state->numActions++;
        -:  991:
        -:  992:      //discard card from hand
    #####:  993:      discardCard(handPos, currentPlayer, state, 0);
        -:  994:
    #####:  995:      if (choice1)		//+2 coins
branch  0 never executed
branch  1 never executed
        -:  996:	{
    #####:  997:	  state->coins = state->coins + 2;
    #####:  998:	}
        -:  999:
    #####: 1000:      else if (choice2)		//discard hand, redraw 4, other players with 5+ cards discard hand and draw 4
branch  0 never executed
branch  1 never executed
        -: 1001:	{
        -: 1002:	  //discard hand
    #####: 1003:	  while(numHandCards(state) > 0)
branch  0 never executed
branch  1 never executed
        -: 1004:	    {
    #####: 1005:	      discardCard(handPos, currentPlayer, state, 0);
        -: 1006:	    }
        -: 1007:
        -: 1008:	  //draw 4
    #####: 1009:	  for (i = 0; i < 4; i++)
branch  0 never executed
branch  1 never executed
        -: 1010:	    {
    #####: 1011:	      drawCard(currentPlayer, state);
    #####: 1012:	    }
        -: 1013:
        -: 1014:	  //other players discard hand and redraw if hand size > 4
    #####: 1015:	  for (i = 0; i < state->numPlayers; i++)
branch  0 never executed
branch  1 never executed
        -: 1016:	    {
    #####: 1017:	      if (i != currentPlayer)
branch  0 never executed
branch  1 never executed
        -: 1018:		{
    #####: 1019:		  if ( state->handCount[i] > 4 )
branch  0 never executed
branch  1 never executed
        -: 1020:		    {
        -: 1021:		      //discard hand
    #####: 1022:		      while( state->handCount[i] > 0 )
branch  0 never executed
branch  1 never executed
        -: 1023:			{
    #####: 1024:			  discardCard(handPos, i, state, 0);
        -: 1025:			}
        -: 1026:
        -: 1027:		      //draw 4
    #####: 1028:		      for (j = 0; j < 4; j++)
branch  0 never executed
branch  1 never executed
        -: 1029:			{
    #####: 1030:			  drawCard(i, state);
    #####: 1031:			}
    #####: 1032:		    }
    #####: 1033:		}
    #####: 1034:	    }
        -: 1035:
    #####: 1036:	}
    #####: 1037:      return 0;
        -: 1038:
        -: 1039:    case steward:
    #####: 1040:      if (choice1 == 1)
branch  0 never executed
branch  1 never executed
        -: 1041:	{
        -: 1042:	  //+2 cards
    #####: 1043:	  drawCard(currentPlayer, state);
    #####: 1044:	  drawCard(currentPlayer, state);
    #####: 1045:	}
    #####: 1046:      else if (choice1 == 2)
branch  0 never executed
branch  1 never executed
        -: 1047:	{
        -: 1048:	  //+2 coins
    #####: 1049:	  state->coins = state->coins + 2;
    #####: 1050:	}
        -: 1051:      else
        -: 1052:	{
        -: 1053:	  //trash 2 cards in hand
    #####: 1054:	  discardCard(choice2, currentPlayer, state, 1);
    #####: 1055:	  discardCard(choice3, currentPlayer, state, 1);
        -: 1056:	}
        -: 1057:
        -: 1058:      //discard card from hand
    #####: 1059:      discardCard(handPos, currentPlayer, state, 0);
    #####: 1060:      return 0;
        -: 1061:
        -: 1062:    case tribute:
    #####: 1063:      if ((state->discardCount[nextPlayer] + state->deckCount[nextPlayer]) <= 1){
branch  0 never executed
branch  1 never executed
    #####: 1064:	if (state->deckCount[nextPlayer] > 0){
branch  0 never executed
branch  1 never executed
    #####: 1065:	  tributeRevealedCards[0] = state->deck[nextPlayer][state->deckCount[nextPlayer]-1];
    #####: 1066:	  state->deckCount[nextPlayer]--;
    #####: 1067:	}
    #####: 1068:	else if (state->discardCount[nextPlayer] > 0){
branch  0 never executed
branch  1 never executed
    #####: 1069:	  tributeRevealedCards[0] = state->discard[nextPlayer][state->discardCount[nextPlayer]-1];
    #####: 1070:	  state->discardCount[nextPlayer]--;
    #####: 1071:	}
        -: 1072:	else{
        -: 1073:	  //No Card to Reveal
        -: 1074:	  if (DEBUG){
        -: 1075:	    printf("No cards to reveal\n");
        -: 1076:	  }
        -: 1077:	}
    #####: 1078:      }
        -: 1079:
        -: 1080:      else{
    #####: 1081:	if (state->deckCount[nextPlayer] == 0){
branch  0 never executed
branch  1 never executed
    #####: 1082:	  for (i = 0; i < state->discardCount[nextPlayer]; i++){
branch  0 never executed
branch  1 never executed
    #####: 1083:	    state->deck[nextPlayer][i] = state->discard[nextPlayer][i];//Move to deck
    #####: 1084:	    state->deckCount[nextPlayer]++;
    #####: 1085:	    state->discard[nextPlayer][i] = -1;
    #####: 1086:	    state->discardCount[nextPlayer]--;
    #####: 1087:	  }
        -: 1088:
    #####: 1089:	  shuffle(nextPlayer,state);//Shuffle the deck
    #####: 1090:	}
    #####: 1091:	tributeRevealedCards[0] = state->deck[nextPlayer][state->deckCount[nextPlayer]-1];
    #####: 1092:	state->deck[nextPlayer][state->deckCount[nextPlayer]--] = -1;
    #####: 1093:	state->deckCount[nextPlayer]--;
    #####: 1094:	tributeRevealedCards[1] = state->deck[nextPlayer][state->deckCount[nextPlayer]-1];
    #####: 1095:	state->deck[nextPlayer][state->deckCount[nextPlayer]--] = -1;
    #####: 1096:	state->deckCount[nextPlayer]--;
        -: 1097:      }
        -: 1098:
    #####: 1099:      if (tributeRevealedCards[0] == tributeRevealedCards[1]){//If we have a duplicate card, just drop one
branch  0 never executed
branch  1 never executed
    #####: 1100:	state->playedCards[state->playedCardCount] = tributeRevealedCards[1];
    #####: 1101:	state->playedCardCount++;
    #####: 1102:	tributeRevealedCards[1] = -1;
    #####: 1103:      }
        -: 1104:
    #####: 1105:      for (i = 0; i <= 2; i ++){
branch  0 never executed
branch  1 never executed
    #####: 1106:	if (tributeRevealedCards[i] == copper || tributeRevealedCards[i] == silver || tributeRevealedCards[i] == gold){//Treasure cards
branch  0 never executed
branch  1 never executed
branch  2 never executed
branch  3 never executed
branch  4 never executed
branch  5 never executed
    #####: 1107:	  state->coins += 2;
    #####: 1108:	}
        -: 1109:
    #####: 1110:	else if (tributeRevealedCards[i] == estate || tributeRevealedCards[i] == duchy || tributeRevealedCards[i] == province || tributeRevealedCards[i] == gardens || tributeRevealedCards[i] == great_hall){//Victory Card Found
branch  0 never executed
branch  1 never executed
branch  2 never executed
branch  3 never executed
branch  4 never executed
branch  5 never executed
branch  6 never executed
branch  7 never executed
branch  8 never executed
branch  9 never executed
    #####: 1111:	  drawCard(currentPlayer, state);
    #####: 1112:	  drawCard(currentPlayer, state);
    #####: 1113:	}
        -: 1114:	else{//Action Card
    #####: 1115:	  state->numActions = state->numActions + 2;
        -: 1116:	}
    #####: 1117:      }
        -: 1118:
    #####: 1119:      return 0;
        -: 1120:
        -: 1121:    case ambassador:
    #####: 1122:      j = 0;		//used to check if player has enough cards to discard
        -: 1123:
    #####: 1124:      if (choice2 > 2 || choice2 < 0)
branch  0 never executed
branch  1 never executed
branch  2 never executed
branch  3 never executed
        -: 1125:	{
    #####: 1126:	  return -1;
        -: 1127:	}
        -: 1128:
    #####: 1129:      if (choice1 == handPos)
branch  0 never executed
branch  1 never executed
        -: 1130:	{
    #####: 1131:	  return -1;
        -: 1132:	}
        -: 1133:
    #####: 1134:      for (i = 0; i < state->handCount[currentPlayer]; i++)
branch  0 never executed
branch  1 never executed
        -: 1135:	{
    #####: 1136:	  if (i != handPos && i == state->hand[currentPlayer][choice1] && i != choice1)
branch  0 never executed
branch  1 never executed
branch  2 never executed
branch  3 never executed
branch  4 never executed
branch  5 never executed
        -: 1137:	    {
    #####: 1138:	      j++;
    #####: 1139:	    }
    #####: 1140:	}
    #####: 1141:      if (j < choice2)
branch  0 never executed
branch  1 never executed
        -: 1142:	{
    #####: 1143:	  return -1;
        -: 1144:	}
        -: 1145:
        -: 1146:      if (DEBUG)
        -: 1147:	printf("Player %d reveals card number: %d\n", currentPlayer, state->hand[currentPlayer][choice1]);
        -: 1148:
        -: 1149:      //increase supply count for choosen card by amount being discarded
    #####: 1150:      state->supplyCount[state->hand[currentPlayer][choice1]] += choice2;
        -: 1151:
        -: 1152:      //each other player gains a copy of revealed card
    #####: 1153:      for (i = 0; i < state->numPlayers; i++)
branch  0 never executed
branch  1 never executed
        -: 1154:	{
    #####: 1155:	  if (i != currentPlayer)
branch  0 never executed
branch  1 never executed
        -: 1156:	    {
    #####: 1157:	      gainCard(state->hand[currentPlayer][choice1], state, 0, i);
    #####: 1158:	    }
    #####: 1159:	}
        -: 1160:
        -: 1161:      //discard played card from hand
    #####: 1162:      discardCard(handPos, currentPlayer, state, 0);
        -: 1163:
        -: 1164:      //trash copies of cards returned to supply
    #####: 1165:      for (j = 0; j < choice2; j++)
branch  0 never executed
branch  1 never executed
        -: 1166:	{
    #####: 1167:	  for (i = 0; i < state->handCount[currentPlayer]; i++)
branch  0 never executed
branch  1 never executed
        -: 1168:	    {
    #####: 1169:	      if (state->hand[currentPlayer][i] == state->hand[currentPlayer][choice1])
branch  0 never executed
branch  1 never executed
        -: 1170:		{
    #####: 1171:		  discardCard(i, currentPlayer, state, 1);
    #####: 1172:		  break;
        -: 1173:		}
    #####: 1174:	    }
    #####: 1175:	}
        -: 1176:
    #####: 1177:      return 0;
        -: 1178:
        -: 1179:    case cutpurse:
        -: 1180:
    #####: 1181:      updateCoins(currentPlayer, state, 2);
    #####: 1182:      for (i = 0; i < state->numPlayers; i++)
branch  0 never executed
branch  1 never executed
        -: 1183:	{
    #####: 1184:	  if (i != currentPlayer)
branch  0 never executed
branch  1 never executed
        -: 1185:	    {
    #####: 1186:	      for (j = 0; j < state->handCount[i]; j++)
branch  0 never executed
branch  1 never executed
        -: 1187:		{
    #####: 1188:		  if (state->hand[i][j] == copper)
branch  0 never executed
branch  1 never executed
        -: 1189:		    {
    #####: 1190:		      discardCard(j, i, state, 0);
    #####: 1191:		      break;
        -: 1192:		    }
    #####: 1193:		  if (j == state->handCount[i])
branch  0 never executed
branch  1 never executed
        -: 1194:		    {
    #####: 1195:		      for (k = 0; k < state->handCount[i]; k++)
branch  0 never executed
branch  1 never executed
        -: 1196:			{
        -: 1197:			  if (DEBUG)
        -: 1198:			    printf("Player %d reveals card number %d\n", i, state->hand[i][k]);
    #####: 1199:			}
    #####: 1200:		      break;
        -: 1201:		    }
    #####: 1202:		}
        -: 1203:
    #####: 1204:	    }
        -: 1205:
    #####: 1206:	}
        -: 1207:
        -: 1208:      //discard played card from hand
    #####: 1209:      discardCard(handPos, currentPlayer, state, 0);
        -: 1210:
    #####: 1211:      return 0;
        -: 1212:
        -: 1213:
        -: 1214:    case embargo:
        -: 1215:      //+2 Coins
    #####: 1216:      state->coins = state->coins + 2;
        -: 1217:
        -: 1218:      //see if selected pile is in play
    #####: 1219:      if ( state->supplyCount[choice1] == -1 )
branch  0 never executed
branch  1 never executed
        -: 1220:	{
    #####: 1221:	  return -1;
        -: 1222:	}
        -: 1223:
        -: 1224:      //add embargo token to selected supply pile
    #####: 1225:      state->embargoTokens[choice1]++;
        -: 1226:
        -: 1227:      //trash card
    #####: 1228:      discardCard(handPos, currentPlayer, state, 1);
    #####: 1229:      return 0;
        -: 1230:
        -: 1231:    case outpost:
        -: 1232:      //set outpost flag
    #####: 1233:      state->outpostPlayed++;
        -: 1234:
        -: 1235:      //discard card
    #####: 1236:      discardCard(handPos, currentPlayer, state, 0);
    #####: 1237:      return 0;
        -: 1238:
        -: 1239:    case salvager:
        -: 1240:      //+1 buy
    #####: 1241:      state->numBuys++;
        -: 1242:
    #####: 1243:      if (choice1)
branch  0 never executed
branch  1 never executed
        -: 1244:	{
        -: 1245:	  //gain coins equal to trashed card
    #####: 1246:	  state->coins = state->coins + getCost( handCard(choice1, state) );
        -: 1247:	  //trash card
    #####: 1248:	  discardCard(choice1, currentPlayer, state, 1);
    #####: 1249:	}
        -: 1250:
        -: 1251:      //discard card
    #####: 1252:      discardCard(handPos, currentPlayer, state, 0);
    #####: 1253:      return 0;
        -: 1254:
        -: 1255:    case sea_hag:
    #####: 1256:      for (i = 0; i < state->numPlayers; i++){
branch  0 never executed
branch  1 never executed
    #####: 1257:	if (i != currentPlayer){
branch  0 never executed
branch  1 never executed
    #####: 1258:	  state->discard[i][state->discardCount[i]] = state->deck[i][state->deckCount[i]--];			    state->deckCount[i]--;
    #####: 1259:	  state->discardCount[i]++;
    #####: 1260:	  state->deck[i][state->deckCount[i]--] = curse;//Top card now a curse
    #####: 1261:	}
    #####: 1262:      }
    #####: 1263:      return 0;
        -: 1264:
        -: 1265:    case treasure_map:
    #####: 1266:      playTreasureMap(state, currentPlayer, handPos, index);
    #####: 1267:	}
    #####: 1268:  return -1;
     5004: 1269:}
        -: 1270:
function discardCard called 6003 returned 100% blocks executed 90%
        -: 1271:int discardCard(int handPos, int currentPlayer, struct gameState *state, int trashFlag)
        -: 1272:{
        -: 1273:
        -: 1274:  //if card is not trashed, added to Played pile
     6003: 1275:  if (trashFlag < 1)
branch  0 taken 67%
branch  1 taken 33%
        -: 1276:    {
        -: 1277:      //add card to played pile
     4002: 1278:      state->playedCards[state->playedCardCount] = state->hand[currentPlayer][handPos];
     4002: 1279:      state->playedCardCount++;
     4002: 1280:    }
        -: 1281:
        -: 1282:  //set played card to -1
     6003: 1283:  state->hand[currentPlayer][handPos] = -1;
        -: 1284:
        -: 1285:  //remove card from player's hand
     6003: 1286:  if ( handPos == (state->handCount[currentPlayer] - 1) ) 	//last card in hand array is played
branch  0 taken 1%
branch  1 taken 99%
        -: 1287:    {
        -: 1288:      //reduce number of cards in hand
       52: 1289:      state->handCount[currentPlayer]--;
       52: 1290:    }
     5951: 1291:  else if ( state->handCount[currentPlayer] == 1 ) //only one card in hand
branch  0 taken 0%
branch  1 taken 100%
        -: 1292:    {
        -: 1293:      //reduce number of cards in hand
    #####: 1294:      state->handCount[currentPlayer]--;
    #####: 1295:    }
        -: 1296:  else
        -: 1297:    {
        -: 1298:      //replace discarded card with last card in hand
     5951: 1299:      state->hand[currentPlayer][handPos] = state->hand[currentPlayer][ (state->handCount[currentPlayer] - 1)];
        -: 1300:      //set last card to -1
     5951: 1301:      state->hand[currentPlayer][state->handCount[currentPlayer] - 1] = -1;
        -: 1302:      //reduce number of cards in hand
     5951: 1303:      state->handCount[currentPlayer]--;
        -: 1304:    }
        -: 1305:
     6003: 1306:  return 0;
        -: 1307:}
        -: 1308:
function gainCard called 1164 returned 100% blocks executed 72%
        -: 1309:int gainCard(int supplyPos, struct gameState *state, int toFlag, int player)
        -: 1310:{
        -: 1311:  //Note: supplyPos is enum of choosen card
        -: 1312:
        -: 1313:  //check if supply pile is empty (0) or card is not used in game (-1)
     1164: 1314:  if ( supplyCount(supplyPos, state) < 1 )
branch  0 taken 0%
branch  1 taken 100%
        -: 1315:    {
    #####: 1316:      return -1;
        -: 1317:    }
        -: 1318:
        -: 1319:  //added card for [whoseTurn] current player:
        -: 1320:  // toFlag = 0 : add to discard
        -: 1321:  // toFlag = 1 : add to deck
        -: 1322:  // toFlag = 2 : add to hand
        -: 1323:
     1164: 1324:  if (toFlag == 1)
branch  0 taken 0%
branch  1 taken 100%
        -: 1325:    {
    #####: 1326:      state->deck[ player ][ state->deckCount[player] ] = supplyPos;
    #####: 1327:      state->deckCount[player]++;
    #####: 1328:    }
     1164: 1329:  else if (toFlag == 2)
branch  0 taken 0%
branch  1 taken 100%
        -: 1330:    {
    #####: 1331:      state->hand[ player ][ state->handCount[player] ] = supplyPos;
    #####: 1332:      state->handCount[player]++;
    #####: 1333:    }
        -: 1334:  else
        -: 1335:    {
     1164: 1336:      state->discard[player][ state->discardCount[player] ] = supplyPos;
     1164: 1337:      state->discardCount[player]++;
        -: 1338:    }
        -: 1339:
        -: 1340:  //decrease number in supply pile
     1164: 1341:  state->supplyCount[supplyPos]--;
        -: 1342:
     1164: 1343:  return 0;
     1164: 1344:}
        -: 1345:
function updateCoins called 2456 returned 100% blocks executed 85%
        -: 1346:int updateCoins(int player, struct gameState *state, int bonus)
        -: 1347:{
        -: 1348:  int i;
        -: 1349:
        -: 1350:  //reset coin count
     2456: 1351:  state->coins = 0;
        -: 1352:
        -: 1353:  //add coins for each Treasure card in player's hand
    29472: 1354:  for (i = 0; i < state->handCount[player]; i++)
branch  0 taken 83%
branch  1 taken 17%
        -: 1355:    {
    12280: 1356:      if (state->hand[player][i] == copper)
branch  0 taken 78%
branch  1 taken 22%
        -: 1357:	{
     9560: 1358:	  state->coins += 1;
     9560: 1359:	}
     2720: 1360:      else if (state->hand[player][i] == silver)
branch  0 taken 0%
branch  1 taken 100%
        -: 1361:	{
    #####: 1362:	  state->coins += 2;
    #####: 1363:	}
     2720: 1364:      else if (state->hand[player][i] == gold)
branch  0 taken 0%
branch  1 taken 100%
        -: 1365:	{
    #####: 1366:	  state->coins += 3;
    #####: 1367:	}
    12280: 1368:    }
        -: 1369:
        -: 1370:  //add bonus
     2456: 1371:  state->coins += bonus;
        -: 1372:
     2456: 1373:  return 0;
        -: 1374:}
        -: 1375:
        -: 1376:
        -: 1377://end of dominion.c
