        -:    0:Source:./asserttrue.h
        -:    0:Graph:cardtest4.gcno
        -:    0:Data:cardtest4.gcda
        -:    0:Runs:1
        -:    0:Programs:1
        -:    1:/*
        -:    2: The replacement assert method so testing can continue if failure occurs
        -:    3: */
        -:    4:
        -:    5:#include <string.h>
        -:    6:#include <stdio.h>
        -:    7:
function asserttrue called 8 returned 100% blocks executed 100%
        -:    8:void asserttrue(int theEqualityBool, int *testFailed) {
        -:    9:    
        8:   10:    if (theEqualityBool) {
branch  0 taken 25%
branch  1 taken 75%
        2:   11:        printf("l The Test Passed\n");
        2:   12:    }
        -:   13:    else {
        6:   14:        printf("X The Test did NOT Pass\n");
        6:   15:        *testFailed = 1;
        -:   16:    }
        8:   17:    return;
        -:   18:}
