        -:    0:Source:cardtest3.c
        -:    0:Graph:cardtest3.gcno
        -:    0:Data:cardtest3.gcda
        -:    0:Runs:2
        -:    0:Programs:1
        -:    1:#include "dominion.h"
        -:    2:#include <stdio.h>
        -:    3:#include "rngs.h"
        -:    4:#include <stdlib.h>
        -:    5:
        -:    6:
        -:    7:// gcc -fprofile-arcs -ftest-coverage -Wall -std=c99 dominion.c cardtest3.c rngs.c -o cardtest3 -lm -g
        -:    8:
        -:    9://ZDI assert is a function that receives a integer and a character.
        -:   10:// It checks if the integer is one or 2, if it is one that means the test Passed.
        -:   11:// If the integer is 2 it means the test failed
        -:   12:int zdi_assert(int a, char * string)
        -:   13:{
        2:   14:  if(a == 1)
        -:   15:  {
        2:   16:    printf("Test Passed: \t %s \n\n\n", string);
        2:   17:    return 0;
        -:   18:  }
    #####:   19:  else if( a == 2)
        -:   20:  {
    #####:   21:    printf("Test Failed: \t %s\n\n\n", string);
    #####:   22:  }
    #####:   23:  return 0;
        -:   24:
        2:   25:}
        -:   26:
        -:   27:
        -:   28:int main()
        -:   29:{
        -:   30:
        -:   31:  int a, b;
        2:   32:  int randomSeed = 10;
        -:   33:  struct gameState game;
        -:   34:
        2:   35:  int cards[10] = {adventurer, gardens, embargo, village, minion, mine, cutpurse, sea_hag, tribute, smithy};
        -:   36:
        2:   37:  printf("\nCard Test 3\n-----------\n");
        -:   38:
        2:   39:  a = initializeGame(2,cards, randomSeed, &game);
        -:   40:
        2:   41:  cardEffect(village, 0, 0, 0, &game, 0, 0);
        -:   42:
        2:   43:  b = numHandCards(&game);
        -:   44:
        2:   45:  if(b == 5) //should have 5 cards in hand based ont the effect of the card to the players hand
        -:   46:  {
        2:   47:    zdi_assert(1, "Card Effect - Village");
        2:   48:  }
        -:   49:  else
        -:   50:  {
    #####:   51:    zdi_assert(2, "Card Effect - Village");
        -:   52:  }
        -:   53:
        2:   54:  return 0;
        -:   55:
        -:   56:}
