        -:    0:Source:dominion.c
        -:    0:Graph:dominion.gcno
        -:    0:Data:dominion.gcda
        -:    0:Runs:8
        -:    0:Programs:8
        -:    1:#include "dominion.h"
        -:    2:#include "dominion_helpers.h"
        -:    3:#include "rngs.h"
        -:    4:#include <stdio.h>
        -:    5:#include <math.h>
        -:    6:#include <stdlib.h>
        -:    7:
function compare called 240 returned 100% blocks executed 83%
      240:    8:int compare(const void* a, const void* b) {
      240:    9:  if (*(int*)a > *(int*)b)
branch  0 taken 0% (fallthrough)
branch  1 taken 100%
    #####:   10:    return 1;
      240:   11:  if (*(int*)a < *(int*)b)
branch  0 taken 27% (fallthrough)
branch  1 taken 73%
       64:   12:    return -1;
      176:   13:  return 0;
        -:   14:}
        -:   15:
function newGame called 0 returned 0% blocks executed 0%
    #####:   16:struct gameState* newGame() {
    #####:   17:  struct gameState* g = malloc(sizeof(struct gameState));
    #####:   18:  return g;
        -:   19:}
        -:   20:
function kingdomCards called 0 returned 0% blocks executed 0%
    #####:   21:int* kingdomCards(int k1, int k2, int k3, int k4, int k5, int k6, int k7,
        -:   22:		  int k8, int k9, int k10) {
    #####:   23:  int* k = malloc(10 * sizeof(int));
    #####:   24:  k[0] = k1;
    #####:   25:  k[1] = k2;
    #####:   26:  k[2] = k3;
    #####:   27:  k[3] = k4;
    #####:   28:  k[4] = k5;
    #####:   29:  k[5] = k6;
    #####:   30:  k[6] = k7;
    #####:   31:  k[7] = k8;
    #####:   32:  k[8] = k9;
    #####:   33:  k[9] = k10;
    #####:   34:  return k;
        -:   35:}
        -:   36:
function initializeGame called 8 returned 100% blocks executed 83%
        8:   37:int initializeGame(int numPlayers, int kingdomCards[10], int randomSeed,
        -:   38:		   struct gameState *state) {
        -:   39:
        -:   40:  int i;
        -:   41:  int j;
        -:   42:  int it;			
        -:   43:  //set up random number generator
        8:   44:  SelectStream(1);
call    0 returned 100%
        8:   45:  PutSeed((long)randomSeed);
call    0 returned 100%
        -:   46:  
        -:   47:  //check number of players
        8:   48:  if (numPlayers > MAX_PLAYERS || numPlayers < 2)
branch  0 taken 100% (fallthrough)
branch  1 taken 0%
branch  2 taken 0% (fallthrough)
branch  3 taken 100%
        -:   49:    {
    #####:   50:      return -1;
        -:   51:    }
        -:   52:
        -:   53:  //set number of players
        8:   54:  state->numPlayers = numPlayers;
        -:   55:
        -:   56:  //check selected kingdom cards are different
       88:   57:  for (i = 0; i < 10; i++)
branch  0 taken 91%
branch  1 taken 9% (fallthrough)
        -:   58:    {
      880:   59:      for (j = 0; j < 10; j++)
branch  0 taken 91%
branch  1 taken 9% (fallthrough)
        -:   60:        {
      800:   61:	  if (j != i && kingdomCards[j] == kingdomCards[i])
branch  0 taken 90% (fallthrough)
branch  1 taken 10%
branch  2 taken 0% (fallthrough)
branch  3 taken 100%
        -:   62:	    {
    #####:   63:	      return -1;
        -:   64:	    }
        -:   65:        }
        -:   66:    }
        -:   67:
        -:   68:
        -:   69:  //initialize supply
        -:   70:  ///////////////////////////////
        -:   71:
        -:   72:  //set number of Curse cards
        8:   73:  if (numPlayers == 2)
branch  0 taken 100% (fallthrough)
branch  1 taken 0%
        -:   74:    {
        8:   75:      state->supplyCount[curse] = 10;
        -:   76:    }
    #####:   77:  else if (numPlayers == 3)
branch  0 never executed
branch  1 never executed
        -:   78:    {
    #####:   79:      state->supplyCount[curse] = 20;
        -:   80:    }
        -:   81:  else
        -:   82:    {
    #####:   83:      state->supplyCount[curse] = 30;
        -:   84:    }
        -:   85:
        -:   86:  //set number of Victory cards
        8:   87:  if (numPlayers == 2)
branch  0 taken 100% (fallthrough)
branch  1 taken 0%
        -:   88:    {
        8:   89:      state->supplyCount[estate] = 8;
        8:   90:      state->supplyCount[duchy] = 8;
        8:   91:      state->supplyCount[province] = 8;
        -:   92:    }
        -:   93:  else
        -:   94:    {
    #####:   95:      state->supplyCount[estate] = 12;
    #####:   96:      state->supplyCount[duchy] = 12;
    #####:   97:      state->supplyCount[province] = 12;
        -:   98:    }
        -:   99:
        -:  100:  //set number of Treasure cards
        8:  101:  state->supplyCount[copper] = 60 - (7 * numPlayers);
        8:  102:  state->supplyCount[silver] = 40;
        8:  103:  state->supplyCount[gold] = 30;
        -:  104:
        -:  105:  //set number of Kingdom cards
      168:  106:  for (i = adventurer; i <= treasure_map; i++)       	//loop all cards
branch  0 taken 95%
branch  1 taken 5% (fallthrough)
        -:  107:    {
     1320:  108:      for (j = 0; j < 10; j++)           		//loop chosen cards
branch  0 taken 94%
branch  1 taken 6% (fallthrough)
        -:  109:	{
     1240:  110:	  if (kingdomCards[j] == i)
branch  0 taken 6% (fallthrough)
branch  1 taken 94%
        -:  111:	    {
        -:  112:	      //check if card is a 'Victory' Kingdom card
       80:  113:	      if (kingdomCards[j] == great_hall || kingdomCards[j] == gardens)
branch  0 taken 100% (fallthrough)
branch  1 taken 0%
branch  2 taken 0% (fallthrough)
branch  3 taken 100%
        -:  114:		{
    #####:  115:		  if (numPlayers == 2){ 
branch  0 never executed
branch  1 never executed
    #####:  116:		    state->supplyCount[i] = 8; 
        -:  117:		  }
    #####:  118:		  else{ state->supplyCount[i] = 12; }
        -:  119:		}
        -:  120:	      else
        -:  121:		{
       80:  122:		  state->supplyCount[i] = 10;
        -:  123:		}
       80:  124:	      break;
        -:  125:	    }
        -:  126:	  else    //card is not in the set choosen for the game
        -:  127:	    {
     1160:  128:	      state->supplyCount[i] = -1;
        -:  129:	    }
        -:  130:	}
        -:  131:
        -:  132:    }
        -:  133:
        -:  134:  ////////////////////////
        -:  135:  //supply intilization complete
        -:  136:
        -:  137:  //set player decks
       24:  138:  for (i = 0; i < numPlayers; i++)
branch  0 taken 67%
branch  1 taken 33% (fallthrough)
        -:  139:    {
       16:  140:      state->deckCount[i] = 0;
       64:  141:      for (j = 0; j < 3; j++)
branch  0 taken 75%
branch  1 taken 25% (fallthrough)
        -:  142:	{
       48:  143:	  state->deck[i][j] = estate;
       48:  144:	  state->deckCount[i]++;
        -:  145:	}
      128:  146:      for (j = 3; j < 10; j++)
branch  0 taken 88%
branch  1 taken 13% (fallthrough)
        -:  147:	{
      112:  148:	  state->deck[i][j] = copper;
      112:  149:	  state->deckCount[i]++;		
        -:  150:	}
        -:  151:    }
        -:  152:
        -:  153:  //shuffle player decks
       24:  154:  for (i = 0; i < numPlayers; i++)
branch  0 taken 67%
branch  1 taken 33% (fallthrough)
        -:  155:    {
       16:  156:      if ( shuffle(i, state) < 0 )
call    0 returned 100%
branch  1 taken 0% (fallthrough)
branch  2 taken 100%
        -:  157:	{
    #####:  158:	  return -1;
        -:  159:	}
        -:  160:    }
        -:  161:
        -:  162:  //draw player hands
       24:  163:  for (i = 0; i < numPlayers; i++)
branch  0 taken 67%
branch  1 taken 33% (fallthrough)
        -:  164:    {  
        -:  165:      //initialize hand size to zero
       16:  166:      state->handCount[i] = 0;
       16:  167:      state->discardCount[i] = 0;
        -:  168:      //draw 5 cards
        -:  169:      // for (j = 0; j < 5; j++)
        -:  170:      //	{
        -:  171:      //	  drawCard(i, state);
        -:  172:      //	}
        -:  173:    }
        -:  174:  
        -:  175:  //set embargo tokens to 0 for all supply piles
      224:  176:  for (i = 0; i <= treasure_map; i++)
branch  0 taken 96%
branch  1 taken 4% (fallthrough)
        -:  177:    {
      216:  178:      state->embargoTokens[i] = 0;
        -:  179:    }
        -:  180:
        -:  181:  //initialize first player's turn
        8:  182:  state->outpostPlayed = 0;
        8:  183:  state->phase = 0;
        8:  184:  state->numActions = 1;
        8:  185:  state->numBuys = 1;
        8:  186:  state->playedCardCount = 0;
        8:  187:  state->whoseTurn = 0;
        8:  188:  state->handCount[state->whoseTurn] = 0;
        -:  189:  //int it; move to top
        -:  190:
        -:  191:  //Moved draw cards to here, only drawing at the start of a turn
       48:  192:  for (it = 0; it < 5; it++){
branch  0 taken 83%
branch  1 taken 17% (fallthrough)
       40:  193:    drawCard(state->whoseTurn, state);
call    0 returned 100%
        -:  194:  }
        -:  195:
        8:  196:  updateCoins(state->whoseTurn, state, 0);
call    0 returned 100%
        -:  197:
        8:  198:  return 0;
        -:  199:}
        -:  200:
function shuffle called 16 returned 100% blocks executed 94%
       16:  201:int shuffle(int player, struct gameState *state) {
        -:  202: 
        -:  203:
        -:  204:  int newDeck[MAX_DECK];
       16:  205:  int newDeckPos = 0;
        -:  206:  int card;
        -:  207:  int i;
        -:  208:
       16:  209:  if (state->deckCount[player] < 1)
branch  0 taken 0% (fallthrough)
branch  1 taken 100%
    #####:  210:    return -1;
       16:  211:  qsort ((void*)(state->deck[player]), state->deckCount[player], sizeof(int), compare); 
call    0 returned 100%
        -:  212:  /* SORT CARDS IN DECK TO ENSURE DETERMINISM! */
        -:  213:
      192:  214:  while (state->deckCount[player] > 0) {
branch  0 taken 91%
branch  1 taken 9% (fallthrough)
      160:  215:    card = floor(Random() * state->deckCount[player]);
call    0 returned 100%
      160:  216:    newDeck[newDeckPos] = state->deck[player][card];
      160:  217:    newDeckPos++;
      496:  218:    for (i = card; i < state->deckCount[player]-1; i++) {
branch  0 taken 68%
branch  1 taken 32% (fallthrough)
      336:  219:      state->deck[player][i] = state->deck[player][i+1];
        -:  220:    }
      160:  221:    state->deckCount[player]--;
        -:  222:  }
      176:  223:  for (i = 0; i < newDeckPos; i++) {
branch  0 taken 91%
branch  1 taken 9% (fallthrough)
      160:  224:    state->deck[player][i] = newDeck[i];
      160:  225:    state->deckCount[player]++;
        -:  226:  }
        -:  227:
       16:  228:  return 0;
        -:  229:}
        -:  230:
function playCard called 4 returned 100% blocks executed 73%
        4:  231:int playCard(int handPos, int choice1, int choice2, int choice3, struct gameState *state) 
        -:  232:{	
        -:  233:  int card;
        4:  234:  int coin_bonus = 0; 		//tracks coins gain from actions
        -:  235:
        -:  236:  //check if it is the right phase
        4:  237:  if (state->phase != 0)
branch  0 taken 0% (fallthrough)
branch  1 taken 100%
        -:  238:    {
    #####:  239:      return -1;
        -:  240:    }
        -:  241:	
        -:  242:  //check if player has enough actions
        4:  243:  if ( state->numActions < 1 )
branch  0 taken 0% (fallthrough)
branch  1 taken 100%
        -:  244:    {
    #####:  245:      return -1;
        -:  246:    }
        -:  247:	
        -:  248:  //get card played
        4:  249:  card = handCard(handPos, state);
call    0 returned 100%
        -:  250:	
        -:  251:  //check if selected card is an action
        4:  252:  if ( card < adventurer || card > treasure_map )
branch  0 taken 100% (fallthrough)
branch  1 taken 0%
branch  2 taken 0% (fallthrough)
branch  3 taken 100%
        -:  253:    {
    #####:  254:      return -1;
        -:  255:    }
        -:  256:	
        -:  257:  //play card
        4:  258:  if ( cardEffect(card, choice1, choice2, choice3, state, handPos, &coin_bonus) < 0 )
call    0 returned 100%
branch  1 taken 0% (fallthrough)
branch  2 taken 100%
        -:  259:    {
    #####:  260:      return -1;
        -:  261:    }
        -:  262:	
        -:  263:  //reduce number of actions
        4:  264:  state->numActions--;
        -:  265:
        -:  266:  //update coins (Treasure cards may be added with card draws)
        4:  267:  updateCoins(state->whoseTurn, state, coin_bonus);
call    0 returned 100%
        -:  268:	
        4:  269:  return 0;
        -:  270:}
        -:  271:
function buyCard called 3 returned 100% blocks executed 93%
        3:  272:int buyCard(int supplyPos, struct gameState *state) {
        -:  273:  int who;
        -:  274:  if (DEBUG){
        -:  275:    printf("Entering buyCard...\n");
        -:  276:  }
        -:  277:
        -:  278:  // I don't know what to do about the phase thing.
        -:  279:
        3:  280:  who = state->whoseTurn;
        -:  281:
        3:  282:  if (state->numBuys < 1){
branch  0 taken 0% (fallthrough)
branch  1 taken 100%
        -:  283:    if (DEBUG)
        -:  284:      printf("You do not have any buys left\n");
    #####:  285:    return -1;
        3:  286:  } else if (supplyCount(supplyPos, state) <1){
call    0 returned 100%
branch  1 taken 33% (fallthrough)
branch  2 taken 67%
        -:  287:    if (DEBUG)
        -:  288:      printf("There are not any of that type of card left\n");
        1:  289:    return -1;
        2:  290:  } else if (state->coins < getCost(supplyPos)){
call    0 returned 100%
branch  1 taken 50% (fallthrough)
branch  2 taken 50%
        -:  291:    if (DEBUG) 
        -:  292:      printf("You do not have enough money to buy that. You have %d coins.\n", state->coins);
        1:  293:    return -1;
        -:  294:  } else {
        1:  295:    state->phase=1;
        -:  296:    //state->supplyCount[supplyPos]--;
        1:  297:    gainCard(supplyPos, state, 0, who); //card goes in discard, this might be wrong.. (2 means goes into hand, 0 goes into discard)
call    0 returned 100%
        -:  298:  
        1:  299:    state->coins = (state->coins) - (getCost(supplyPos));
call    0 returned 100%
        1:  300:    state->numBuys--;
        -:  301:    if (DEBUG)
        -:  302:      printf("You bought card number %d for %d coins. You now have %d buys and %d coins.\n", supplyPos, getCost(supplyPos), state->numBuys, state->coins);
        -:  303:  }
        -:  304:
        -:  305:  //state->discard[who][state->discardCount[who]] = supplyPos;
        -:  306:  //state->discardCount[who]++;
        -:  307:    
        1:  308:  return 0;
        -:  309:}
        -:  310:
function numHandCards called 0 returned 0% blocks executed 0%
    #####:  311:int numHandCards(struct gameState *state) {
    #####:  312:  return state->handCount[ whoseTurn(state) ];
call    0 never executed
        -:  313:}
        -:  314:
function handCard called 4 returned 100% blocks executed 100%
        4:  315:int handCard(int handPos, struct gameState *state) {
        4:  316:  int currentPlayer = whoseTurn(state);
call    0 returned 100%
        4:  317:  return state->hand[currentPlayer][handPos];
        -:  318:}
        -:  319:
function supplyCount called 6 returned 100% blocks executed 100%
        6:  320:int supplyCount(int card, struct gameState *state) {
        6:  321:  return state->supplyCount[card];
        -:  322:}
        -:  323:
function fullDeckCount called 0 returned 0% blocks executed 0%
    #####:  324:int fullDeckCount(int player, int card, struct gameState *state) {
        -:  325:  int i;
    #####:  326:  int count = 0;
        -:  327:
    #####:  328:  for (i = 0; i < state->deckCount[player]; i++)
branch  0 never executed
branch  1 never executed
        -:  329:    {
    #####:  330:      if (state->deck[player][i] == card) count++;
branch  0 never executed
branch  1 never executed
        -:  331:    }
        -:  332:
    #####:  333:  for (i = 0; i < state->handCount[player]; i++)
branch  0 never executed
branch  1 never executed
        -:  334:    {
    #####:  335:      if (state->hand[player][i] == card) count++;
branch  0 never executed
branch  1 never executed
        -:  336:    }
        -:  337:
    #####:  338:  for (i = 0; i < state->discardCount[player]; i++)
branch  0 never executed
branch  1 never executed
        -:  339:    {
    #####:  340:      if (state->discard[player][i] == card) count++;
branch  0 never executed
branch  1 never executed
        -:  341:    }
        -:  342:
    #####:  343:  return count;
        -:  344:}
        -:  345:
function whoseTurn called 38 returned 100% blocks executed 100%
       38:  346:int whoseTurn(struct gameState *state) {
       38:  347:  return state->whoseTurn;
        -:  348:}
        -:  349:
function endTurn called 0 returned 0% blocks executed 0%
    #####:  350:int endTurn(struct gameState *state) {
        -:  351:  int k;
        -:  352:  int i;
    #####:  353:  int currentPlayer = whoseTurn(state);
call    0 never executed
        -:  354:  
        -:  355:  //Discard hand
    #####:  356:  for (i = 0; i < state->handCount[currentPlayer]; i++){
branch  0 never executed
branch  1 never executed
    #####:  357:    state->discard[currentPlayer][state->discardCount[currentPlayer]++] = state->hand[currentPlayer][i];//Discard
    #####:  358:    state->hand[currentPlayer][i] = -1;//Set card to -1
        -:  359:  }
    #####:  360:  state->handCount[currentPlayer] = 0;//Reset hand count
        -:  361:    
        -:  362:  //Code for determining the player
    #####:  363:  if (currentPlayer < (state->numPlayers - 1)){ 
branch  0 never executed
branch  1 never executed
    #####:  364:    state->whoseTurn = currentPlayer + 1;//Still safe to increment
        -:  365:  }
        -:  366:  else{
    #####:  367:    state->whoseTurn = 0;//Max player has been reached, loop back around to player 1
        -:  368:  }
        -:  369:
    #####:  370:  state->outpostPlayed = 0;
    #####:  371:  state->phase = 0;
    #####:  372:  state->numActions = 1;
    #####:  373:  state->coins = 0;
    #####:  374:  state->numBuys = 1;
    #####:  375:  state->playedCardCount = 0;
    #####:  376:  state->handCount[state->whoseTurn] = 0;
        -:  377:
        -:  378:  //int k; move to top
        -:  379:  //Next player draws hand
    #####:  380:  for (k = 0; k < 5; k++){
branch  0 never executed
branch  1 never executed
    #####:  381:    drawCard(state->whoseTurn, state);//Draw a card
call    0 never executed
        -:  382:  }
        -:  383:
        -:  384:  //Update money
    #####:  385:  updateCoins(state->whoseTurn, state , 0);
call    0 never executed
        -:  386:
    #####:  387:  return 0;
        -:  388:}
        -:  389:
function isGameOver called 4 returned 100% blocks executed 100%
        4:  390:int isGameOver(struct gameState *state) {
        -:  391:  int i;
        -:  392:  int j;
        -:  393:	
        -:  394:  //if stack of Province cards is empty, the game ends
        4:  395:  if (state->supplyCount[province] == 0)
branch  0 taken 25% (fallthrough)
branch  1 taken 75%
        -:  396:    {
        1:  397:      return 1;
        -:  398:    }
        -:  399:
        -:  400:  //if three supply pile are at 0, the game ends
        3:  401:  j = 0;
       78:  402:  for (i = 0; i < 25; i++)
branch  0 taken 96%
branch  1 taken 4% (fallthrough)
        -:  403:    {
       75:  404:      if (state->supplyCount[i] == 0)
branch  0 taken 11% (fallthrough)
branch  1 taken 89%
        -:  405:	{
        8:  406:	  j++;
        -:  407:	}
        -:  408:    }
        3:  409:  if ( j >= 3)
branch  0 taken 67% (fallthrough)
branch  1 taken 33%
        -:  410:    {
        2:  411:      return 1;
        -:  412:    }
        -:  413:
        1:  414:  return 0;
        -:  415:}
        -:  416:
function scoreFor called 0 returned 0% blocks executed 0%
    #####:  417:int scoreFor (int player, struct gameState *state) {
        -:  418:
        -:  419:  int i;
    #####:  420:  int score = 0;
        -:  421:  //score from hand
    #####:  422:  for (i = 0; i < state->handCount[player]; i++)
branch  0 never executed
branch  1 never executed
        -:  423:    {
    #####:  424:      if (state->hand[player][i] == curse) { score = score - 1; };
branch  0 never executed
branch  1 never executed
    #####:  425:      if (state->hand[player][i] == estate) { score = score + 1; };
branch  0 never executed
branch  1 never executed
    #####:  426:      if (state->hand[player][i] == duchy) { score = score + 3; };
branch  0 never executed
branch  1 never executed
    #####:  427:      if (state->hand[player][i] == province) { score = score + 6; };
branch  0 never executed
branch  1 never executed
    #####:  428:      if (state->hand[player][i] == great_hall) { score = score + 1; };
branch  0 never executed
branch  1 never executed
    #####:  429:      if (state->hand[player][i] == gardens) { score = score + ( fullDeckCount(player, 0, state) / 10 ); };
branch  0 never executed
branch  1 never executed
call    2 never executed
        -:  430:    }
        -:  431:
        -:  432:  //score from discard
    #####:  433:  for (i = 0; i < state->discardCount[player]; i++)
branch  0 never executed
branch  1 never executed
        -:  434:    {
    #####:  435:      if (state->discard[player][i] == curse) { score = score - 1; };
branch  0 never executed
branch  1 never executed
    #####:  436:      if (state->discard[player][i] == estate) { score = score + 1; };
branch  0 never executed
branch  1 never executed
    #####:  437:      if (state->discard[player][i] == duchy) { score = score + 3; };
branch  0 never executed
branch  1 never executed
    #####:  438:      if (state->discard[player][i] == province) { score = score + 6; };
branch  0 never executed
branch  1 never executed
    #####:  439:      if (state->discard[player][i] == great_hall) { score = score + 1; };
branch  0 never executed
branch  1 never executed
    #####:  440:      if (state->discard[player][i] == gardens) { score = score + ( fullDeckCount(player, 0, state) / 10 ); };
branch  0 never executed
branch  1 never executed
call    2 never executed
        -:  441:    }
        -:  442:
        -:  443:  //score from deck
    #####:  444:  for (i = 0; i < state->discardCount[player]; i++)
branch  0 never executed
branch  1 never executed
        -:  445:    {
    #####:  446:      if (state->deck[player][i] == curse) { score = score - 1; };
branch  0 never executed
branch  1 never executed
    #####:  447:      if (state->deck[player][i] == estate) { score = score + 1; };
branch  0 never executed
branch  1 never executed
    #####:  448:      if (state->deck[player][i] == duchy) { score = score + 3; };
branch  0 never executed
branch  1 never executed
    #####:  449:      if (state->deck[player][i] == province) { score = score + 6; };
branch  0 never executed
branch  1 never executed
    #####:  450:      if (state->deck[player][i] == great_hall) { score = score + 1; };
branch  0 never executed
branch  1 never executed
    #####:  451:      if (state->deck[player][i] == gardens) { score = score + ( fullDeckCount(player, 0, state) / 10 ); };
branch  0 never executed
branch  1 never executed
call    2 never executed
        -:  452:    }
        -:  453:
    #####:  454:  return score;
        -:  455:}
        -:  456:
function getWinners called 0 returned 0% blocks executed 0%
    #####:  457:int getWinners(int players[MAX_PLAYERS], struct gameState *state) {
        -:  458:  int i;	
        -:  459:  int j;
        -:  460:  int highScore;
        -:  461:  int currentPlayer;
        -:  462:
        -:  463:  //get score for each player
    #####:  464:  for (i = 0; i < MAX_PLAYERS; i++)
branch  0 never executed
branch  1 never executed
        -:  465:    {
        -:  466:      //set unused player scores to -9999
    #####:  467:      if (i >= state->numPlayers)
branch  0 never executed
branch  1 never executed
        -:  468:	{
    #####:  469:	  players[i] = -9999;
        -:  470:	}
        -:  471:      else
        -:  472:	{
    #####:  473:	  players[i] = scoreFor (i, state);
call    0 never executed
        -:  474:	}
        -:  475:    }
        -:  476:
        -:  477:  //find highest score
    #####:  478:  j = 0;
    #####:  479:  for (i = 0; i < MAX_PLAYERS; i++)
branch  0 never executed
branch  1 never executed
        -:  480:    {
    #####:  481:      if (players[i] > players[j])
branch  0 never executed
branch  1 never executed
        -:  482:	{
    #####:  483:	  j = i;
        -:  484:	}
        -:  485:    }
    #####:  486:  highScore = players[j];
        -:  487:
        -:  488:  //add 1 to players who had less turns
    #####:  489:  currentPlayer = whoseTurn(state);
call    0 never executed
    #####:  490:  for (i = 0; i < MAX_PLAYERS; i++)
branch  0 never executed
branch  1 never executed
        -:  491:    {
    #####:  492:      if ( players[i] == highScore && i > currentPlayer )
branch  0 never executed
branch  1 never executed
branch  2 never executed
branch  3 never executed
        -:  493:	{
    #####:  494:	  players[i]++;
        -:  495:	}
        -:  496:    }
        -:  497:
        -:  498:  //find new highest score
    #####:  499:  j = 0;
    #####:  500:  for (i = 0; i < MAX_PLAYERS; i++)
branch  0 never executed
branch  1 never executed
        -:  501:    {
    #####:  502:      if ( players[i] > players[j] )
branch  0 never executed
branch  1 never executed
        -:  503:	{
    #####:  504:	  j = i;
        -:  505:	}
        -:  506:    }
    #####:  507:  highScore = players[j];
        -:  508:
        -:  509:  //set winners in array to 1 and rest to 0
    #####:  510:  for (i = 0; i < MAX_PLAYERS; i++)
branch  0 never executed
branch  1 never executed
        -:  511:    {
    #####:  512:      if ( players[i] == highScore )
branch  0 never executed
branch  1 never executed
        -:  513:	{
    #####:  514:	  players[i] = 1;
        -:  515:	}
        -:  516:      else
        -:  517:	{
    #####:  518:	  players[i] = 0;
        -:  519:	}
        -:  520:    }
        -:  521:
    #####:  522:  return 0;
        -:  523:}
        -:  524:
function drawCard called 54 returned 100% blocks executed 38%
       54:  525:int drawCard(int player, struct gameState *state)
        -:  526:{	int count;
        -:  527:  int deckCounter;
       54:  528:  if (state->deckCount[player] <= 0){//Deck is empty
branch  0 taken 0% (fallthrough)
branch  1 taken 100%
        -:  529:    
        -:  530:    //Step 1 Shuffle the discard pile back into a deck
        -:  531:    int i;
        -:  532:    //Move discard to deck
    #####:  533:    for (i = 0; i < state->discardCount[player];i++){
branch  0 never executed
branch  1 never executed
    #####:  534:      state->deck[player][i] = state->discard[player][i];
    #####:  535:      state->discard[player][i] = -1;
        -:  536:    }
        -:  537:
    #####:  538:    state->deckCount[player] = state->discardCount[player];
    #####:  539:    state->discardCount[player] = 0;//Reset discard
        -:  540:
        -:  541:    //Shufffle the deck
    #####:  542:    shuffle(player, state);//Shuffle the deck up and make it so that we can draw
call    0 never executed
        -:  543:   
        -:  544:    if (DEBUG){//Debug statements
        -:  545:      printf("Deck count now: %d\n", state->deckCount[player]);
        -:  546:    }
        -:  547:    
    #####:  548:    state->discardCount[player] = 0;
        -:  549:
        -:  550:    //Step 2 Draw Card
    #####:  551:    count = state->handCount[player];//Get current player's hand count
        -:  552:    
        -:  553:    if (DEBUG){//Debug statements
        -:  554:      printf("Current hand count: %d\n", count);
        -:  555:    }
        -:  556:    
    #####:  557:    deckCounter = state->deckCount[player];//Create a holder for the deck count
        -:  558:
    #####:  559:    if (deckCounter == 0)
branch  0 never executed
branch  1 never executed
    #####:  560:      return -1;
        -:  561:
    #####:  562:    state->hand[player][count] = state->deck[player][deckCounter - 1];//Add card to hand
    #####:  563:    state->deckCount[player]--;
    #####:  564:    state->handCount[player]++;//Increment hand count
        -:  565:  }
        -:  566:
        -:  567:  else{
       54:  568:    int count = state->handCount[player];//Get current hand count for player
        -:  569:    int deckCounter;
        -:  570:    if (DEBUG){//Debug statements
        -:  571:      printf("Current hand count: %d\n", count);
        -:  572:    }
        -:  573:
       54:  574:    deckCounter = state->deckCount[player];//Create holder for the deck count
       54:  575:    state->hand[player][count] = state->deck[player][deckCounter - 1];//Add card to the hand
       54:  576:    state->deckCount[player]--;
       54:  577:    state->handCount[player]++;//Increment hand count
        -:  578:  }
        -:  579:
       54:  580:  return 0;
        -:  581:}
        -:  582:
function getCost called 8 returned 100% blocks executed 17%
        8:  583:int getCost(int cardNumber)
        -:  584:{
        8:  585:  switch( cardNumber ) 
branch  0 taken 0%
branch  1 taken 0%
branch  2 taken 0%
branch  3 taken 0%
branch  4 taken 0%
branch  5 taken 0%
branch  6 taken 0%
branch  7 taken 0%
branch  8 taken 0%
branch  9 taken 0%
branch 10 taken 0%
branch 11 taken 38%
branch 12 taken 0%
branch 13 taken 25%
branch 14 taken 38%
branch 15 taken 0%
branch 16 taken 0%
branch 17 taken 0%
branch 18 taken 0%
branch 19 taken 0%
branch 20 taken 0%
branch 21 taken 0%
branch 22 taken 0%
branch 23 taken 0%
branch 24 taken 0%
branch 25 taken 0%
branch 26 taken 0%
branch 27 taken 0%
        -:  586:    {
        -:  587:    case curse:
    #####:  588:      return 0;
        -:  589:    case estate:
    #####:  590:      return 2;
        -:  591:    case duchy:
    #####:  592:      return 5;
        -:  593:    case province:
    #####:  594:      return 8;
        -:  595:    case copper:
    #####:  596:      return 0;
        -:  597:    case silver:
    #####:  598:      return 3;
        -:  599:    case gold:
    #####:  600:      return 6;
        -:  601:    case adventurer:
    #####:  602:      return 6;
        -:  603:    case council_room:
    #####:  604:      return 5;
        -:  605:    case feast:
    #####:  606:      return 4;
        -:  607:    case gardens:
    #####:  608:      return 4;
        -:  609:    case mine:
        3:  610:      return 5;
        -:  611:    case remodel:
    #####:  612:      return 4;
        -:  613:    case smithy:
        2:  614:      return 4;
        -:  615:    case village:
        3:  616:      return 3;
        -:  617:    case baron:
    #####:  618:      return 4;
        -:  619:    case great_hall:
    #####:  620:      return 3;
        -:  621:    case minion:
    #####:  622:      return 5;
        -:  623:    case steward:
    #####:  624:      return 3;
        -:  625:    case tribute:
    #####:  626:      return 5;
        -:  627:    case ambassador:
    #####:  628:      return 3;
        -:  629:    case cutpurse:
    #####:  630:      return 4;
        -:  631:    case embargo: 
    #####:  632:      return 2;
        -:  633:    case outpost:
    #####:  634:      return 5;
        -:  635:    case salvager:
    #####:  636:      return 4;
        -:  637:    case sea_hag:
    #####:  638:      return 4;
        -:  639:    case treasure_map:
    #####:  640:      return 4;
        -:  641:    }
        -:  642:	
    #####:  643:  return -1;
        -:  644:}
        -:  645:
function cardEffect called 6 returned 100% blocks executed 15%
        6:  646:int cardEffect(int card, int choice1, int choice2, int choice3, struct gameState *state, int handPos, int *bonus)
        -:  647:{
        -:  648:  int i;
        -:  649:  int j;
        -:  650:  int k;
        -:  651:  int x;
        -:  652:  int index;
        6:  653:  int currentPlayer = whoseTurn(state);
call    0 returned 100%
        6:  654:  int nextPlayer = currentPlayer + 1;
        -:  655:
        6:  656:  int tributeRevealedCards[2] = {-1, -1};
        -:  657:  int temphand[MAX_HAND];// moved above the if statement
        -:  658:  //int drawntreasure=0;
        -:  659:  //int cardDrawn;
        -:  660:  //int  z = 0;// this is the counter for the temp hand
        6:  661:  if (nextPlayer > (state->numPlayers - 1)){
branch  0 taken 0% (fallthrough)
branch  1 taken 100%
    #####:  662:    nextPlayer = 0;
        -:  663:  }
        -:  664:  
        -:  665:	
        -:  666:  //uses switch to select card and perform actions
        6:  667:  switch( card ) 
branch  0 taken 50%
branch  1 taken 17%
branch  2 taken 17%
branch  3 taken 0%
branch  4 taken 0%
branch  5 taken 0%
branch  6 taken 17%
branch  7 taken 0%
branch  8 taken 0%
branch  9 taken 0%
branch 10 taken 0%
branch 11 taken 0%
branch 12 taken 0%
branch 13 taken 0%
branch 14 taken 0%
branch 15 taken 0%
branch 16 taken 0%
branch 17 taken 0%
branch 18 taken 0%
branch 19 taken 0%
branch 20 taken 0%
        -:  668:    {
        -:  669:    case adventurer:
        3:  670:     adventurerAction(currentPlayer,state,temphand);
call    0 returned 100%
        3:  671:     return 0;
        -:  672:			
        -:  673:    case council_room:
        -:  674:      //+4 Cards
        5:  675:      for (i = 0; i < 4; i++)
branch  0 taken 80%
branch  1 taken 20% (fallthrough)
        -:  676:	{
        4:  677:	  drawCard(currentPlayer, state);
call    0 returned 100%
        -:  678:	}
        -:  679:			
        -:  680:      //+1 Buy
        1:  681:      state->numBuys++;
        -:  682:			
        -:  683:      //Each other player draws a card
        3:  684:      for (i = 0; i < state->numPlayers; i++)
branch  0 taken 67%
branch  1 taken 33% (fallthrough)
        -:  685:	{
        2:  686:	  if ( i != currentPlayer )
branch  0 taken 50% (fallthrough)
branch  1 taken 50%
        -:  687:	    {
        1:  688:	      drawCard(i, state);
call    0 returned 100%
        -:  689:	    }
        -:  690:	}
        -:  691:			
        -:  692:      //put played card in played card pile
        1:  693:      discardCard(handPos, currentPlayer, state, 0);
call    0 returned 100%
        -:  694:			
        1:  695:      return 0;
        -:  696:			
        -:  697:    case feast:
        -:  698:      //gain card with cost up to 5
        -:  699:      //Backup hand
        7:  700:      for (i = 0; i <= state->handCount[currentPlayer]; i++){
branch  0 taken 86%
branch  1 taken 14% (fallthrough)
        6:  701:	temphand[i] = state->hand[currentPlayer][i];//Backup card
        6:  702:	state->hand[currentPlayer][i] = -1;//Set to nothing
        -:  703:      }
        -:  704:      //Backup hand
        -:  705:
        -:  706:      //Update Coins for Buy
        1:  707:      updateCoins(currentPlayer, state, 5);
call    0 returned 100%
        1:  708:      x = 1;//Condition to loop on
        3:  709:      while( x == 1) {//Buy one card
branch  0 taken 50%
branch  1 taken 50% (fallthrough)
        1:  710:	if (supplyCount(choice1, state) <= 0){
call    0 returned 100%
branch  1 taken 100% (fallthrough)
branch  2 taken 0%
        -:  711:	  if (DEBUG)
        -:  712:	    printf("None of that card left, sorry!\n");
        -:  713:
        -:  714:	  if (DEBUG){
        -:  715:	    printf("Cards Left: %d\n", supplyCount(choice1, state));
        -:  716:	  }
        -:  717:	}
        1:  718:	else if (state->coins < getCost(choice1)){
call    0 returned 100%
branch  1 taken 0% (fallthrough)
branch  2 taken 100%
    #####:  719:	  printf("That card is too expensive!\n");
call    0 never executed
        -:  720:
        -:  721:	  if (DEBUG){
        -:  722:	    printf("Coins: %d < %d\n", state->coins, getCost(choice1));
        -:  723:	  }
        -:  724:	}
        -:  725:	else{
        -:  726:
        -:  727:	  if (DEBUG){
        -:  728:	    printf("Deck Count: %d\n", state->handCount[currentPlayer] + state->deckCount[currentPlayer] + state->discardCount[currentPlayer]);
        -:  729:	  }
        -:  730:
        1:  731:	  gainCard(choice1, state, 0, currentPlayer);//Gain the card
call    0 returned 100%
        1:  732:	  x = 0;//No more buying cards
        -:  733:
        -:  734:	  if (DEBUG){
        -:  735:	    printf("Deck Count: %d\n", state->handCount[currentPlayer] + state->deckCount[currentPlayer] + state->discardCount[currentPlayer]);
        -:  736:	  }
        -:  737:
        -:  738:	}
        -:  739:      }     
        -:  740:
        -:  741:      //Reset Hand
        7:  742:      for (i = 0; i <= state->handCount[currentPlayer]; i++){
branch  0 taken 86%
branch  1 taken 14% (fallthrough)
        6:  743:	state->hand[currentPlayer][i] = temphand[i];
        6:  744:	temphand[i] = -1;
        -:  745:      }
        -:  746:      //Reset Hand
        -:  747:      			
        1:  748:      return 0;
        -:  749:			
        -:  750:    case gardens:
    #####:  751:      return -1;
        -:  752:			
        -:  753:    case mine:
    #####:  754:      j = state->hand[currentPlayer][choice1];  //store card we will trash
        -:  755:
    #####:  756:      if (state->hand[currentPlayer][choice1] < copper || state->hand[currentPlayer][choice1] > gold)
branch  0 never executed
branch  1 never executed
branch  2 never executed
branch  3 never executed
        -:  757:	{
    #####:  758:	  return -1;
        -:  759:	}
        -:  760:		
    #####:  761:      if (choice2 > treasure_map || choice2 < curse)
branch  0 never executed
branch  1 never executed
branch  2 never executed
branch  3 never executed
        -:  762:	{
    #####:  763:	  return -1;
        -:  764:	}
        -:  765:
    #####:  766:      if ( (getCost(state->hand[currentPlayer][choice1]) + 3) > getCost(choice2) )
call    0 never executed
call    1 never executed
branch  2 never executed
branch  3 never executed
        -:  767:	{
    #####:  768:	  return -1;
        -:  769:	}
        -:  770:
    #####:  771:      gainCard(choice2, state, 2, currentPlayer);
call    0 never executed
        -:  772:
        -:  773:      //discard card from hand
    #####:  774:      discardCard(handPos, currentPlayer, state, 0);
call    0 never executed
        -:  775:
        -:  776:      //discard trashed card
    #####:  777:      for (i = 0; i < state->handCount[currentPlayer]; i++)
branch  0 never executed
branch  1 never executed
        -:  778:	{
    #####:  779:	  if (state->hand[currentPlayer][i] == j)
branch  0 never executed
branch  1 never executed
        -:  780:	    {
    #####:  781:	      discardCard(i, currentPlayer, state, 0);			
call    0 never executed
    #####:  782:	      break;
        -:  783:	    }
        -:  784:	}
        -:  785:			
    #####:  786:      return 0;
        -:  787:			
        -:  788:    case remodel:
    #####:  789:      j = state->hand[currentPlayer][choice1];  //store card we will trash
        -:  790:
    #####:  791:      if ( (getCost(state->hand[currentPlayer][choice1]) + 2) > getCost(choice2) )
call    0 never executed
call    1 never executed
branch  2 never executed
branch  3 never executed
        -:  792:	{
    #####:  793:	  return -1;
        -:  794:	}
        -:  795:
    #####:  796:      gainCard(choice2, state, 0, currentPlayer);
call    0 never executed
        -:  797:
        -:  798:      //discard card from hand
    #####:  799:      discardCard(handPos, currentPlayer, state, 0);
call    0 never executed
        -:  800:
        -:  801:      //discard trashed card
    #####:  802:      for (i = 0; i < state->handCount[currentPlayer]; i++)
branch  0 never executed
branch  1 never executed
        -:  803:	{
    #####:  804:	  if (state->hand[currentPlayer][i] == j)
branch  0 never executed
branch  1 never executed
        -:  805:	    {
    #####:  806:	      discardCard(i, currentPlayer, state, 0);			
call    0 never executed
    #####:  807:	      break;
        -:  808:	    }
        -:  809:	}
        -:  810:
        -:  811:
    #####:  812:      return 0;
        -:  813:		
        -:  814:    case smithy:
        1:  815:      smithyAction(currentPlayer, handPos, state);
call    0 returned 100%
        1:  816:      return 0;
        -:  817:		
        -:  818:    case village:
    #####:  819:    villageAction(currentPlayer, handPos, state);
call    0 never executed
    #####:  820:      return 0;
        -:  821:		
        -:  822:    case baron:
    #####:  823:      state->numBuys++;//Increase buys by 1!
    #####:  824:      if (choice1 > 0){//Boolean true or going to discard an estate
branch  0 never executed
branch  1 never executed
    #####:  825:	int p = 0;//Iterator for hand!
    #####:  826:	int card_not_discarded = 1;//Flag for discard set!
    #####:  827:	while(card_not_discarded){
branch  0 never executed
branch  1 never executed
    #####:  828:	  if (state->hand[currentPlayer][p] == estate){//Found an estate card!
branch  0 never executed
branch  1 never executed
    #####:  829:	    state->coins += 4;//Add 4 coins to the amount of coins
    #####:  830:	    state->discard[currentPlayer][state->discardCount[currentPlayer]] = state->hand[currentPlayer][p];
    #####:  831:	    state->discardCount[currentPlayer]++;
    #####:  832:	    for (;p < state->handCount[currentPlayer]; p++){
branch  0 never executed
branch  1 never executed
    #####:  833:	      state->hand[currentPlayer][p] = state->hand[currentPlayer][p+1];
        -:  834:	    }
    #####:  835:	    state->hand[currentPlayer][state->handCount[currentPlayer]] = -1;
    #####:  836:	    state->handCount[currentPlayer]--;
    #####:  837:	    card_not_discarded = 0;//Exit the loop
        -:  838:	  }
    #####:  839:	  else if (p > state->handCount[currentPlayer]){
branch  0 never executed
branch  1 never executed
        -:  840:	    if(DEBUG) {
        -:  841:	      printf("No estate cards in your hand, invalid choice\n");
        -:  842:	      printf("Must gain an estate if there are any\n");
        -:  843:	    }
    #####:  844:	    if (supplyCount(estate, state) > 0){
call    0 never executed
branch  1 never executed
branch  2 never executed
    #####:  845:	      gainCard(estate, state, 0, currentPlayer);
call    0 never executed
    #####:  846:	      state->supplyCount[estate]--;//Decrement estates
    #####:  847:	      if (supplyCount(estate, state) == 0){
call    0 never executed
branch  1 never executed
branch  2 never executed
    #####:  848:		isGameOver(state);
call    0 never executed
        -:  849:	      }
        -:  850:	    }
    #####:  851:	    card_not_discarded = 0;//Exit the loop
        -:  852:	  }
        -:  853:			    
        -:  854:	  else{
    #####:  855:	    p++;//Next card
        -:  856:	  }
        -:  857:	}
        -:  858:      }
        -:  859:			    
        -:  860:      else{
    #####:  861:	if (supplyCount(estate, state) > 0){
call    0 never executed
branch  1 never executed
branch  2 never executed
    #####:  862:	  gainCard(estate, state, 0, currentPlayer);//Gain an estate
call    0 never executed
    #####:  863:	  state->supplyCount[estate]--;//Decrement Estates
    #####:  864:	  if (supplyCount(estate, state) == 0){
call    0 never executed
branch  1 never executed
branch  2 never executed
    #####:  865:	    isGameOver(state);
call    0 never executed
        -:  866:	  }
        -:  867:	}
        -:  868:      }
        -:  869:	    
        -:  870:      
    #####:  871:      return 0;
        -:  872:		
        -:  873:    case great_hall:
        -:  874:      //+1 Card
    #####:  875:      drawCard(currentPlayer, state);
call    0 never executed
        -:  876:			
        -:  877:      //+1 Actions
    #####:  878:      state->numActions++;
        -:  879:			
        -:  880:      //discard card from hand
    #####:  881:      discardCard(handPos, currentPlayer, state, 0);
call    0 never executed
    #####:  882:      return 0;
        -:  883:		
        -:  884:    case minion:
        -:  885:      //+1 action
    #####:  886:      state->numActions++;
        -:  887:			
        -:  888:      //discard card from hand
    #####:  889:      discardCard(handPos, currentPlayer, state, 0);
call    0 never executed
        -:  890:			
    #####:  891:      if (choice1)		//+2 coins
branch  0 never executed
branch  1 never executed
        -:  892:	{
    #####:  893:	  state->coins = state->coins + 2;
        -:  894:	}
        -:  895:			
    #####:  896:      else if (choice2)		//discard hand, redraw 4, other players with 5+ cards discard hand and draw 4
branch  0 never executed
branch  1 never executed
        -:  897:	{
        -:  898:	  //discard hand
    #####:  899:	  while(numHandCards(state) > 0)
call    0 never executed
branch  1 never executed
branch  2 never executed
        -:  900:	    {
    #####:  901:	      discardCard(handPos, currentPlayer, state, 0);
call    0 never executed
        -:  902:	    }
        -:  903:				
        -:  904:	  //draw 4
    #####:  905:	  for (i = 0; i < 4; i++)
branch  0 never executed
branch  1 never executed
        -:  906:	    {
    #####:  907:	      drawCard(currentPlayer, state);
call    0 never executed
        -:  908:	    }
        -:  909:				
        -:  910:	  //other players discard hand and redraw if hand size > 4
    #####:  911:	  for (i = 0; i < state->numPlayers; i++)
branch  0 never executed
branch  1 never executed
        -:  912:	    {
    #####:  913:	      if (i != currentPlayer)
branch  0 never executed
branch  1 never executed
        -:  914:		{
    #####:  915:		  if ( state->handCount[i] > 4 )
branch  0 never executed
branch  1 never executed
        -:  916:		    {
        -:  917:		      //discard hand
    #####:  918:		      while( state->handCount[i] > 0 )
branch  0 never executed
branch  1 never executed
        -:  919:			{
    #####:  920:			  discardCard(handPos, i, state, 0);
call    0 never executed
        -:  921:			}
        -:  922:							
        -:  923:		      //draw 4
    #####:  924:		      for (j = 0; j < 4; j++)
branch  0 never executed
branch  1 never executed
        -:  925:			{
    #####:  926:			  drawCard(i, state);
call    0 never executed
        -:  927:			}
        -:  928:		    }
        -:  929:		}
        -:  930:	    }
        -:  931:				
        -:  932:	}
    #####:  933:      return 0;
        -:  934:		
        -:  935:    case steward:
    #####:  936:      if (choice1 == 1)
branch  0 never executed
branch  1 never executed
        -:  937:	{
        -:  938:	  //+2 cards
    #####:  939:	  drawCard(currentPlayer, state);
call    0 never executed
    #####:  940:	  drawCard(currentPlayer, state);
call    0 never executed
        -:  941:	}
    #####:  942:      else if (choice1 == 2)
branch  0 never executed
branch  1 never executed
        -:  943:	{
        -:  944:	  //+2 coins
    #####:  945:	  state->coins = state->coins + 2;
        -:  946:	}
        -:  947:      else
        -:  948:	{
        -:  949:	  //trash 2 cards in hand
    #####:  950:	  discardCard(choice2, currentPlayer, state, 1);
call    0 never executed
    #####:  951:	  discardCard(choice3, currentPlayer, state, 1);
call    0 never executed
        -:  952:	}
        -:  953:			
        -:  954:      //discard card from hand
    #####:  955:      discardCard(handPos, currentPlayer, state, 0);
call    0 never executed
    #####:  956:      return 0;
        -:  957:		
        -:  958:    case tribute:
    #####:  959:      if ((state->discardCount[nextPlayer] + state->deckCount[nextPlayer]) <= 1){
branch  0 never executed
branch  1 never executed
    #####:  960:	if (state->deckCount[nextPlayer] > 0){
branch  0 never executed
branch  1 never executed
    #####:  961:	  tributeRevealedCards[0] = state->deck[nextPlayer][state->deckCount[nextPlayer]-1];
    #####:  962:	  state->deckCount[nextPlayer]--;
        -:  963:	}
    #####:  964:	else if (state->discardCount[nextPlayer] > 0){
branch  0 never executed
branch  1 never executed
    #####:  965:	  tributeRevealedCards[0] = state->discard[nextPlayer][state->discardCount[nextPlayer]-1];
    #####:  966:	  state->discardCount[nextPlayer]--;
        -:  967:	}
        -:  968:	else{
        -:  969:	  //No Card to Reveal
        -:  970:	  if (DEBUG){
        -:  971:	    printf("No cards to reveal\n");
        -:  972:	  }
        -:  973:	}
        -:  974:      }
        -:  975:	    
        -:  976:      else{
    #####:  977:	if (state->deckCount[nextPlayer] == 0){
branch  0 never executed
branch  1 never executed
    #####:  978:	  for (i = 0; i < state->discardCount[nextPlayer]; i++){
branch  0 never executed
branch  1 never executed
    #####:  979:	    state->deck[nextPlayer][i] = state->discard[nextPlayer][i];//Move to deck
    #####:  980:	    state->deckCount[nextPlayer]++;
    #####:  981:	    state->discard[nextPlayer][i] = -1;
    #####:  982:	    state->discardCount[nextPlayer]--;
        -:  983:	  }
        -:  984:			    
    #####:  985:	  shuffle(nextPlayer,state);//Shuffle the deck
call    0 never executed
        -:  986:	} 
    #####:  987:	tributeRevealedCards[0] = state->deck[nextPlayer][state->deckCount[nextPlayer]-1];
    #####:  988:	state->deck[nextPlayer][state->deckCount[nextPlayer]--] = -1;
    #####:  989:	state->deckCount[nextPlayer]--;
    #####:  990:	tributeRevealedCards[1] = state->deck[nextPlayer][state->deckCount[nextPlayer]-1];
    #####:  991:	state->deck[nextPlayer][state->deckCount[nextPlayer]--] = -1;
    #####:  992:	state->deckCount[nextPlayer]--;
        -:  993:      }    
        -:  994:		       
    #####:  995:      if (tributeRevealedCards[0] == tributeRevealedCards[1]){//If we have a duplicate card, just drop one 
branch  0 never executed
branch  1 never executed
    #####:  996:	state->playedCards[state->playedCardCount] = tributeRevealedCards[1];
    #####:  997:	state->playedCardCount++;
    #####:  998:	tributeRevealedCards[1] = -1;
        -:  999:      }
        -: 1000:
    #####: 1001:      for (i = 0; i <= 2; i ++){
branch  0 never executed
branch  1 never executed
    #####: 1002:	if (tributeRevealedCards[i] == copper || tributeRevealedCards[i] == silver || tributeRevealedCards[i] == gold){//Treasure cards
branch  0 never executed
branch  1 never executed
branch  2 never executed
branch  3 never executed
branch  4 never executed
branch  5 never executed
    #####: 1003:	  state->coins += 2;
        -: 1004:	}
        -: 1005:		    
    #####: 1006:	else if (tributeRevealedCards[i] == estate || tributeRevealedCards[i] == duchy || tributeRevealedCards[i] == province || tributeRevealedCards[i] == gardens || tributeRevealedCards[i] == great_hall){//Victory Card Found
branch  0 never executed
branch  1 never executed
branch  2 never executed
branch  3 never executed
branch  4 never executed
branch  5 never executed
branch  6 never executed
branch  7 never executed
branch  8 never executed
branch  9 never executed
    #####: 1007:	  drawCard(currentPlayer, state);
call    0 never executed
    #####: 1008:	  drawCard(currentPlayer, state);
call    0 never executed
        -: 1009:	}
        -: 1010:	else{//Action Card
    #####: 1011:	  state->numActions = state->numActions + 2;
        -: 1012:	}
        -: 1013:      }
        -: 1014:	    
    #####: 1015:      return 0;
        -: 1016:		
        -: 1017:    case ambassador:
    #####: 1018:      j = 0;		//used to check if player has enough cards to discard
        -: 1019:
    #####: 1020:      if (choice2 > 2 || choice2 < 0)
branch  0 never executed
branch  1 never executed
branch  2 never executed
branch  3 never executed
        -: 1021:	{
    #####: 1022:	  return -1;				
        -: 1023:	}
        -: 1024:
    #####: 1025:      if (choice1 == handPos)
branch  0 never executed
branch  1 never executed
        -: 1026:	{
    #####: 1027:	  return -1;
        -: 1028:	}
        -: 1029:
    #####: 1030:      for (i = 0; i < state->handCount[currentPlayer]; i++)
branch  0 never executed
branch  1 never executed
        -: 1031:	{
    #####: 1032:	  if (i != handPos && i == state->hand[currentPlayer][choice1] && i != choice1)
branch  0 never executed
branch  1 never executed
branch  2 never executed
branch  3 never executed
branch  4 never executed
branch  5 never executed
        -: 1033:	    {
    #####: 1034:	      j++;
        -: 1035:	    }
        -: 1036:	}
    #####: 1037:      if (j < choice2)
branch  0 never executed
branch  1 never executed
        -: 1038:	{
    #####: 1039:	  return -1;				
        -: 1040:	}
        -: 1041:
        -: 1042:      if (DEBUG) 
        -: 1043:	printf("Player %d reveals card number: %d\n", currentPlayer, state->hand[currentPlayer][choice1]);
        -: 1044:
        -: 1045:      //increase supply count for choosen card by amount being discarded
    #####: 1046:      state->supplyCount[state->hand[currentPlayer][choice1]] += choice2;
        -: 1047:			
        -: 1048:      //each other player gains a copy of revealed card
    #####: 1049:      for (i = 0; i < state->numPlayers; i++)
branch  0 never executed
branch  1 never executed
        -: 1050:	{
    #####: 1051:	  if (i != currentPlayer)
branch  0 never executed
branch  1 never executed
        -: 1052:	    {
    #####: 1053:	      gainCard(state->hand[currentPlayer][choice1], state, 0, i);
call    0 never executed
        -: 1054:	    }
        -: 1055:	}
        -: 1056:
        -: 1057:      //discard played card from hand
    #####: 1058:      discardCard(handPos, currentPlayer, state, 0);			
call    0 never executed
        -: 1059:
        -: 1060:      //trash copies of cards returned to supply
    #####: 1061:      for (j = 0; j < choice2; j++)
branch  0 never executed
branch  1 never executed
        -: 1062:	{
    #####: 1063:	  for (i = 0; i < state->handCount[currentPlayer]; i++)
branch  0 never executed
branch  1 never executed
        -: 1064:	    {
    #####: 1065:	      if (state->hand[currentPlayer][i] == state->hand[currentPlayer][choice1])
branch  0 never executed
branch  1 never executed
        -: 1066:		{
    #####: 1067:		  discardCard(i, currentPlayer, state, 1);
call    0 never executed
    #####: 1068:		  break;
        -: 1069:		}
        -: 1070:	    }
        -: 1071:	}			
        -: 1072:
    #####: 1073:      return 0;
        -: 1074:		
        -: 1075:    case cutpurse:
        -: 1076:
    #####: 1077:      updateCoins(currentPlayer, state, 2);
call    0 never executed
    #####: 1078:      for (i = 0; i < state->numPlayers; i++)
branch  0 never executed
branch  1 never executed
        -: 1079:	{
    #####: 1080:	  if (i != currentPlayer)
branch  0 never executed
branch  1 never executed
        -: 1081:	    {
    #####: 1082:	      for (j = 0; j < state->handCount[i]; j++)
branch  0 never executed
branch  1 never executed
        -: 1083:		{
    #####: 1084:		  if (state->hand[i][j] == copper)
branch  0 never executed
branch  1 never executed
        -: 1085:		    {
    #####: 1086:		      discardCard(j, i, state, 0);
call    0 never executed
    #####: 1087:		      break;
        -: 1088:		    }
    #####: 1089:		  if (j == state->handCount[i])
branch  0 never executed
branch  1 never executed
        -: 1090:		    {
    #####: 1091:		      for (k = 0; k < state->handCount[i]; k++)
branch  0 never executed
branch  1 never executed
        -: 1092:			{
        -: 1093:			  if (DEBUG)
        -: 1094:			    printf("Player %d reveals card number %d\n", i, state->hand[i][k]);
        -: 1095:			}	
    #####: 1096:		      break;
        -: 1097:		    }		
        -: 1098:		}
        -: 1099:					
        -: 1100:	    }
        -: 1101:				
        -: 1102:	}				
        -: 1103:
        -: 1104:      //discard played card from hand
    #####: 1105:      discardCard(handPos, currentPlayer, state, 0);			
call    0 never executed
        -: 1106:
    #####: 1107:      return 0;
        -: 1108:
        -: 1109:		
        -: 1110:    case embargo: 
        -: 1111:      //+2 Coins
    #####: 1112:      state->coins = state->coins + 2;
        -: 1113:			
        -: 1114:      //see if selected pile is in play
    #####: 1115:      if ( state->supplyCount[choice1] == -1 )
branch  0 never executed
branch  1 never executed
        -: 1116:	{
    #####: 1117:	  return -1;
        -: 1118:	}
        -: 1119:			
        -: 1120:      //add embargo token to selected supply pile
    #####: 1121:      state->embargoTokens[choice1]++;
        -: 1122:			
        -: 1123:      //trash card
    #####: 1124:      discardCard(handPos, currentPlayer, state, 1);		
call    0 never executed
    #####: 1125:      return 0;
        -: 1126:		
        -: 1127:    case outpost:
        -: 1128:      //set outpost flag
    #####: 1129:      state->outpostPlayed++;
        -: 1130:			
        -: 1131:      //discard card
    #####: 1132:      discardCard(handPos, currentPlayer, state, 0);
call    0 never executed
    #####: 1133:      return 0;
        -: 1134:		
        -: 1135:    case salvager:
    #####: 1136:      salvagerAction(currentPlayer, choice1, handPos, state);
call    0 never executed
    #####: 1137:      return 0;
        -: 1138:		
        -: 1139:    case sea_hag:
    #####: 1140:      sea_hagAction(currentPlayer,state);
call    0 never executed
    #####: 1141:      return 0;
        -: 1142:		
        -: 1143:    case treasure_map:
        -: 1144:      //search hand for another treasure_map
    #####: 1145:      index = -1;
    #####: 1146:      for (i = 0; i < state->handCount[currentPlayer]; i++)
branch  0 never executed
branch  1 never executed
        -: 1147:	{
    #####: 1148:	  if (state->hand[currentPlayer][i] == treasure_map && i != handPos)
branch  0 never executed
branch  1 never executed
branch  2 never executed
branch  3 never executed
        -: 1149:	    {
    #####: 1150:	      index = i;
    #####: 1151:	      break;
        -: 1152:	    }
        -: 1153:	}
    #####: 1154:      if (index > -1)
branch  0 never executed
branch  1 never executed
        -: 1155:	{
        -: 1156:	  //trash both treasure cards
    #####: 1157:	  discardCard(handPos, currentPlayer, state, 1);
call    0 never executed
    #####: 1158:	  discardCard(index, currentPlayer, state, 1);
call    0 never executed
        -: 1159:
        -: 1160:	  //gain 4 Gold cards
    #####: 1161:	  for (i = 0; i < 4; i++)
branch  0 never executed
branch  1 never executed
        -: 1162:	    {
    #####: 1163:	      gainCard(gold, state, 1, currentPlayer);
call    0 never executed
        -: 1164:	    }
        -: 1165:				
        -: 1166:	  //return success
    #####: 1167:	  return 1;
        -: 1168:	}
        -: 1169:			
        -: 1170:      //no second treasure_map found in hand
    #####: 1171:      return -1;
        -: 1172:    }
        -: 1173:	
    #####: 1174:  return -1;
        -: 1175:}
        -: 1176:
function discardCard called 5 returned 100% blocks executed 78%
        5: 1177:int discardCard(int handPos, int currentPlayer, struct gameState *state, int trashFlag)
        -: 1178:{
        -: 1179:	
        -: 1180:  //if card is not trashed, added to Played pile 
        5: 1181:  if (trashFlag < 1)
branch  0 taken 80% (fallthrough)
branch  1 taken 20%
        -: 1182:    {
        -: 1183:      //add card to played pile
        4: 1184:      state->playedCards[state->playedCardCount] = state->hand[currentPlayer][handPos]; 
        4: 1185:      state->playedCardCount++;
        -: 1186:    }
        -: 1187:	
        -: 1188:  //set played card to -1
        5: 1189:  state->hand[currentPlayer][handPos] = -1;
        -: 1190:	
        -: 1191:  //remove card from player's hand
        5: 1192:  if ( handPos == (state->handCount[currentPlayer] - 1) ) 	//last card in hand array is played
branch  0 taken 0% (fallthrough)
branch  1 taken 100%
        -: 1193:    {
        -: 1194:      //reduce number of cards in hand
    #####: 1195:      state->handCount[currentPlayer]--;
        -: 1196:    }
        5: 1197:  else if ( state->handCount[currentPlayer] == 1 ) //only one card in hand
branch  0 taken 0% (fallthrough)
branch  1 taken 100%
        -: 1198:    {
        -: 1199:      //reduce number of cards in hand
    #####: 1200:      state->handCount[currentPlayer]--;
        -: 1201:    }
        -: 1202:  else 	
        -: 1203:    {
        -: 1204:      //replace discarded card with last card in hand
        5: 1205:      state->hand[currentPlayer][handPos] = state->hand[currentPlayer][ (state->handCount[currentPlayer] - 1)];
        -: 1206:      //set last card to -1
        5: 1207:      state->hand[currentPlayer][state->handCount[currentPlayer] - 1] = -1;
        -: 1208:      //reduce number of cards in hand
        5: 1209:      state->handCount[currentPlayer]--;
        -: 1210:    }
        -: 1211:	
        5: 1212:  return 0;
        -: 1213:}
        -: 1214:
function gainCard called 2 returned 100% blocks executed 70%
        2: 1215:int gainCard(int supplyPos, struct gameState *state, int toFlag, int player)
        -: 1216:{
        -: 1217:  //Note: supplyPos is enum of choosen card
        -: 1218:	
        -: 1219:  //check if supply pile is empty (0) or card is not used in game (-1)
        2: 1220:  if ( supplyCount(supplyPos, state) < 1 )
call    0 returned 100%
branch  1 taken 0% (fallthrough)
branch  2 taken 100%
        -: 1221:    {
    #####: 1222:      return -1;
        -: 1223:    }
        -: 1224:	
        -: 1225:  //added card for [whoseTurn] current player:
        -: 1226:  // toFlag = 0 : add to discard
        -: 1227:  // toFlag = 1 : add to deck
        -: 1228:  // toFlag = 2 : add to hand
        -: 1229:
        2: 1230:  if (toFlag == 1)
branch  0 taken 0% (fallthrough)
branch  1 taken 100%
        -: 1231:    {
    #####: 1232:      state->deck[ player ][ state->deckCount[player] ] = supplyPos;
    #####: 1233:      state->deckCount[player]++;
        -: 1234:    }
        2: 1235:  else if (toFlag == 2)
branch  0 taken 0% (fallthrough)
branch  1 taken 100%
        -: 1236:    {
    #####: 1237:      state->hand[ player ][ state->handCount[player] ] = supplyPos;
    #####: 1238:      state->handCount[player]++;
        -: 1239:    }
        -: 1240:  else
        -: 1241:    {
        2: 1242:      state->discard[player][ state->discardCount[player] ] = supplyPos;
        2: 1243:      state->discardCount[player]++;
        -: 1244:    }
        -: 1245:	
        -: 1246:  //decrease number in supply pile
        2: 1247:  state->supplyCount[supplyPos]--;
        -: 1248:	 
        2: 1249:  return 0;
        -: 1250:}
        -: 1251:
function updateCoins called 16 returned 100% blocks executed 100%
       16: 1252:int updateCoins(int player, struct gameState *state, int bonus)
        -: 1253:{
        -: 1254:  int i;
        -: 1255:	
        -: 1256:  //reset coin count
       16: 1257:  state->coins = 0;
        -: 1258:
        -: 1259:  //add coins for each Treasure card in player's hand
      103: 1260:  for (i = 0; i < state->handCount[player]; i++)
branch  0 taken 84%
branch  1 taken 16% (fallthrough)
        -: 1261:    {
       87: 1262:      if (state->hand[player][i] == copper)
branch  0 taken 46% (fallthrough)
branch  1 taken 54%
        -: 1263:	{
       40: 1264:	  state->coins += 1;
        -: 1265:	}
       47: 1266:      else if (state->hand[player][i] == silver)
branch  0 taken 9% (fallthrough)
branch  1 taken 91%
        -: 1267:	{
        4: 1268:	  state->coins += 2;
        -: 1269:	}
       43: 1270:      else if (state->hand[player][i] == gold)
branch  0 taken 9% (fallthrough)
branch  1 taken 91%
        -: 1271:	{
        4: 1272:	  state->coins += 3;
        -: 1273:	}	
        -: 1274:    }	
        -: 1275:
        -: 1276:  //add bonus
       16: 1277:  state->coins += bonus;
        -: 1278:
       16: 1279:  return 0;
        -: 1280:}
        -: 1281:
function adventurerAction called 3 returned 100% blocks executed 94%
        3: 1282:int adventurerAction(int currentPlayer, struct gameState *state, int *temphand)
        -: 1283:{
        3: 1284:  int z = 0;
        3: 1285:  int drawntreasure = 0;
        -: 1286:  int cardDrawn;
        -: 1287:
       11: 1288:   while(drawntreasure<2){
branch  0 taken 63%
branch  1 taken 38% (fallthrough)
        5: 1289:  if (state->deckCount[currentPlayer] <1){//if the deck is empty we need to shuffle discard and add to deck
branch  0 taken 0% (fallthrough)
branch  1 taken 100%
    #####: 1290:    shuffle(currentPlayer, state);
call    0 never executed
        -: 1291:  }
        5: 1292:  drawCard(currentPlayer, state);
call    0 returned 100%
        5: 1293:  cardDrawn = state->hand[currentPlayer][state->handCount[currentPlayer]-1];//top card of hand is most recently drawn card.
        5: 1294:  if (cardDrawn == copper || cardDrawn == silver || cardDrawn == gold)
branch  0 taken 80% (fallthrough)
branch  1 taken 20%
branch  2 taken 100% (fallthrough)
branch  3 taken 0%
branch  4 taken 0% (fallthrough)
branch  5 taken 100%
        1: 1295:    drawntreasure++;
        -: 1296:  else{
        4: 1297:    temphand[z]=cardDrawn;
        4: 1298:    state->handCount[currentPlayer]--; //this should just remove the top card (the most recently drawn one).
        4: 1299:    z++;
        -: 1300:  }
        5: 1301:  drawntreasure++;  
        -: 1302:      }
       10: 1303:      while(z-1>=0){
branch  0 taken 57%
branch  1 taken 43% (fallthrough)
        4: 1304:  state->discard[currentPlayer][state->discardCount[currentPlayer]++]=temphand[z-1]; // discard all cards in play that have been drawn
        4: 1305:  z=z-1;
        -: 1306:      }
        3: 1307:      return 0;
        -: 1308:}
        -: 1309:
        -: 1310:
function smithyAction called 1 returned 100% blocks executed 100%
        1: 1311:int smithyAction(int currentPlayer,int handPos,struct gameState *state)
        -: 1312:{
        5: 1313:     for (int i = 0; i < 4; i++)
branch  0 taken 80%
branch  1 taken 20% (fallthrough)
        -: 1314:  {
        4: 1315:    drawCard(currentPlayer, state);
call    0 returned 100%
        -: 1316:  }
        -: 1317:      
        -: 1318:      //discard card from hand
        1: 1319:      discardCard(handPos, currentPlayer, state, 0);
call    0 returned 100%
        1: 1320:      return 0;
        -: 1321:}
        -: 1322:
function villageAction called 0 returned 0% blocks executed 0%
    #####: 1323:int villageAction(int currentPlayer, int handPos, struct gameState *state)
        -: 1324:{
        -: 1325:  //+1 Card
    #####: 1326:      drawCard(currentPlayer, state);
call    0 never executed
        -: 1327:      
        -: 1328:      //+2 Actions
    #####: 1329:      state->numActions = state->numActions + 2;
        -: 1330:      
        -: 1331:      //discard played card from hand
    #####: 1332:      discardCard(handPos, currentPlayer, state, 1);
call    0 never executed
    #####: 1333:      return 0;
        -: 1334:}
        -: 1335:
        -: 1336:
function sea_hagAction called 0 returned 0% blocks executed 0%
    #####: 1337:int sea_hagAction(int currentPlayer, struct gameState *state)
        -: 1338:{
    #####: 1339:    for (int i = 0; i < state->numPlayers; i++){
branch  0 never executed
branch  1 never executed
    #####: 1340:  if (i == currentPlayer){
branch  0 never executed
branch  1 never executed
    #####: 1341:    state->discard[i][state->discardCount[i]] = state->deck[i][state->deckCount[i]--];          state->deckCount[i]--;
    #####: 1342:    state->discardCount[i]++;
    #####: 1343:    state->deck[i][state->deckCount[i]--] = curse;//Top card now a curse
        -: 1344:  }
        -: 1345:      }
    #####: 1346:      return 0;
        -: 1347:}
        -: 1348:
        -: 1349:
function salvagerAction called 0 returned 0% blocks executed 0%
    #####: 1350:int salvagerAction(int currentPlayer, int choice1, int handPos, struct gameState *state)
        -: 1351:{
        -: 1352:     //+2 buy
    #####: 1353:      state->numBuys = state->numBuys +2;
        -: 1354:      
    #####: 1355:  if (choice1)
branch  0 never executed
branch  1 never executed
        -: 1356:  {
        -: 1357:    //gain coins equal to trashed card
    #####: 1358:    state->coins = state->coins + getCost( handCard(choice1, state) );
call    0 never executed
call    1 never executed
        -: 1359:    //trash card
    #####: 1360:    discardCard(choice1, currentPlayer, state, 1);  
call    0 never executed
        -: 1361:  }
        -: 1362:      
        -: 1363:      //discard card
    #####: 1364:      discardCard(handPos, currentPlayer, state, 0);
call    0 never executed
    #####: 1365:      return 0;
        -: 1366:}
        -: 1367:
        -: 1368:
        -: 1369:
        -: 1370://end of dominion.c
        -: 1371:
        -: 1372:
        -: 1373:
        -: 1374:
