        -:    0:Source:dominion.c
        -:    0:Graph:dominion.gcno
        -:    0:Data:dominion.gcda
        -:    0:Runs:49
        -:    0:Programs:22
        -:    1:#include "dominion.h"
        -:    2:#include "dominion_helpers.h"
        -:    3:#include "rngs.h"
        -:    4:#include <stdio.h>
        -:    5:#include <math.h>
        -:    6:#include <stdlib.h>
        -:    7:
function compare called 311744 returned 100% blocks executed 100%
   311744:    8:int compare(const void* a, const void* b) {
   311744:    9:  if (*(int*)a > *(int*)b)
branch  0 taken 19% (fallthrough)
branch  1 taken 81%
    58425:   10:    return 1;
   253319:   11:  if (*(int*)a < *(int*)b)
branch  0 taken 5% (fallthrough)
branch  1 taken 95%
    12449:   12:    return -1;
   240870:   13:  return 0;
        -:   14:}
        -:   15:
function newGame called 0 returned 0% blocks executed 0%
    #####:   16:struct gameState* newGame() {
    #####:   17:  struct gameState* g = malloc(sizeof(struct gameState));
    #####:   18:  return g;
        -:   19:}
        -:   20:
function kingdomCards called 0 returned 0% blocks executed 0%
    #####:   21:int* kingdomCards(int k1, int k2, int k3, int k4, int k5, int k6, int k7,
        -:   22:		  int k8, int k9, int k10) {
    #####:   23:  int* k = malloc(10 * sizeof(int));
    #####:   24:  k[0] = k1;
    #####:   25:  k[1] = k2;
    #####:   26:  k[2] = k3;
    #####:   27:  k[3] = k4;
    #####:   28:  k[4] = k5;
    #####:   29:  k[5] = k6;
    #####:   30:  k[6] = k7;
    #####:   31:  k[7] = k8;
    #####:   32:  k[8] = k9;
    #####:   33:  k[9] = k10;
    #####:   34:  return k;
        -:   35:}
        -:   36:
function initializeGame called 49 returned 100% blocks executed 94%
       49:   37:int initializeGame(int numPlayers, int kingdomCards[10], int randomSeed,
        -:   38:		   struct gameState *state) {
        -:   39:
        -:   40:  int i;
        -:   41:  int j;
        -:   42:  int it;			
        -:   43:  //set up random number generator
       49:   44:  SelectStream(1);
call    0 returned 100%
       49:   45:  PutSeed((long)randomSeed);
call    0 returned 100%
        -:   46:  
        -:   47:  //check number of players
       49:   48:  if (numPlayers > MAX_PLAYERS || numPlayers < 2)
branch  0 taken 100% (fallthrough)
branch  1 taken 0%
branch  2 taken 0% (fallthrough)
branch  3 taken 100%
        -:   49:    {
    #####:   50:      return -1;
        -:   51:    }
        -:   52:
        -:   53:  //set number of players
       49:   54:  state->numPlayers = numPlayers;
        -:   55:
        -:   56:  //check selected kingdom cards are different
      539:   57:  for (i = 0; i < 10; i++)
branch  0 taken 91%
branch  1 taken 9% (fallthrough)
        -:   58:    {
     5390:   59:      for (j = 0; j < 10; j++)
branch  0 taken 91%
branch  1 taken 9% (fallthrough)
        -:   60:        {
     4900:   61:	  if (j != i && kingdomCards[j] == kingdomCards[i])
branch  0 taken 90% (fallthrough)
branch  1 taken 10%
branch  2 taken 0% (fallthrough)
branch  3 taken 100%
        -:   62:	    {
    #####:   63:	      return -1;
        -:   64:	    }
        -:   65:        }
        -:   66:    }
        -:   67:
        -:   68:
        -:   69:  //initialize supply
        -:   70:  ///////////////////////////////
        -:   71:
        -:   72:  //set number of Curse cards
       49:   73:  if (numPlayers == 2)
branch  0 taken 65% (fallthrough)
branch  1 taken 35%
        -:   74:    {
       32:   75:      state->supplyCount[curse] = 10;
        -:   76:    }
       17:   77:  else if (numPlayers == 3)
branch  0 taken 0% (fallthrough)
branch  1 taken 100%
        -:   78:    {
    #####:   79:      state->supplyCount[curse] = 20;
        -:   80:    }
        -:   81:  else
        -:   82:    {
       17:   83:      state->supplyCount[curse] = 30;
        -:   84:    }
        -:   85:
        -:   86:  //set number of Victory cards
       49:   87:  if (numPlayers == 2)
branch  0 taken 65% (fallthrough)
branch  1 taken 35%
        -:   88:    {
       32:   89:      state->supplyCount[estate] = 8;
       32:   90:      state->supplyCount[duchy] = 8;
       32:   91:      state->supplyCount[province] = 8;
        -:   92:    }
        -:   93:  else
        -:   94:    {
       17:   95:      state->supplyCount[estate] = 12;
       17:   96:      state->supplyCount[duchy] = 12;
       17:   97:      state->supplyCount[province] = 12;
        -:   98:    }
        -:   99:
        -:  100:  //set number of Treasure cards
       49:  101:  state->supplyCount[copper] = 60 - (7 * numPlayers);
       49:  102:  state->supplyCount[silver] = 40;
       49:  103:  state->supplyCount[gold] = 30;
        -:  104:
        -:  105:  //set number of Kingdom cards
     1029:  106:  for (i = adventurer; i <= treasure_map; i++)       	//loop all cards
branch  0 taken 95%
branch  1 taken 5% (fallthrough)
        -:  107:    {
     8085:  108:      for (j = 0; j < 10; j++)           		//loop chosen cards
branch  0 taken 94%
branch  1 taken 6% (fallthrough)
        -:  109:	{
     7595:  110:	  if (kingdomCards[j] == i)
branch  0 taken 6% (fallthrough)
branch  1 taken 94%
        -:  111:	    {
        -:  112:	      //check if card is a 'Victory' Kingdom card
      490:  113:	      if (kingdomCards[j] == great_hall || kingdomCards[j] == gardens)
branch  0 taken 100% (fallthrough)
branch  1 taken 0%
branch  2 taken 10% (fallthrough)
branch  3 taken 90%
        -:  114:		{
       98:  115:		  if (numPlayers == 2){ 
branch  0 taken 65% (fallthrough)
branch  1 taken 35%
       32:  116:		    state->supplyCount[i] = 8; 
        -:  117:		  }
       17:  118:		  else{ state->supplyCount[i] = 12; }
        -:  119:		}
        -:  120:	      else
        -:  121:		{
      441:  122:		  state->supplyCount[i] = 10;
        -:  123:		}
      490:  124:	      break;
        -:  125:	    }
        -:  126:	  else    //card is not in the set choosen for the game
        -:  127:	    {
     7105:  128:	      state->supplyCount[i] = -1;
        -:  129:	    }
        -:  130:	}
        -:  131:
        -:  132:    }
        -:  133:
        -:  134:  ////////////////////////
        -:  135:  //supply intilization complete
        -:  136:
        -:  137:  //set player decks
      181:  138:  for (i = 0; i < numPlayers; i++)
branch  0 taken 73%
branch  1 taken 27% (fallthrough)
        -:  139:    {
      132:  140:      state->deckCount[i] = 0;
      528:  141:      for (j = 0; j < 3; j++)
branch  0 taken 75%
branch  1 taken 25% (fallthrough)
        -:  142:	{
      396:  143:	  state->deck[i][j] = estate;
      396:  144:	  state->deckCount[i]++;
        -:  145:	}
     1056:  146:      for (j = 3; j < 10; j++)
branch  0 taken 88%
branch  1 taken 13% (fallthrough)
        -:  147:	{
      924:  148:	  state->deck[i][j] = copper;
      924:  149:	  state->deckCount[i]++;		
        -:  150:	}
        -:  151:    }
        -:  152:
        -:  153:  //shuffle player decks
      181:  154:  for (i = 0; i < numPlayers; i++)
branch  0 taken 73%
branch  1 taken 27% (fallthrough)
        -:  155:    {
      132:  156:      if ( shuffle(i, state) < 0 )
call    0 returned 100%
branch  1 taken 0% (fallthrough)
branch  2 taken 100%
        -:  157:	{
    #####:  158:	  return -1;
        -:  159:	}
        -:  160:    }
        -:  161:
        -:  162:  //draw player hands
      181:  163:  for (i = 0; i < numPlayers; i++)
branch  0 taken 73%
branch  1 taken 27% (fallthrough)
        -:  164:    {  
        -:  165:      //initialize hand size to zero
      132:  166:      state->handCount[i] = 0;
      132:  167:      state->discardCount[i] = 0;
        -:  168:      //draw 5 cards
        -:  169:      // for (j = 0; j < 5; j++)
        -:  170:      //	{
        -:  171:      //	  drawCard(i, state);
        -:  172:      //	}
        -:  173:    }
        -:  174:  
        -:  175:  //set embargo tokens to 0 for all supply piles
     1372:  176:  for (i = 0; i <= treasure_map; i++)
branch  0 taken 96%
branch  1 taken 4% (fallthrough)
        -:  177:    {
     1323:  178:      state->embargoTokens[i] = 0;
        -:  179:    }
        -:  180:
        -:  181:  //initialize first player's turn
       49:  182:  state->outpostPlayed = 0;
       49:  183:  state->phase = 0;
       49:  184:  state->numActions = 1;
       49:  185:  state->numBuys = 1;
       49:  186:  state->playedCardCount = 0;
       49:  187:  state->whoseTurn = 0;
       49:  188:  state->handCount[state->whoseTurn] = 0;
        -:  189:  //int it; move to top
        -:  190:
        -:  191:  //Moved draw cards to here, only drawing at the start of a turn
      294:  192:  for (it = 0; it < 5; it++){
branch  0 taken 83%
branch  1 taken 17% (fallthrough)
      245:  193:    drawCard(state->whoseTurn, state);
call    0 returned 100%
        -:  194:  }
        -:  195:
       49:  196:  updateCoins(state->whoseTurn, state, 0);
call    0 returned 100%
        -:  197:
       49:  198:  return 0;
        -:  199:}
        -:  200:
function shuffle called 22382 returned 100% blocks executed 100%
    22382:  201:int shuffle(int player, struct gameState *state) {
        -:  202: 
        -:  203:
        -:  204:  int newDeck[MAX_DECK];
    22382:  205:  int newDeckPos = 0;
        -:  206:  int card;
        -:  207:  int i;
        -:  208:
    22382:  209:  if (state->deckCount[player] < 1)
branch  0 taken 91% (fallthrough)
branch  1 taken 9%
    20366:  210:    return -1;
     2016:  211:  qsort ((void*)(state->deck[player]), state->deckCount[player], sizeof(int), compare); 
call    0 returned 100%
        -:  212:  /* SORT CARDS IN DECK TO ENSURE DETERMINISM! */
        -:  213:
    97432:  214:  while (state->deckCount[player] > 0) {
branch  0 taken 98%
branch  1 taken 2% (fallthrough)
    93400:  215:    card = floor(Random() * state->deckCount[player]);
call    0 returned 100%
    93400:  216:    newDeck[newDeckPos] = state->deck[player][card];
    93400:  217:    newDeckPos++;
  1680063:  218:    for (i = card; i < state->deckCount[player]-1; i++) {
branch  0 taken 94%
branch  1 taken 6% (fallthrough)
  1586663:  219:      state->deck[player][i] = state->deck[player][i+1];
        -:  220:    }
    93400:  221:    state->deckCount[player]--;
        -:  222:  }
    95416:  223:  for (i = 0; i < newDeckPos; i++) {
branch  0 taken 98%
branch  1 taken 2% (fallthrough)
    93400:  224:    state->deck[player][i] = newDeck[i];
    93400:  225:    state->deckCount[player]++;
        -:  226:  }
        -:  227:
     2016:  228:  return 0;
        -:  229:}
        -:  230:
function playCard called 0 returned 0% blocks executed 0%
    #####:  231:int playCard(int handPos, int choice1, int choice2, int choice3, struct gameState *state) 
        -:  232:{	
        -:  233:  int card;
    #####:  234:  int coin_bonus = 0; 		//tracks coins gain from actions
        -:  235:
        -:  236:  //check if it is the right phase
    #####:  237:  if (state->phase != 0)
branch  0 never executed
branch  1 never executed
        -:  238:    {
    #####:  239:      return -1;
        -:  240:    }
        -:  241:	
        -:  242:  //check if player has enough actions
    #####:  243:  if ( state->numActions < 1 )
branch  0 never executed
branch  1 never executed
        -:  244:    {
    #####:  245:      return -1;
        -:  246:    }
        -:  247:	
        -:  248:  //get card played
    #####:  249:  card = handCard(handPos, state);
call    0 never executed
        -:  250:	
        -:  251:  //check if selected card is an action
    #####:  252:  if ( card < adventurer || card > treasure_map )
branch  0 never executed
branch  1 never executed
branch  2 never executed
branch  3 never executed
        -:  253:    {
    #####:  254:      return -1;
        -:  255:    }
        -:  256:	
        -:  257:  //play card
    #####:  258:  if ( cardEffect(card, choice1, choice2, choice3, state, handPos, &coin_bonus) < 0 )
call    0 never executed
branch  1 never executed
branch  2 never executed
        -:  259:    {
    #####:  260:      return -1;
        -:  261:    }
        -:  262:	
        -:  263:  //reduce number of actions
    #####:  264:  state->numActions--;
        -:  265:
        -:  266:  //update coins (Treasure cards may be added with card draws)
    #####:  267:  updateCoins(state->whoseTurn, state, coin_bonus);
call    0 never executed
        -:  268:	
    #####:  269:  return 0;
        -:  270:}
        -:  271:
function buyCard called 0 returned 0% blocks executed 0%
    #####:  272:int buyCard(int supplyPos, struct gameState *state) {
        -:  273:  int who;
        -:  274:  if (DEBUG){
        -:  275:    printf("Entering buyCard...\n");
        -:  276:  }
        -:  277:
        -:  278:  // I don't know what to do about the phase thing.
        -:  279:
    #####:  280:  who = state->whoseTurn;
        -:  281:
    #####:  282:  if (state->numBuys < 1){
branch  0 never executed
branch  1 never executed
        -:  283:    if (DEBUG)
        -:  284:      printf("You do not have any buys left\n");
    #####:  285:    return -1;
    #####:  286:  } else if (supplyCount(supplyPos, state) <1){
call    0 never executed
branch  1 never executed
branch  2 never executed
        -:  287:    if (DEBUG)
        -:  288:      printf("There are not any of that type of card left\n");
    #####:  289:    return -1;
    #####:  290:  } else if (state->coins < getCost(supplyPos)){
call    0 never executed
branch  1 never executed
branch  2 never executed
        -:  291:    if (DEBUG) 
        -:  292:      printf("You do not have enough money to buy that. You have %d coins.\n", state->coins);
    #####:  293:    return -1;
        -:  294:  } else {
    #####:  295:    state->phase=1;
        -:  296:    //state->supplyCount[supplyPos]--;
    #####:  297:    gainCard(supplyPos, state, 0, who); //card goes in discard, this might be wrong.. (2 means goes into hand, 0 goes into discard)
call    0 never executed
        -:  298:  
    #####:  299:    state->coins = (state->coins) - (getCost(supplyPos));
call    0 never executed
    #####:  300:    state->numBuys--;
        -:  301:    if (DEBUG)
        -:  302:      printf("You bought card number %d for %d coins. You now have %d buys and %d coins.\n", supplyPos, getCost(supplyPos), state->numBuys, state->coins);
        -:  303:  }
        -:  304:
        -:  305:  //state->discard[who][state->discardCount[who]] = supplyPos;
        -:  306:  //state->discardCount[who]++;
        -:  307:    
    #####:  308:  return 0;
        -:  309:}
        -:  310:
function numHandCards called 0 returned 0% blocks executed 0%
    #####:  311:int numHandCards(struct gameState *state) {
    #####:  312:  return state->handCount[ whoseTurn(state) ];
call    0 never executed
        -:  313:}
        -:  314:
function handCard called 0 returned 0% blocks executed 0%
    #####:  315:int handCard(int handPos, struct gameState *state) {
    #####:  316:  int currentPlayer = whoseTurn(state);
call    0 never executed
    #####:  317:  return state->hand[currentPlayer][handPos];
        -:  318:}
        -:  319:
function supplyCount called 14901 returned 100% blocks executed 100%
    14901:  320:int supplyCount(int card, struct gameState *state) {
    14901:  321:  return state->supplyCount[card];
        -:  322:}
        -:  323:
function fullDeckCount called 0 returned 0% blocks executed 0%
    #####:  324:int fullDeckCount(int player, int card, struct gameState *state) {
        -:  325:  int i;
    #####:  326:  int count = 0;
        -:  327:
    #####:  328:  for (i = 0; i < state->deckCount[player]; i++)
branch  0 never executed
branch  1 never executed
        -:  329:    {
    #####:  330:      if (state->deck[player][i] == card) count++;
branch  0 never executed
branch  1 never executed
        -:  331:    }
        -:  332:
    #####:  333:  for (i = 0; i < state->handCount[player]; i++)
branch  0 never executed
branch  1 never executed
        -:  334:    {
    #####:  335:      if (state->hand[player][i] == card) count++;
branch  0 never executed
branch  1 never executed
        -:  336:    }
        -:  337:
    #####:  338:  for (i = 0; i < state->discardCount[player]; i++)
branch  0 never executed
branch  1 never executed
        -:  339:    {
    #####:  340:      if (state->discard[player][i] == card) count++;
branch  0 never executed
branch  1 never executed
        -:  341:    }
        -:  342:
    #####:  343:  return count;
        -:  344:}
        -:  345:
function whoseTurn called 6 returned 100% blocks executed 100%
        6:  346:int whoseTurn(struct gameState *state) {
        6:  347:  return state->whoseTurn;
        -:  348:}
        -:  349:
function endTurn called 0 returned 0% blocks executed 0%
    #####:  350:int endTurn(struct gameState *state) {
        -:  351:  int k;
        -:  352:  int i;
    #####:  353:  int currentPlayer = whoseTurn(state);
call    0 never executed
        -:  354:  
        -:  355:  //Discard hand
    #####:  356:  for (i = 0; i < state->handCount[currentPlayer]; i++){
branch  0 never executed
branch  1 never executed
    #####:  357:    state->discard[currentPlayer][state->discardCount[currentPlayer]++] = state->hand[currentPlayer][i];//Discard
    #####:  358:    state->hand[currentPlayer][i] = -1;//Set card to -1
        -:  359:  }
    #####:  360:  state->handCount[currentPlayer] = 0;//Reset hand count
        -:  361:    
        -:  362:  //Code for determining the player
    #####:  363:  if (currentPlayer < (state->numPlayers - 1)){ 
branch  0 never executed
branch  1 never executed
    #####:  364:    state->whoseTurn = currentPlayer + 1;//Still safe to increment
        -:  365:  }
        -:  366:  else{
    #####:  367:    state->whoseTurn = 0;//Max player has been reached, loop back around to player 1
        -:  368:  }
        -:  369:
    #####:  370:  state->outpostPlayed = 0;
    #####:  371:  state->phase = 0;
    #####:  372:  state->numActions = 1;
    #####:  373:  state->coins = 0;
    #####:  374:  state->numBuys = 1;
    #####:  375:  state->playedCardCount = 0;
    #####:  376:  state->handCount[state->whoseTurn] = 0;
        -:  377:
        -:  378:  //int k; move to top
        -:  379:  //Next player draws hand
    #####:  380:  for (k = 0; k < 5; k++){
branch  0 never executed
branch  1 never executed
    #####:  381:    drawCard(state->whoseTurn, state);//Draw a card
call    0 never executed
        -:  382:  }
        -:  383:
        -:  384:  //Update money
    #####:  385:  updateCoins(state->whoseTurn, state , 0);
call    0 never executed
        -:  386:
    #####:  387:  return 0;
        -:  388:}
        -:  389:
function isGameOver called 6 returned 100% blocks executed 82%
        6:  390:int isGameOver(struct gameState *state) {
        -:  391:  int i;
        -:  392:  int j;
        -:  393:	
        -:  394:  //if stack of Province cards is empty, the game ends
        6:  395:  if (state->supplyCount[province] == 0)
branch  0 taken 0% (fallthrough)
branch  1 taken 100%
        -:  396:    {
    #####:  397:      return 1;
        -:  398:    }
        -:  399:
        -:  400:  //if three supply pile are at 0, the game ends
        6:  401:  j = 0;
      156:  402:  for (i = 0; i < 25; i++)
branch  0 taken 96%
branch  1 taken 4% (fallthrough)
        -:  403:    {
      150:  404:      if (state->supplyCount[i] == 0)
branch  0 taken 4% (fallthrough)
branch  1 taken 96%
        -:  405:	{
        6:  406:	  j++;
        -:  407:	}
        -:  408:    }
        6:  409:  if ( j >= 3)
branch  0 taken 0% (fallthrough)
branch  1 taken 100%
        -:  410:    {
    #####:  411:      return 1;
        -:  412:    }
        -:  413:
        6:  414:  return 0;
        -:  415:}
        -:  416:
function scoreFor called 0 returned 0% blocks executed 0%
    #####:  417:int scoreFor (int player, struct gameState *state) {
        -:  418:
        -:  419:  int i;
    #####:  420:  int score = 0;
        -:  421:  //score from hand
    #####:  422:  for (i = 0; i < state->handCount[player]; i++)
branch  0 never executed
branch  1 never executed
        -:  423:    {
    #####:  424:      if (state->hand[player][i] == curse) { score = score - 1; };
branch  0 never executed
branch  1 never executed
    #####:  425:      if (state->hand[player][i] == estate) { score = score + 1; };
branch  0 never executed
branch  1 never executed
    #####:  426:      if (state->hand[player][i] == duchy) { score = score + 3; };
branch  0 never executed
branch  1 never executed
    #####:  427:      if (state->hand[player][i] == province) { score = score + 6; };
branch  0 never executed
branch  1 never executed
    #####:  428:      if (state->hand[player][i] == great_hall) { score = score + 1; };
branch  0 never executed
branch  1 never executed
    #####:  429:      if (state->hand[player][i] == gardens) { score = score + ( fullDeckCount(player, 0, state) / 10 ); };
branch  0 never executed
branch  1 never executed
call    2 never executed
        -:  430:    }
        -:  431:
        -:  432:  //score from discard
    #####:  433:  for (i = 0; i < state->discardCount[player]; i++)
branch  0 never executed
branch  1 never executed
        -:  434:    {
    #####:  435:      if (state->discard[player][i] == curse) { score = score - 1; };
branch  0 never executed
branch  1 never executed
    #####:  436:      if (state->discard[player][i] == estate) { score = score + 1; };
branch  0 never executed
branch  1 never executed
    #####:  437:      if (state->discard[player][i] == duchy) { score = score + 3; };
branch  0 never executed
branch  1 never executed
    #####:  438:      if (state->discard[player][i] == province) { score = score + 6; };
branch  0 never executed
branch  1 never executed
    #####:  439:      if (state->discard[player][i] == great_hall) { score = score + 1; };
branch  0 never executed
branch  1 never executed
    #####:  440:      if (state->discard[player][i] == gardens) { score = score + ( fullDeckCount(player, 0, state) / 10 ); };
branch  0 never executed
branch  1 never executed
call    2 never executed
        -:  441:    }
        -:  442:
        -:  443:  //score from deck
    #####:  444:  for (i = 0; i < state->discardCount[player]; i++)
branch  0 never executed
branch  1 never executed
        -:  445:    {
    #####:  446:      if (state->deck[player][i] == curse) { score = score - 1; };
branch  0 never executed
branch  1 never executed
    #####:  447:      if (state->deck[player][i] == estate) { score = score + 1; };
branch  0 never executed
branch  1 never executed
    #####:  448:      if (state->deck[player][i] == duchy) { score = score + 3; };
branch  0 never executed
branch  1 never executed
    #####:  449:      if (state->deck[player][i] == province) { score = score + 6; };
branch  0 never executed
branch  1 never executed
    #####:  450:      if (state->deck[player][i] == great_hall) { score = score + 1; };
branch  0 never executed
branch  1 never executed
    #####:  451:      if (state->deck[player][i] == gardens) { score = score + ( fullDeckCount(player, 0, state) / 10 ); };
branch  0 never executed
branch  1 never executed
call    2 never executed
        -:  452:    }
        -:  453:
    #####:  454:  return score;
        -:  455:}
        -:  456:
function getWinners called 0 returned 0% blocks executed 0%
    #####:  457:int getWinners(int players[MAX_PLAYERS], struct gameState *state) {
        -:  458:  int i;	
        -:  459:  int j;
        -:  460:  int highScore;
        -:  461:  int currentPlayer;
        -:  462:
        -:  463:  //get score for each player
    #####:  464:  for (i = 0; i < MAX_PLAYERS; i++)
branch  0 never executed
branch  1 never executed
        -:  465:    {
        -:  466:      //set unused player scores to -9999
    #####:  467:      if (i >= state->numPlayers)
branch  0 never executed
branch  1 never executed
        -:  468:	{
    #####:  469:	  players[i] = -9999;
        -:  470:	}
        -:  471:      else
        -:  472:	{
    #####:  473:	  players[i] = scoreFor (i, state);
call    0 never executed
        -:  474:	}
        -:  475:    }
        -:  476:
        -:  477:  //find highest score
    #####:  478:  j = 0;
    #####:  479:  for (i = 0; i < MAX_PLAYERS; i++)
branch  0 never executed
branch  1 never executed
        -:  480:    {
    #####:  481:      if (players[i] > players[j])
branch  0 never executed
branch  1 never executed
        -:  482:	{
    #####:  483:	  j = i;
        -:  484:	}
        -:  485:    }
    #####:  486:  highScore = players[j];
        -:  487:
        -:  488:  //add 1 to players who had less turns
    #####:  489:  currentPlayer = whoseTurn(state);
call    0 never executed
    #####:  490:  for (i = 0; i < MAX_PLAYERS; i++)
branch  0 never executed
branch  1 never executed
        -:  491:    {
    #####:  492:      if ( players[i] == highScore && i > currentPlayer )
branch  0 never executed
branch  1 never executed
branch  2 never executed
branch  3 never executed
        -:  493:	{
    #####:  494:	  players[i]++;
        -:  495:	}
        -:  496:    }
        -:  497:
        -:  498:  //find new highest score
    #####:  499:  j = 0;
    #####:  500:  for (i = 0; i < MAX_PLAYERS; i++)
branch  0 never executed
branch  1 never executed
        -:  501:    {
    #####:  502:      if ( players[i] > players[j] )
branch  0 never executed
branch  1 never executed
        -:  503:	{
    #####:  504:	  j = i;
        -:  505:	}
        -:  506:    }
    #####:  507:  highScore = players[j];
        -:  508:
        -:  509:  //set winners in array to 1 and rest to 0
    #####:  510:  for (i = 0; i < MAX_PLAYERS; i++)
branch  0 never executed
branch  1 never executed
        -:  511:    {
    #####:  512:      if ( players[i] == highScore )
branch  0 never executed
branch  1 never executed
        -:  513:	{
    #####:  514:	  players[i] = 1;
        -:  515:	}
        -:  516:      else
        -:  517:	{
    #####:  518:	  players[i] = 0;
        -:  519:	}
        -:  520:    }
        -:  521:
    #####:  522:  return 0;
        -:  523:}
        -:  524:
function drawCard called 118060 returned 100% blocks executed 100%
   118060:  525:int drawCard(int player, struct gameState *state)
        -:  526:{	int count;
        -:  527:  int deckCounter;
   118060:  528:  if (state->deckCount[player] <= 0){//Deck is empty
branch  0 taken 11% (fallthrough)
branch  1 taken 89%
        -:  529:    
        -:  530:    //Step 1 Shuffle the discard pile back into a deck
        -:  531:    int i;
        -:  532:    //Move discard to deck
   105386:  533:    for (i = 0; i < state->discardCount[player];i++){
branch  0 taken 87%
branch  1 taken 13% (fallthrough)
    92080:  534:      state->deck[player][i] = state->discard[player][i];
    92080:  535:      state->discard[player][i] = -1;
        -:  536:    }
        -:  537:
    13306:  538:    state->deckCount[player] = state->discardCount[player];
    13306:  539:    state->discardCount[player] = 0;//Reset discard
        -:  540:
        -:  541:    //Shufffle the deck
    13306:  542:    shuffle(player, state);//Shuffle the deck up and make it so that we can draw
call    0 returned 100%
        -:  543:   
        -:  544:    if (DEBUG){//Debug statements
        -:  545:      printf("Deck count now: %d\n", state->deckCount[player]);
        -:  546:    }
        -:  547:    
    13306:  548:    state->discardCount[player] = 0;
        -:  549:
        -:  550:    //Step 2 Draw Card
    13306:  551:    count = state->handCount[player];//Get current player's hand count
        -:  552:    
        -:  553:    if (DEBUG){//Debug statements
        -:  554:      printf("Current hand count: %d\n", count);
        -:  555:    }
        -:  556:    
    13306:  557:    deckCounter = state->deckCount[player];//Create a holder for the deck count
        -:  558:
    13306:  559:    if (deckCounter == 0)
branch  0 taken 86% (fallthrough)
branch  1 taken 14%
    11422:  560:      return -1;
        -:  561:
     1884:  562:    state->hand[player][count] = state->deck[player][deckCounter - 1];//Add card to hand
     1884:  563:    state->deckCount[player]--;
     1884:  564:    state->handCount[player]++;//Increment hand count
        -:  565:  }
        -:  566:
        -:  567:  else{
   104754:  568:    int count = state->handCount[player];//Get current hand count for player
        -:  569:    int deckCounter;
        -:  570:    if (DEBUG){//Debug statements
        -:  571:      printf("Current hand count: %d\n", count);
        -:  572:    }
        -:  573:
   104754:  574:    deckCounter = state->deckCount[player];//Create holder for the deck count
   104754:  575:    state->hand[player][count] = state->deck[player][deckCounter - 1];//Add card to the hand
   104754:  576:    state->deckCount[player]--;
   104754:  577:    state->handCount[player]++;//Increment hand count
        -:  578:  }
        -:  579:
   106638:  580:  return 0;
        -:  581:}
        -:  582:
function getCost called 0 returned 0% blocks executed 0%
    #####:  583:int getCost(int cardNumber)
        -:  584:{
    #####:  585:  switch( cardNumber ) 
branch  0 never executed
branch  1 never executed
branch  2 never executed
branch  3 never executed
branch  4 never executed
branch  5 never executed
branch  6 never executed
branch  7 never executed
branch  8 never executed
branch  9 never executed
branch 10 never executed
branch 11 never executed
branch 12 never executed
branch 13 never executed
branch 14 never executed
branch 15 never executed
branch 16 never executed
branch 17 never executed
branch 18 never executed
branch 19 never executed
branch 20 never executed
branch 21 never executed
branch 22 never executed
branch 23 never executed
branch 24 never executed
branch 25 never executed
branch 26 never executed
branch 27 never executed
        -:  586:    {
        -:  587:    case curse:
    #####:  588:      return 0;
        -:  589:    case estate:
    #####:  590:      return 2;
        -:  591:    case duchy:
    #####:  592:      return 5;
        -:  593:    case province:
    #####:  594:      return 8;
        -:  595:    case copper:
    #####:  596:      return 0;
        -:  597:    case silver:
    #####:  598:      return 3;
        -:  599:    case gold:
    #####:  600:      return 6;
        -:  601:    case adventurer:
    #####:  602:      return 6;
        -:  603:    case council_room:
    #####:  604:      return 5;
        -:  605:    case feast:
    #####:  606:      return 4;
        -:  607:    case gardens:
    #####:  608:      return 4;
        -:  609:    case mine:
    #####:  610:      return 5;
        -:  611:    case remodel:
    #####:  612:      return 4;
        -:  613:    case smithy:
    #####:  614:      return 4;
        -:  615:    case village:
    #####:  616:      return 3;
        -:  617:    case baron:
    #####:  618:      return 4;
        -:  619:    case great_hall:
    #####:  620:      return 3;
        -:  621:    case minion:
    #####:  622:      return 5;
        -:  623:    case steward:
    #####:  624:      return 3;
        -:  625:    case tribute:
    #####:  626:      return 5;
        -:  627:    case ambassador:
    #####:  628:      return 3;
        -:  629:    case cutpurse:
    #####:  630:      return 4;
        -:  631:    case embargo: 
    #####:  632:      return 2;
        -:  633:    case outpost:
    #####:  634:      return 5;
        -:  635:    case salvager:
    #####:  636:      return 4;
        -:  637:    case sea_hag:
    #####:  638:      return 4;
        -:  639:    case treasure_map:
    #####:  640:      return 4;
        -:  641:    }
        -:  642:	
    #####:  643:  return -1;
        -:  644:}
        -:  645:
function cardEffect called 6 returned 100% blocks executed 5%
        6:  646:int cardEffect(int card, int choice1, int choice2, int choice3, struct gameState *state, int handPos, int *bonus)
        -:  647:{
        -:  648:  int i;
        -:  649:  int j;
        -:  650:  int k;
        -:  651:  int index;
        6:  652:  int currentPlayer = whoseTurn(state);
call    0 returned 100%
        6:  653:  int nextPlayer = currentPlayer + 1;
        6:  654:  int tributeRevealedCards[2] = {-1, -1};
        -:  655:
        6:  656:  if (nextPlayer > (state->numPlayers - 1)){
branch  0 taken 0% (fallthrough)
branch  1 taken 100%
    #####:  657:    nextPlayer = 0;
        -:  658:  }
        -:  659:  
        -:  660:	
        -:  661:  //uses switch to select card and perform actions
        6:  662:  switch( card ) 
branch  0 taken 0%
branch  1 taken 0%
branch  2 taken 0%
branch  3 taken 0%
branch  4 taken 0%
branch  5 taken 0%
branch  6 taken 0%
branch  7 taken 0%
branch  8 taken 0%
branch  9 taken 0%
branch 10 taken 100%
branch 11 taken 0%
branch 12 taken 0%
branch 13 taken 0%
branch 14 taken 0%
branch 15 taken 0%
branch 16 taken 0%
branch 17 taken 0%
branch 18 taken 0%
branch 19 taken 0%
branch 20 taken 0%
        -:  663:    {
        -:  664:    case adventurer:
    #####:  665:      playAdventurer(currentPlayer, state);
call    0 never executed
    #####:  666:      return 0;
        -:  667:			
        -:  668:    case council_room:
        -:  669:      //+4 Cards
    #####:  670:      for (i = 0; i < 4; i++)
branch  0 never executed
branch  1 never executed
        -:  671:	{
    #####:  672:	  drawCard(currentPlayer, state);
call    0 never executed
        -:  673:	}
        -:  674:			
        -:  675:      //+1 Buy
    #####:  676:      state->numBuys++;
        -:  677:			
        -:  678:      //Each other player draws a card
    #####:  679:      for (i = 0; i < state->numPlayers; i++)
branch  0 never executed
branch  1 never executed
        -:  680:	{
    #####:  681:	  if ( i != currentPlayer )
branch  0 never executed
branch  1 never executed
        -:  682:	    {
    #####:  683:	      drawCard(i, state);
call    0 never executed
        -:  684:	    }
        -:  685:	}
        -:  686:			
        -:  687:      //put played card in played card pile
    #####:  688:      discardCard(handPos, currentPlayer, state, 0);
call    0 never executed
        -:  689:			
    #####:  690:      return 0;
        -:  691:			
        -:  692:    case feast:
    #####:  693:      playFeast(currentPlayer, state, choice1);
call    0 never executed
    #####:  694:      return 0;
        -:  695:			
        -:  696:    case gardens:
    #####:  697:      return -1;
        -:  698:			
        -:  699:    case mine:
    #####:  700:      j = state->hand[currentPlayer][choice1];  //store card we will trash
        -:  701:
    #####:  702:      if (state->hand[currentPlayer][choice1] < copper || state->hand[currentPlayer][choice1] > gold)
branch  0 never executed
branch  1 never executed
branch  2 never executed
branch  3 never executed
        -:  703:	{
    #####:  704:	  return -1;
        -:  705:	}
        -:  706:		
    #####:  707:      if (choice2 > treasure_map || choice2 < curse)
branch  0 never executed
branch  1 never executed
branch  2 never executed
branch  3 never executed
        -:  708:	{
    #####:  709:	  return -1;
        -:  710:	}
        -:  711:
    #####:  712:      if ( (getCost(state->hand[currentPlayer][choice1]) + 3) > getCost(choice2) )
call    0 never executed
call    1 never executed
branch  2 never executed
branch  3 never executed
        -:  713:	{
    #####:  714:	  return -1;
        -:  715:	}
        -:  716:
    #####:  717:      gainCard(choice2, state, 2, currentPlayer);
call    0 never executed
        -:  718:
        -:  719:      //discard card from hand
    #####:  720:      discardCard(handPos, currentPlayer, state, 0);
call    0 never executed
        -:  721:
        -:  722:      //discard trashed card
    #####:  723:      for (i = 0; i < state->handCount[currentPlayer]; i++)
branch  0 never executed
branch  1 never executed
        -:  724:	{
    #####:  725:	  if (state->hand[currentPlayer][i] == j)
branch  0 never executed
branch  1 never executed
        -:  726:	    {
    #####:  727:	      discardCard(i, currentPlayer, state, 0);			
call    0 never executed
    #####:  728:	      break;
        -:  729:	    }
        -:  730:	}
        -:  731:			
    #####:  732:      return 0;
        -:  733:			
        -:  734:    case remodel:
    #####:  735:      i = playRemodel(currentPlayer, state, choice1, choice2, handPos);
call    0 never executed
    #####:  736:      return i;
        -:  737:		
        -:  738:    case smithy:
    #####:  739:      playSmithy(currentPlayer, state, handPos);
call    0 never executed
    #####:  740:      return 0;
        -:  741:		
        -:  742:    case village:
        -:  743:      //+1 Card
    #####:  744:      drawCard(currentPlayer, state);
call    0 never executed
        -:  745:			
        -:  746:      //+2 Actions
    #####:  747:      state->numActions = state->numActions + 2;
        -:  748:			
        -:  749:      //discard played card from hand
    #####:  750:      discardCard(handPos, currentPlayer, state, 0);
call    0 never executed
    #####:  751:      return 0;
        -:  752:		
        -:  753:    case baron:
    #####:  754:      playBaron(currentPlayer, state, choice1); 
call    0 never executed
    #####:  755:      return 0;
        -:  756:		
        -:  757:    case great_hall:
        -:  758:      //+1 Card
    #####:  759:      drawCard(currentPlayer, state);
call    0 never executed
        -:  760:			
        -:  761:      //+1 Actions
    #####:  762:      state->numActions++;
        -:  763:			
        -:  764:      //discard card from hand
    #####:  765:      discardCard(handPos, currentPlayer, state, 0);
call    0 never executed
    #####:  766:      return 0;
        -:  767:		
        -:  768:    case minion:
        -:  769:      //+1 action
        6:  770:      state->numActions++;
        -:  771:			
        -:  772:      //discard card from hand
        6:  773:      discardCard(handPos, currentPlayer, state, 0);
call    0 returned 100%
        -:  774:			
        6:  775:      if (choice1)		//+2 coins
branch  0 taken 100% (fallthrough)
branch  1 taken 0%
        -:  776:	{
        6:  777:	  state->coins = state->coins + 2;
        -:  778:	}
        -:  779:			
    #####:  780:      else if (choice2)		//discard hand, redraw 4, other players with 5+ cards discard hand and draw 4
branch  0 never executed
branch  1 never executed
        -:  781:	{
        -:  782:	  //discard hand
    #####:  783:	  while(numHandCards(state) > 0)
call    0 never executed
branch  1 never executed
branch  2 never executed
        -:  784:	    {
    #####:  785:	      discardCard(handPos, currentPlayer, state, 0);
call    0 never executed
        -:  786:	    }
        -:  787:				
        -:  788:	  //draw 4
    #####:  789:	  for (i = 0; i < 4; i++)
branch  0 never executed
branch  1 never executed
        -:  790:	    {
    #####:  791:	      drawCard(currentPlayer, state);
call    0 never executed
        -:  792:	    }
        -:  793:				
        -:  794:	  //other players discard hand and redraw if hand size > 4
    #####:  795:	  for (i = 0; i < state->numPlayers; i++)
branch  0 never executed
branch  1 never executed
        -:  796:	    {
    #####:  797:	      if (i != currentPlayer)
branch  0 never executed
branch  1 never executed
        -:  798:		{
    #####:  799:		  if ( state->handCount[i] > 4 )
branch  0 never executed
branch  1 never executed
        -:  800:		    {
        -:  801:		      //discard hand
    #####:  802:		      while( state->handCount[i] > 0 )
branch  0 never executed
branch  1 never executed
        -:  803:			{
    #####:  804:			  discardCard(handPos, i, state, 0);
call    0 never executed
        -:  805:			}
        -:  806:							
        -:  807:		      //draw 4
    #####:  808:		      for (j = 0; j < 4; j++)
branch  0 never executed
branch  1 never executed
        -:  809:			{
    #####:  810:			  drawCard(i, state);
call    0 never executed
        -:  811:			}
        -:  812:		    }
        -:  813:		}
        -:  814:	    }
        -:  815:				
        -:  816:	}
        6:  817:      return 0;
        -:  818:		
        -:  819:    case steward:
    #####:  820:      if (choice1 == 1)
branch  0 never executed
branch  1 never executed
        -:  821:	{
        -:  822:	  //+2 cards
    #####:  823:	  drawCard(currentPlayer, state);
call    0 never executed
    #####:  824:	  drawCard(currentPlayer, state);
call    0 never executed
        -:  825:	}
    #####:  826:      else if (choice1 == 2)
branch  0 never executed
branch  1 never executed
        -:  827:	{
        -:  828:	  //+2 coins
    #####:  829:	  state->coins = state->coins + 2;
        -:  830:	}
        -:  831:      else
        -:  832:	{
        -:  833:	  //trash 2 cards in hand
    #####:  834:	  discardCard(choice2, currentPlayer, state, 1);
call    0 never executed
    #####:  835:	  discardCard(choice3, currentPlayer, state, 1);
call    0 never executed
        -:  836:	}
        -:  837:			
        -:  838:      //discard card from hand
    #####:  839:      discardCard(handPos, currentPlayer, state, 0);
call    0 never executed
    #####:  840:      return 0;
        -:  841:		
        -:  842:    case tribute:
    #####:  843:      if ((state->discardCount[nextPlayer] + state->deckCount[nextPlayer]) <= 1){
branch  0 never executed
branch  1 never executed
    #####:  844:	if (state->deckCount[nextPlayer] > 0){
branch  0 never executed
branch  1 never executed
    #####:  845:	  tributeRevealedCards[0] = state->deck[nextPlayer][state->deckCount[nextPlayer]-1];
    #####:  846:	  state->deckCount[nextPlayer]--;
        -:  847:	}
    #####:  848:	else if (state->discardCount[nextPlayer] > 0){
branch  0 never executed
branch  1 never executed
    #####:  849:	  tributeRevealedCards[0] = state->discard[nextPlayer][state->discardCount[nextPlayer]-1];
    #####:  850:	  state->discardCount[nextPlayer]--;
        -:  851:	}
        -:  852:	else{
        -:  853:	  //No Card to Reveal
        -:  854:	  if (DEBUG){
        -:  855:	    printf("No cards to reveal\n");
        -:  856:	  }
        -:  857:	}
        -:  858:      }
        -:  859:	    
        -:  860:      else{
    #####:  861:	if (state->deckCount[nextPlayer] == 0){
branch  0 never executed
branch  1 never executed
    #####:  862:	  for (i = 0; i < state->discardCount[nextPlayer]; i++){
branch  0 never executed
branch  1 never executed
    #####:  863:	    state->deck[nextPlayer][i] = state->discard[nextPlayer][i];//Move to deck
    #####:  864:	    state->deckCount[nextPlayer]++;
    #####:  865:	    state->discard[nextPlayer][i] = -1;
    #####:  866:	    state->discardCount[nextPlayer]--;
        -:  867:	  }
        -:  868:			    
    #####:  869:	  shuffle(nextPlayer,state);//Shuffle the deck
call    0 never executed
        -:  870:	} 
    #####:  871:	tributeRevealedCards[0] = state->deck[nextPlayer][state->deckCount[nextPlayer]-1];
    #####:  872:	state->deck[nextPlayer][state->deckCount[nextPlayer]--] = -1;
    #####:  873:	state->deckCount[nextPlayer]--;
    #####:  874:	tributeRevealedCards[1] = state->deck[nextPlayer][state->deckCount[nextPlayer]-1];
    #####:  875:	state->deck[nextPlayer][state->deckCount[nextPlayer]--] = -1;
    #####:  876:	state->deckCount[nextPlayer]--;
        -:  877:      }    
        -:  878:		       
    #####:  879:      if (tributeRevealedCards[0] == tributeRevealedCards[1]){//If we have a duplicate card, just drop one 
branch  0 never executed
branch  1 never executed
    #####:  880:	state->playedCards[state->playedCardCount] = tributeRevealedCards[1];
    #####:  881:	state->playedCardCount++;
    #####:  882:	tributeRevealedCards[1] = -1;
        -:  883:      }
        -:  884:
    #####:  885:      for (i = 0; i <= 2; i ++){
branch  0 never executed
branch  1 never executed
    #####:  886:	if (tributeRevealedCards[i] == copper || tributeRevealedCards[i] == silver || tributeRevealedCards[i] == gold){//Treasure cards
branch  0 never executed
branch  1 never executed
branch  2 never executed
branch  3 never executed
branch  4 never executed
branch  5 never executed
    #####:  887:	  state->coins += 2;
        -:  888:	}
        -:  889:		    
    #####:  890:	else if (tributeRevealedCards[i] == estate || tributeRevealedCards[i] == duchy || tributeRevealedCards[i] == province || tributeRevealedCards[i] == gardens || tributeRevealedCards[i] == great_hall){//Victory Card Found
branch  0 never executed
branch  1 never executed
branch  2 never executed
branch  3 never executed
branch  4 never executed
branch  5 never executed
branch  6 never executed
branch  7 never executed
branch  8 never executed
branch  9 never executed
    #####:  891:	  drawCard(currentPlayer, state);
call    0 never executed
    #####:  892:	  drawCard(currentPlayer, state);
call    0 never executed
        -:  893:	}
        -:  894:	else{//Action Card
    #####:  895:	  state->numActions = state->numActions + 2;
        -:  896:	}
        -:  897:      }
        -:  898:	    
    #####:  899:      return 0;
        -:  900:		
        -:  901:    case ambassador:
    #####:  902:      j = 0;		//used to check if player has enough cards to discard
        -:  903:
    #####:  904:      if (choice2 > 2 || choice2 < 0)
branch  0 never executed
branch  1 never executed
branch  2 never executed
branch  3 never executed
        -:  905:	{
    #####:  906:	  return -1;				
        -:  907:	}
        -:  908:
    #####:  909:      if (choice1 == handPos)
branch  0 never executed
branch  1 never executed
        -:  910:	{
    #####:  911:	  return -1;
        -:  912:	}
        -:  913:
    #####:  914:      for (i = 0; i < state->handCount[currentPlayer]; i++)
branch  0 never executed
branch  1 never executed
        -:  915:	{
    #####:  916:	  if (i != handPos && i == state->hand[currentPlayer][choice1] && i != choice1)
branch  0 never executed
branch  1 never executed
branch  2 never executed
branch  3 never executed
branch  4 never executed
branch  5 never executed
        -:  917:	    {
    #####:  918:	      j++;
        -:  919:	    }
        -:  920:	}
    #####:  921:      if (j < choice2)
branch  0 never executed
branch  1 never executed
        -:  922:	{
    #####:  923:	  return -1;				
        -:  924:	}
        -:  925:
        -:  926:      if (DEBUG) 
        -:  927:	printf("Player %d reveals card number: %d\n", currentPlayer, state->hand[currentPlayer][choice1]);
        -:  928:
        -:  929:      //increase supply count for choosen card by amount being discarded
    #####:  930:      state->supplyCount[state->hand[currentPlayer][choice1]] += choice2;
        -:  931:			
        -:  932:      //each other player gains a copy of revealed card
    #####:  933:      for (i = 0; i < state->numPlayers; i++)
branch  0 never executed
branch  1 never executed
        -:  934:	{
    #####:  935:	  if (i != currentPlayer)
branch  0 never executed
branch  1 never executed
        -:  936:	    {
    #####:  937:	      gainCard(state->hand[currentPlayer][choice1], state, 0, i);
call    0 never executed
        -:  938:	    }
        -:  939:	}
        -:  940:
        -:  941:      //discard played card from hand
    #####:  942:      discardCard(handPos, currentPlayer, state, 0);			
call    0 never executed
        -:  943:
        -:  944:      //trash copies of cards returned to supply
    #####:  945:      for (j = 0; j < choice2; j++)
branch  0 never executed
branch  1 never executed
        -:  946:	{
    #####:  947:	  for (i = 0; i < state->handCount[currentPlayer]; i++)
branch  0 never executed
branch  1 never executed
        -:  948:	    {
    #####:  949:	      if (state->hand[currentPlayer][i] == state->hand[currentPlayer][choice1])
branch  0 never executed
branch  1 never executed
        -:  950:		{
    #####:  951:		  discardCard(i, currentPlayer, state, 1);
call    0 never executed
    #####:  952:		  break;
        -:  953:		}
        -:  954:	    }
        -:  955:	}			
        -:  956:
    #####:  957:      return 0;
        -:  958:		
        -:  959:    case cutpurse:
        -:  960:
    #####:  961:      updateCoins(currentPlayer, state, 2);
call    0 never executed
    #####:  962:      for (i = 0; i < state->numPlayers; i++)
branch  0 never executed
branch  1 never executed
        -:  963:	{
    #####:  964:	  if (i != currentPlayer)
branch  0 never executed
branch  1 never executed
        -:  965:	    {
    #####:  966:	      for (j = 0; j < state->handCount[i]; j++)
branch  0 never executed
branch  1 never executed
        -:  967:		{
    #####:  968:		  if (state->hand[i][j] == copper)
branch  0 never executed
branch  1 never executed
        -:  969:		    {
    #####:  970:		      discardCard(j, i, state, 0);
call    0 never executed
    #####:  971:		      break;
        -:  972:		    }
    #####:  973:		  if (j == state->handCount[i])
branch  0 never executed
branch  1 never executed
        -:  974:		    {
    #####:  975:		      for (k = 0; k < state->handCount[i]; k++)
branch  0 never executed
branch  1 never executed
        -:  976:			{
        -:  977:			  if (DEBUG)
        -:  978:			    printf("Player %d reveals card number %d\n", i, state->hand[i][k]);
        -:  979:			}	
    #####:  980:		      break;
        -:  981:		    }		
        -:  982:		}
        -:  983:					
        -:  984:	    }
        -:  985:				
        -:  986:	}				
        -:  987:
        -:  988:      //discard played card from hand
    #####:  989:      discardCard(handPos, currentPlayer, state, 0);			
call    0 never executed
        -:  990:
    #####:  991:      return 0;
        -:  992:
        -:  993:		
        -:  994:    case embargo: 
        -:  995:      //+2 Coins
    #####:  996:      state->coins = state->coins + 2;
        -:  997:			
        -:  998:      //see if selected pile is in play
    #####:  999:      if ( state->supplyCount[choice1] == -1 )
branch  0 never executed
branch  1 never executed
        -: 1000:	{
    #####: 1001:	  return -1;
        -: 1002:	}
        -: 1003:			
        -: 1004:      //add embargo token to selected supply pile
    #####: 1005:      state->embargoTokens[choice1]++;
        -: 1006:			
        -: 1007:      //trash card
    #####: 1008:      discardCard(handPos, currentPlayer, state, 1);		
call    0 never executed
    #####: 1009:      return 0;
        -: 1010:		
        -: 1011:    case outpost:
        -: 1012:      //set outpost flag
    #####: 1013:      state->outpostPlayed++;
        -: 1014:			
        -: 1015:      //discard card
    #####: 1016:      discardCard(handPos, currentPlayer, state, 0);
call    0 never executed
    #####: 1017:      return 0;
        -: 1018:		
        -: 1019:    case salvager:
        -: 1020:      //+1 buy
    #####: 1021:      state->numBuys++;
        -: 1022:			
    #####: 1023:      if (choice1)
branch  0 never executed
branch  1 never executed
        -: 1024:	{
        -: 1025:	  //gain coins equal to trashed card
    #####: 1026:	  state->coins = state->coins + getCost( handCard(choice1, state) );
call    0 never executed
call    1 never executed
        -: 1027:	  //trash card
    #####: 1028:	  discardCard(choice1, currentPlayer, state, 1);	
call    0 never executed
        -: 1029:	}
        -: 1030:			
        -: 1031:      //discard card
    #####: 1032:      discardCard(handPos, currentPlayer, state, 0);
call    0 never executed
    #####: 1033:      return 0;
        -: 1034:		
        -: 1035:    case sea_hag:
    #####: 1036:      for (i = 0; i < state->numPlayers; i++){
branch  0 never executed
branch  1 never executed
    #####: 1037:	if (i != currentPlayer){
branch  0 never executed
branch  1 never executed
    #####: 1038:	  state->discard[i][state->discardCount[i]] = state->deck[i][state->deckCount[i]--];			    state->deckCount[i]--;
    #####: 1039:	  state->discardCount[i]++;
    #####: 1040:	  state->deck[i][state->deckCount[i]--] = curse;//Top card now a curse
        -: 1041:	}
        -: 1042:      }
    #####: 1043:      return 0;
        -: 1044:		
        -: 1045:    case treasure_map:
        -: 1046:      //search hand for another treasure_map
    #####: 1047:      index = -1;
    #####: 1048:      for (i = 0; i < state->handCount[currentPlayer]; i++)
branch  0 never executed
branch  1 never executed
        -: 1049:	{
    #####: 1050:	  if (state->hand[currentPlayer][i] == treasure_map && i != handPos)
branch  0 never executed
branch  1 never executed
branch  2 never executed
branch  3 never executed
        -: 1051:	    {
    #####: 1052:	      index = i;
    #####: 1053:	      break;
        -: 1054:	    }
        -: 1055:	}
    #####: 1056:      if (index > -1)
branch  0 never executed
branch  1 never executed
        -: 1057:	{
        -: 1058:	  //trash both treasure cards
    #####: 1059:	  discardCard(handPos, currentPlayer, state, 1);
call    0 never executed
    #####: 1060:	  discardCard(index, currentPlayer, state, 1);
call    0 never executed
        -: 1061:
        -: 1062:	  //gain 4 Gold cards
    #####: 1063:	  for (i = 0; i < 4; i++)
branch  0 never executed
branch  1 never executed
        -: 1064:	    {
    #####: 1065:	      gainCard(gold, state, 1, currentPlayer);
call    0 never executed
        -: 1066:	    }
        -: 1067:				
        -: 1068:	  //return success
    #####: 1069:	  return 1;
        -: 1070:	}
        -: 1071:			
        -: 1072:      //no second treasure_map found in hand
    #####: 1073:      return -1;
        -: 1074:    }
        -: 1075:	
    #####: 1076:  return -1;
        -: 1077:}
        -: 1078:
function discardCard called 4932 returned 100% blocks executed 100%
     4932: 1079:int discardCard(int handPos, int currentPlayer, struct gameState *state, int trashFlag)
        -: 1080:{
        -: 1081:	
        -: 1082:  //if card is not trashed, added to Played pile 
     4932: 1083:  if (trashFlag < 1)
branch  0 taken 1% (fallthrough)
branch  1 taken 99%
        -: 1084:    {
        -: 1085:      //add card to played pile
        9: 1086:      state->playedCards[state->playedCardCount] = state->hand[currentPlayer][handPos]; 
        9: 1087:      state->playedCardCount++;
        -: 1088:    }
        -: 1089:	
        -: 1090:  //set played card to -1
     4932: 1091:  state->hand[currentPlayer][handPos] = -1;
        -: 1092:	
        -: 1093:  //remove card from player's hand
     4932: 1094:  if ( handPos == (state->handCount[currentPlayer] - 1) ) 	//last card in hand array is played
branch  0 taken 1% (fallthrough)
branch  1 taken 99%
        -: 1095:    {
        -: 1096:      //reduce number of cards in hand
        9: 1097:      state->handCount[currentPlayer]--;
        -: 1098:    }
     4923: 1099:  else if ( state->handCount[currentPlayer] == 1 ) //only one card in hand
branch  0 taken 1% (fallthrough)
branch  1 taken 99%
        -: 1100:    {
        -: 1101:      //reduce number of cards in hand
        1: 1102:      state->handCount[currentPlayer]--;
        -: 1103:    }
        -: 1104:  else 	
        -: 1105:    {
        -: 1106:      //replace discarded card with last card in hand
     4922: 1107:      state->hand[currentPlayer][handPos] = state->hand[currentPlayer][ (state->handCount[currentPlayer] - 1)];
        -: 1108:      //set last card to -1
     4922: 1109:      state->hand[currentPlayer][state->handCount[currentPlayer] - 1] = -1;
        -: 1110:      //reduce number of cards in hand
     4922: 1111:      state->handCount[currentPlayer]--;
        -: 1112:    }
        -: 1113:	
     4932: 1114:  return 0;
        -: 1115:}
        -: 1116:
function gainCard called 61 returned 100% blocks executed 90%
       61: 1117:int gainCard(int supplyPos, struct gameState *state, int toFlag, int player)
        -: 1118:{
        -: 1119:  //Note: supplyPos is enum of choosen card
        -: 1120:	
        -: 1121:  //check if supply pile is empty (0) or card is not used in game (-1)
       61: 1122:  if ( supplyCount(supplyPos, state) < 1 )
call    0 returned 100%
branch  1 taken 0% (fallthrough)
branch  2 taken 100%
        -: 1123:    {
    #####: 1124:      return -1;
        -: 1125:    }
        -: 1126:	
        -: 1127:  //added card for [whoseTurn] current player:
        -: 1128:  // toFlag = 0 : add to discard
        -: 1129:  // toFlag = 1 : add to deck
        -: 1130:  // toFlag = 2 : add to hand
        -: 1131:
       61: 1132:  if (toFlag == 1)
branch  0 taken 5% (fallthrough)
branch  1 taken 95%
        -: 1133:    {
        3: 1134:      state->deck[ player ][ state->deckCount[player] ] = supplyPos;
        3: 1135:      state->deckCount[player]++;
        -: 1136:    }
       58: 1137:  else if (toFlag == 2)
branch  0 taken 5% (fallthrough)
branch  1 taken 95%
        -: 1138:    {
        3: 1139:      state->hand[ player ][ state->handCount[player] ] = supplyPos;
        3: 1140:      state->handCount[player]++;
        -: 1141:    }
        -: 1142:  else
        -: 1143:    {
       55: 1144:      state->discard[player][ state->discardCount[player] ] = supplyPos;
       55: 1145:      state->discardCount[player]++;
        -: 1146:    }
        -: 1147:	
        -: 1148:  //decrease number in supply pile
       61: 1149:  state->supplyCount[supplyPos]--;
        -: 1150:	 
       61: 1151:  return 0;
        -: 1152:}
        -: 1153:
function updateCoins called 55 returned 100% blocks executed 82%
       55: 1154:int updateCoins(int player, struct gameState *state, int bonus)
        -: 1155:{
        -: 1156:  int i;
        -: 1157:	
        -: 1158:  //reset coin count
       55: 1159:  state->coins = 0;
        -: 1160:
        -: 1161:  //add coins for each Treasure card in player's hand
      300: 1162:  for (i = 0; i < state->handCount[player]; i++)
branch  0 taken 82%
branch  1 taken 18% (fallthrough)
        -: 1163:    {
      245: 1164:      if (state->hand[player][i] == copper)
branch  0 taken 73% (fallthrough)
branch  1 taken 27%
        -: 1165:	{
      179: 1166:	  state->coins += 1;
        -: 1167:	}
       66: 1168:      else if (state->hand[player][i] == silver)
branch  0 taken 0% (fallthrough)
branch  1 taken 100%
        -: 1169:	{
    #####: 1170:	  state->coins += 2;
        -: 1171:	}
       66: 1172:      else if (state->hand[player][i] == gold)
branch  0 taken 0% (fallthrough)
branch  1 taken 100%
        -: 1173:	{
    #####: 1174:	  state->coins += 3;
        -: 1175:	}	
        -: 1176:    }	
        -: 1177:
        -: 1178:  //add bonus
       55: 1179:  state->coins += bonus;
        -: 1180:
       55: 1181:  return 0;
        -: 1182:}
        -: 1183:
function playAdventurer called 5005 returned 100% blocks executed 100%
     5005: 1184:void playAdventurer(int currentPlayer, struct gameState *state){
     5005: 1185:  int drawntreasure = 0;
     5005: 1186:  int z = 0;
        -: 1187:  int cardDrawn;
        -: 1188:  int temphand[MAX_HAND];
        -: 1189:
   113032: 1190:  while(drawntreasure<2){
branch  0 taken 95%
branch  1 taken 5% (fallthrough)
   103022: 1191:    if (state->deckCount[currentPlayer] <1){//if the deck is empty we need to shuffle discard and add to deck
branch  0 taken 9% (fallthrough)
branch  1 taken 91%
     8944: 1192:      shuffle(currentPlayer, state);
call    0 returned 100%
        -: 1193:    }
   103022: 1194:    drawCard(currentPlayer, state);
call    0 returned 100%
   103022: 1195:    cardDrawn = state->hand[currentPlayer][state->handCount[currentPlayer]-1];//top card of hand is most recently drawn card.
   103022: 1196:    if (cardDrawn == copper || cardDrawn == silver || cardDrawn == gold)
branch  0 taken 92% (fallthrough)
branch  1 taken 8%
branch  2 taken 99% (fallthrough)
branch  3 taken 1%
branch  4 taken 1% (fallthrough)
branch  5 taken 99%
    10010: 1197:      drawntreasure++;
        -: 1198:    else{
    93012: 1199:      temphand[z]=cardDrawn;
    93012: 1200:      state->handCount[currentPlayer]--; //this should just remove the top card (the most recently drawn one).
    93012: 1201:      z++;
        -: 1202:    } 
        -: 1203:  }
    99690: 1204:  while(z-1>0){
branch  0 taken 95%
branch  1 taken 5% (fallthrough)
    89680: 1205:    state->discard[currentPlayer][state->discardCount[currentPlayer]++]=temphand[z-1]; // discard all cards in play that have been drawn
    89680: 1206:    z=z-1;
        -: 1207:  }
     5005: 1208:}
        -: 1209:
function playSmithy called 4920 returned 100% blocks executed 100%
     4920: 1210:void playSmithy(int currentPlayer, struct gameState *state, int handPos){
        -: 1211:  int i;
        -: 1212:
        -: 1213:  //+3 Cards
    19680: 1214:  for (i = 0; i < 3; i++)
branch  0 taken 75%
branch  1 taken 25% (fallthrough)
        -: 1215:  {
    14760: 1216:    drawCard(currentPlayer, state);
call    0 returned 100%
        -: 1217:  }
        -: 1218:  
        -: 1219:  //discard card from hand
     4920: 1220:  discardCard(handPos, currentPlayer, state, 1);
call    0 returned 100%
     4920: 1221:}
        -: 1222:
function playFeast called 0 returned 0% blocks executed 0%
    #####: 1223:void playFeast(int currentPlayer, struct gameState *state, int choice1){
        -: 1224:  int temphand[MAX_HAND];
        -: 1225:  int i, x;
        -: 1226:
        -: 1227:  //gain card with cost up to 5
        -: 1228:  //Backup hand
    #####: 1229:  for (i = 0; i <= state->handCount[currentPlayer]; i++){
branch  0 never executed
branch  1 never executed
    #####: 1230:    temphand[i] = state->hand[currentPlayer][i];//Backup card
    #####: 1231:    state->hand[currentPlayer][i] = -1;//Set to nothing
        -: 1232:  }
        -: 1233:  //Backup hand
        -: 1234:
        -: 1235:  //Update Coins for Buy
    #####: 1236:  updateCoins(currentPlayer, state, 5);
call    0 never executed
        -: 1237:
    #####: 1238:  x = 1;//Condition to loop on
    #####: 1239:  while( x == 1) {//Buy one card
branch  0 never executed
branch  1 never executed
    #####: 1240:    if (supplyCount(choice1, state) <= 0){
call    0 never executed
branch  1 never executed
branch  2 never executed
        -: 1241:      if (DEBUG)
        -: 1242:        printf("None of that card left, sorry!\n");
        -: 1243:
        -: 1244:      if (DEBUG){
        -: 1245:        printf("Cards Left: %d\n", supplyCount(choice1, state));
        -: 1246:      }
        -: 1247:    }
    #####: 1248:    else if (state->coins < getCost(choice1)){
call    0 never executed
branch  1 never executed
branch  2 never executed
    #####: 1249:      printf("That card is too expensive!\n");
call    0 never executed
        -: 1250:
        -: 1251:      if (DEBUG){
        -: 1252:        printf("Coins: %d < %d\n", state->coins, getCost(choice1));
        -: 1253:      }
        -: 1254:    }
        -: 1255:    else{
        -: 1256:      if (DEBUG){
        -: 1257:        printf("Deck Count: %d\n", state->handCount[currentPlayer] + state->deckCount[currentPlayer] + state->discardCount[currentPlayer]);
        -: 1258:      }
        -: 1259:
    #####: 1260:      gainCard(choice1 + 1, state, 0, currentPlayer);//Gain the card
call    0 never executed
    #####: 1261:      x = 0;//No more buying cards
        -: 1262:
        -: 1263:      if (DEBUG){
        -: 1264:        printf("Deck Count: %d\n", state->handCount[currentPlayer] + state->deckCount[currentPlayer] + state->discardCount[currentPlayer]);
        -: 1265:      }
        -: 1266:    }
        -: 1267:  }     
        -: 1268:
        -: 1269:  //Reset Hand
    #####: 1270:  for (i = 0; i <= state->handCount[currentPlayer]; i++){
branch  0 never executed
branch  1 never executed
    #####: 1271:    state->hand[currentPlayer][i] = temphand[i];
    #####: 1272:    temphand[i] = -1;
        -: 1273:  }
        -: 1274:  //Reset Hand
    #####: 1275:}
        -: 1276:
function playBaron called 6022 returned 100% blocks executed 100%
     6022: 1277:void playBaron(int currentPlayer, struct gameState *state, int choice1){
     6022: 1278:  state->numBuys++;//Increase buys by 1!
     6022: 1279:  if (choice1 > 0){//Boolean true or going to discard an estate
branch  0 taken 75% (fallthrough)
branch  1 taken 25%
     4516: 1280:    int p = 0;//Iterator for hand!
     4516: 1281:    int card_not_discarded = 1;//Flag for discard set!
   355159: 1282:    while(card_not_discarded){
branch  0 taken 99%
branch  1 taken 1% (fallthrough)
   346127: 1283:      if (state->hand[currentPlayer][p] == estate){//Found an estate card!
branch  0 taken 1% (fallthrough)
branch  1 taken 99%
      320: 1284:        state->coins = 4;//Add 4 coins to the amount of coins
      320: 1285:        state->discard[currentPlayer][state->discardCount[currentPlayer]] = state->hand[currentPlayer][p];
      320: 1286:        state->discardCount[currentPlayer]++;
      652: 1287:        for (;p < state->handCount[currentPlayer]; p++){
branch  0 taken 51%
branch  1 taken 49% (fallthrough)
      332: 1288:          state->hand[currentPlayer][p] = state->hand[currentPlayer][p+1];
        -: 1289:        }
      320: 1290:        state->hand[currentPlayer][state->handCount[currentPlayer]] = -1;
      320: 1291:        state->handCount[currentPlayer]--;
      320: 1292:        card_not_discarded = 0;//Exit the loop
        -: 1293:      }
   345807: 1294:      else if (p > state->handCount[currentPlayer]){
branch  0 taken 1% (fallthrough)
branch  1 taken 99%
        -: 1295:        if(DEBUG) {
        -: 1296:          printf("No estate cards in your hand, invalid choice\n");
        -: 1297:          printf("Must gain an estate if there are any\n");
        -: 1298:        }
     4196: 1299:        if (supplyCount(estate, state) > 0){
call    0 returned 100%
branch  1 taken 1% (fallthrough)
branch  2 taken 99%
       31: 1300:          gainCard(estate, state, 0, currentPlayer);
call    0 returned 100%
       31: 1301:          state->supplyCount[estate]--;//Decrement estates
       31: 1302:          if (supplyCount(estate, state) == 0){
call    0 returned 100%
branch  1 taken 10% (fallthrough)
branch  2 taken 90%
        3: 1303:            isGameOver(state);
call    0 returned 100%
        -: 1304:          }
        -: 1305:        }
     4196: 1306:        card_not_discarded = 0;//Exit the loop
        -: 1307:      }    
        -: 1308:      else{
   341611: 1309:        p++;//Next card
        -: 1310:      }
        -: 1311:    }
        -: 1312:  }        
        -: 1313:  else{
     1506: 1314:    if (supplyCount(estate, state) > 0){
call    0 returned 100%
branch  1 taken 1% (fallthrough)
branch  2 taken 99%
       21: 1315:      gainCard(estate, state, 0, currentPlayer);//Gain an estate
call    0 returned 100%
       21: 1316:      state->supplyCount[estate]--;//Decrement Estates
       21: 1317:      if (supplyCount(estate, state) == 0){
call    0 returned 100%
branch  1 taken 14% (fallthrough)
branch  2 taken 86%
        3: 1318:        isGameOver(state);
call    0 returned 100%
        -: 1319:      }
        -: 1320:    }
        -: 1321:  }
     6022: 1322:}
        -: 1323:
function playRemodel called 0 returned 0% blocks executed 0%
    #####: 1324:int playRemodel(int currentPlayer, struct gameState *state, int choice1, int choice2, int handPos){
        -: 1325:  int j, i;
        -: 1326:
    #####: 1327:  j = state->hand[currentPlayer][choice1];  //store card we will trash
        -: 1328:
    #####: 1329:  if ( (getCost(state->hand[currentPlayer][choice1]) + 2) > getCost(choice2) )
call    0 never executed
call    1 never executed
branch  2 never executed
branch  3 never executed
        -: 1330:  {
    #####: 1331:    return -1;
        -: 1332:  }
        -: 1333:
    #####: 1334:  gainCard(choice2, state, 0, currentPlayer);
call    0 never executed
        -: 1335:
        -: 1336:  //discard card from hand
    #####: 1337:  discardCard(handPos, currentPlayer, state, 0);
call    0 never executed
        -: 1338:
        -: 1339:  //discard trashed card
    #####: 1340:  for (i = 0; i < state->handCount[currentPlayer]; i++)
branch  0 never executed
branch  1 never executed
        -: 1341:  {
    #####: 1342:    if (state->hand[currentPlayer][i] == j)
branch  0 never executed
branch  1 never executed
        -: 1343:    {
    #####: 1344:      discardCard(i, currentPlayer, state, 0);      
call    0 never executed
        -: 1345:    }
        -: 1346:  }
    #####: 1347:  return 0;
        -: 1348:}
        -: 1349:
        -: 1350://end of dominion.c
        -: 1351:
