        -:    0:Source:dominion.c
        -:    0:Graph:dominion.gcno
        -:    0:Data:dominion.gcda
        -:    0:Runs:8
        -:    0:Programs:8
        -:    1:#include "dominion.h"
        -:    2:#include "dominion_helpers.h"
        -:    3:#include "rngs.h"
        -:    4:#include <stdio.h>
        -:    5:#include <math.h>
        -:    6:#include <stdlib.h>
        -:    7:
        -:    8:
        -:    9:
function compare called 240 returned 100% blocks executed 83%
      240:   10:int compare(const void* a, const void* b) {
      240:   11:  if (*(int*)a > *(int*)b)
branch  0 taken 0% (fallthrough)
branch  1 taken 100%
    #####:   12:    return 1;
      240:   13:  if (*(int*)a < *(int*)b)
branch  0 taken 27% (fallthrough)
branch  1 taken 73%
       64:   14:    return -1;
      176:   15:  return 0;
        -:   16:}
        -:   17:
function newGame called 0 returned 0% blocks executed 0%
    #####:   18:struct gameState* newGame() {
    #####:   19:  struct gameState* g = malloc(sizeof(struct gameState));
    #####:   20:  return g;
        -:   21:}
        -:   22:
function kingdomCards called 0 returned 0% blocks executed 0%
    #####:   23:int* kingdomCards(int k1, int k2, int k3, int k4, int k5, int k6, int k7,
        -:   24:		  int k8, int k9, int k10) {
    #####:   25:  int* k = malloc(10 * sizeof(int));
    #####:   26:  k[0] = k1;
    #####:   27:  k[1] = k2;
    #####:   28:  k[2] = k3;
    #####:   29:  k[3] = k4;
    #####:   30:  k[4] = k5;
    #####:   31:  k[5] = k6;
    #####:   32:  k[6] = k7;
    #####:   33:  k[7] = k8;
    #####:   34:  k[8] = k9;
    #####:   35:  k[9] = k10;
    #####:   36:  return k;
        -:   37:}
        -:   38:
function initializeGame called 8 returned 100% blocks executed 83%
        8:   39:int initializeGame(int numPlayers, int kingdomCards[10], int randomSeed,
        -:   40:		   struct gameState *state) {
        -:   41:
        -:   42:  int i;
        -:   43:  int j;
        -:   44:  int it;			
        -:   45:  //set up random number generator
        8:   46:  SelectStream(1);
call    0 returned 100%
        8:   47:  PutSeed((long)randomSeed);
call    0 returned 100%
        -:   48:  
        -:   49:  //check number of players
        8:   50:  if (numPlayers > MAX_PLAYERS || numPlayers < 2)
branch  0 taken 100% (fallthrough)
branch  1 taken 0%
branch  2 taken 0% (fallthrough)
branch  3 taken 100%
        -:   51:    {
    #####:   52:      return -1;
        -:   53:    }
        -:   54:
        -:   55:  //set number of players
        8:   56:  state->numPlayers = numPlayers;
        -:   57:
        -:   58:  //check selected kingdom cards are different
       88:   59:  for (i = 0; i < 10; i++)
branch  0 taken 91%
branch  1 taken 9% (fallthrough)
        -:   60:    {
      880:   61:      for (j = 0; j < 10; j++)
branch  0 taken 91%
branch  1 taken 9% (fallthrough)
        -:   62:        {
      800:   63:	  if (j != i && kingdomCards[j] == kingdomCards[i])
branch  0 taken 90% (fallthrough)
branch  1 taken 10%
branch  2 taken 0% (fallthrough)
branch  3 taken 100%
        -:   64:	    {
    #####:   65:	      return -1;
        -:   66:	    }
        -:   67:        }
        -:   68:    }
        -:   69:
        -:   70:
        -:   71:  //initialize supply
        -:   72:  ///////////////////////////////
        -:   73:
        -:   74:  //set number of Curse cards
        8:   75:  if (numPlayers == 2)
branch  0 taken 100% (fallthrough)
branch  1 taken 0%
        -:   76:    {
        8:   77:      state->supplyCount[curse] = 10;
        -:   78:    }
    #####:   79:  else if (numPlayers == 3)
branch  0 never executed
branch  1 never executed
        -:   80:    {
    #####:   81:      state->supplyCount[curse] = 20;
        -:   82:    }
        -:   83:  else
        -:   84:    {
    #####:   85:      state->supplyCount[curse] = 30;
        -:   86:    }
        -:   87:
        -:   88:  //set number of Victory cards
        8:   89:  if (numPlayers == 2)
branch  0 taken 100% (fallthrough)
branch  1 taken 0%
        -:   90:    {
        8:   91:      state->supplyCount[estate] = 8;
        8:   92:      state->supplyCount[duchy] = 8;
        8:   93:      state->supplyCount[province] = 8;
        -:   94:    }
        -:   95:  else
        -:   96:    {
    #####:   97:      state->supplyCount[estate] = 12;
    #####:   98:      state->supplyCount[duchy] = 12;
    #####:   99:      state->supplyCount[province] = 12;
        -:  100:    }
        -:  101:
        -:  102:  //set number of Treasure cards
        8:  103:  state->supplyCount[copper] = 60 - (7 * numPlayers);
        8:  104:  state->supplyCount[silver] = 40;
        8:  105:  state->supplyCount[gold] = 30;
        -:  106:
        -:  107:  //set number of Kingdom cards
      168:  108:  for (i = adventurer; i <= treasure_map; i++)       	//loop all cards
branch  0 taken 95%
branch  1 taken 5% (fallthrough)
        -:  109:    {
     1320:  110:      for (j = 0; j < 10; j++)           		//loop chosen cards
branch  0 taken 94%
branch  1 taken 6% (fallthrough)
        -:  111:	{
     1240:  112:	  if (kingdomCards[j] == i)
branch  0 taken 6% (fallthrough)
branch  1 taken 94%
        -:  113:	    {
        -:  114:	      //check if card is a 'Victory' Kingdom card
       80:  115:	      if (kingdomCards[j] == great_hall || kingdomCards[j] == gardens)
branch  0 taken 100% (fallthrough)
branch  1 taken 0%
branch  2 taken 0% (fallthrough)
branch  3 taken 100%
        -:  116:		{
    #####:  117:		  if (numPlayers == 2){ 
branch  0 never executed
branch  1 never executed
    #####:  118:		    state->supplyCount[i] = 8; 
        -:  119:		  }
    #####:  120:		  else{ state->supplyCount[i] = 12; }
        -:  121:		}
        -:  122:	      else
        -:  123:		{
       80:  124:		  state->supplyCount[i] = 10;
        -:  125:		}
       80:  126:	      break;
        -:  127:	    }
        -:  128:	  else    //card is not in the set choosen for the game
        -:  129:	    {
     1160:  130:	      state->supplyCount[i] = -1;
        -:  131:	    }
        -:  132:	}
        -:  133:
        -:  134:    }
        -:  135:
        -:  136:  ////////////////////////
        -:  137:  //supply intilization complete
        -:  138:
        -:  139:  //set player decks
       24:  140:  for (i = 0; i < numPlayers; i++)
branch  0 taken 67%
branch  1 taken 33% (fallthrough)
        -:  141:    {
       16:  142:      state->deckCount[i] = 0;
       64:  143:      for (j = 0; j < 3; j++)
branch  0 taken 75%
branch  1 taken 25% (fallthrough)
        -:  144:	{
       48:  145:	  state->deck[i][j] = estate;
       48:  146:	  state->deckCount[i]++;
        -:  147:	}
      128:  148:      for (j = 3; j < 10; j++)
branch  0 taken 88%
branch  1 taken 13% (fallthrough)
        -:  149:	{
      112:  150:	  state->deck[i][j] = copper;
      112:  151:	  state->deckCount[i]++;		
        -:  152:	}
        -:  153:    }
        -:  154:
        -:  155:  //shuffle player decks
       24:  156:  for (i = 0; i < numPlayers; i++)
branch  0 taken 67%
branch  1 taken 33% (fallthrough)
        -:  157:    {
       16:  158:      if ( shuffle(i, state) < 0 )
call    0 returned 100%
branch  1 taken 0% (fallthrough)
branch  2 taken 100%
        -:  159:	{
    #####:  160:	  return -1;
        -:  161:	}
        -:  162:    }
        -:  163:
        -:  164:  //draw player hands
       24:  165:  for (i = 0; i < numPlayers; i++)
branch  0 taken 67%
branch  1 taken 33% (fallthrough)
        -:  166:    {  
        -:  167:      //initialize hand size to zero
       16:  168:      state->handCount[i] = 0;
       16:  169:      state->discardCount[i] = 0;
        -:  170:      //draw 5 cards
        -:  171:      // for (j = 0; j < 5; j++)
        -:  172:      //	{
        -:  173:      //	  drawCard(i, state);
        -:  174:      //	}
        -:  175:    }
        -:  176:  
        -:  177:  //set embargo tokens to 0 for all supply piles
      224:  178:  for (i = 0; i <= treasure_map; i++)
branch  0 taken 96%
branch  1 taken 4% (fallthrough)
        -:  179:    {
      216:  180:      state->embargoTokens[i] = 0;
        -:  181:    }
        -:  182:
        -:  183:  //initialize first player's turn
        8:  184:  state->outpostPlayed = 0;
        8:  185:  state->phase = 0;
        8:  186:  state->numActions = 1;
        8:  187:  state->numBuys = 1;
        8:  188:  state->playedCardCount = 0;
        8:  189:  state->whoseTurn = 0;
        8:  190:  state->handCount[state->whoseTurn] = 0;
        -:  191:  //int it; move to top
        -:  192:
        -:  193:  //Moved draw cards to here, only drawing at the start of a turn
       48:  194:  for (it = 0; it < 5; it++){
branch  0 taken 83%
branch  1 taken 17% (fallthrough)
       40:  195:    drawCard(state->whoseTurn, state);
call    0 returned 100%
        -:  196:  }
        -:  197:
        8:  198:  updateCoins(state->whoseTurn, state, 0);
call    0 returned 100%
        -:  199:
        8:  200:  return 0;
        -:  201:}
        -:  202:
function shuffle called 20 returned 100% blocks executed 100%
       20:  203:int shuffle(int player, struct gameState *state) {
        -:  204: 
        -:  205:
        -:  206:  int newDeck[MAX_DECK];
       20:  207:  int newDeckPos = 0;
        -:  208:  int card;
        -:  209:  int i;
        -:  210:
       20:  211:  if (state->deckCount[player] < 1)
branch  0 taken 20% (fallthrough)
branch  1 taken 80%
        4:  212:    return -1;
       16:  213:  qsort ((void*)(state->deck[player]), state->deckCount[player], sizeof(int), compare); 
call    0 returned 100%
        -:  214:  /* SORT CARDS IN DECK TO ENSURE DETERMINISM! */
        -:  215:
      192:  216:  while (state->deckCount[player] > 0) {
branch  0 taken 91%
branch  1 taken 9% (fallthrough)
      160:  217:    card = floor(Random() * state->deckCount[player]);
call    0 returned 100%
      160:  218:    newDeck[newDeckPos] = state->deck[player][card];
      160:  219:    newDeckPos++;
      496:  220:    for (i = card; i < state->deckCount[player]-1; i++) {
branch  0 taken 68%
branch  1 taken 32% (fallthrough)
      336:  221:      state->deck[player][i] = state->deck[player][i+1];
        -:  222:    }
      160:  223:    state->deckCount[player]--;
        -:  224:  }
      176:  225:  for (i = 0; i < newDeckPos; i++) {
branch  0 taken 91%
branch  1 taken 9% (fallthrough)
      160:  226:    state->deck[player][i] = newDeck[i];
      160:  227:    state->deckCount[player]++;
        -:  228:  }
        -:  229:
       16:  230:  return 0;
        -:  231:}
        -:  232:
function playCard called 4 returned 100% blocks executed 80%
        4:  233:int playCard(int handPos, int choice1, int choice2, int choice3, struct gameState *state) 
        -:  234:{	
        -:  235:  int card;
        4:  236:  int coin_bonus = 0; 		//tracks coins gain from actions
        -:  237:
        -:  238:  //check if it is the right phase
        4:  239:  if (state->phase != 0)
branch  0 taken 0% (fallthrough)
branch  1 taken 100%
        -:  240:    {
    #####:  241:      return -1;
        -:  242:    }
        -:  243:	
        -:  244:  //check if player has enough actions
        4:  245:  if ( state->numActions < 1 )
branch  0 taken 0% (fallthrough)
branch  1 taken 100%
        -:  246:    {
    #####:  247:      return -1;
        -:  248:    }
        -:  249:	
        -:  250:  //get card played
        4:  251:  card = handCard(handPos, state);
call    0 returned 100%
        -:  252:	
        -:  253:  //check if selected card is an action
        4:  254:  if ( card < adventurer || card > treasure_map )
branch  0 taken 100% (fallthrough)
branch  1 taken 0%
branch  2 taken 0% (fallthrough)
branch  3 taken 100%
        -:  255:    {
    #####:  256:      return -1;
        -:  257:    }
        -:  258:	
        -:  259:  //play card
        4:  260:  if ( cardEffect(card, choice1, choice2, choice3, state, handPos, &coin_bonus) < 0 )
call    0 returned 100%
branch  1 taken 50% (fallthrough)
branch  2 taken 50%
        -:  261:    {
        2:  262:      return -1;
        -:  263:    }
        -:  264:	
        -:  265:  //reduce number of actions
        2:  266:  state->numActions--;
        -:  267:
        -:  268:  //update coins (Treasure cards may be added with card draws)
        2:  269:  updateCoins(state->whoseTurn, state, coin_bonus);
call    0 returned 100%
        -:  270:	
        2:  271:  return 0;
        -:  272:}
        -:  273:
function buyCard called 3 returned 100% blocks executed 93%
        3:  274:int buyCard(int supplyPos, struct gameState *state) {
        -:  275:  int who;
        -:  276:  if (DEBUG){
        -:  277:    printf("Entering buyCard...\n");
        -:  278:  }
        -:  279:
        -:  280:  // I don't know what to do about the phase thing.
        -:  281:
        3:  282:  who = state->whoseTurn;
        -:  283:
        3:  284:  if (state->numBuys < 1){
branch  0 taken 0% (fallthrough)
branch  1 taken 100%
        -:  285:    if (DEBUG)
        -:  286:      printf("You do not have any buys left\n");
    #####:  287:    return -1;
        3:  288:  } else if (supplyCount(supplyPos, state) <1){
call    0 returned 100%
branch  1 taken 33% (fallthrough)
branch  2 taken 67%
        -:  289:    if (DEBUG)
        -:  290:      printf("There are not any of that type of card left\n");
        1:  291:    return -1;
        2:  292:  } else if (state->coins < getCost(supplyPos)){
call    0 returned 100%
branch  1 taken 50% (fallthrough)
branch  2 taken 50%
        -:  293:    if (DEBUG) 
        -:  294:      printf("You do not have enough money to buy that. You have %d coins.\n", state->coins);
        1:  295:    return -1;
        -:  296:  } else {
        1:  297:    state->phase=1;
        -:  298:    //state->supplyCount[supplyPos]--;
        1:  299:    gainCard(supplyPos, state, 0, who); //card goes in discard, this might be wrong.. (2 means goes into hand, 0 goes into discard)
call    0 returned 100%
        -:  300:  
        1:  301:    state->coins = (state->coins) - (getCost(supplyPos));
call    0 returned 100%
        1:  302:    state->numBuys--;
        -:  303:    if (DEBUG)
        -:  304:      printf("You bought card number %d for %d coins. You now have %d buys and %d coins.\n", supplyPos, getCost(supplyPos), state->numBuys, state->coins);
        -:  305:  }
        -:  306:
        -:  307:  //state->discard[who][state->discardCount[who]] = supplyPos;
        -:  308:  //state->discardCount[who]++;
        -:  309:    
        1:  310:  return 0;
        -:  311:}
        -:  312:
function numHandCards called 0 returned 0% blocks executed 0%
    #####:  313:int numHandCards(struct gameState *state) {
    #####:  314:  return state->handCount[ whoseTurn(state) ];
call    0 never executed
        -:  315:}
        -:  316:
function handCard called 4 returned 100% blocks executed 100%
        4:  317:int handCard(int handPos, struct gameState *state) {
        4:  318:  int currentPlayer = whoseTurn(state);
call    0 returned 100%
        4:  319:  return state->hand[currentPlayer][handPos];
        -:  320:}
        -:  321:
function supplyCount called 6 returned 100% blocks executed 100%
        6:  322:int supplyCount(int card, struct gameState *state) {
        6:  323:  return state->supplyCount[card];
        -:  324:}
        -:  325:
function fullDeckCount called 0 returned 0% blocks executed 0%
    #####:  326:int fullDeckCount(int player, int card, struct gameState *state) {
        -:  327:  int i;
    #####:  328:  int count = 0;
        -:  329:
    #####:  330:  for (i = 0; i < state->deckCount[player]; i++)
branch  0 never executed
branch  1 never executed
        -:  331:    {
    #####:  332:      if (state->deck[player][i] == card) count++;
branch  0 never executed
branch  1 never executed
        -:  333:    }
        -:  334:
    #####:  335:  for (i = 0; i < state->handCount[player]; i++)
branch  0 never executed
branch  1 never executed
        -:  336:    {
    #####:  337:      if (state->hand[player][i] == card) count++;
branch  0 never executed
branch  1 never executed
        -:  338:    }
        -:  339:
    #####:  340:  for (i = 0; i < state->discardCount[player]; i++)
branch  0 never executed
branch  1 never executed
        -:  341:    {
    #####:  342:      if (state->discard[player][i] == card) count++;
branch  0 never executed
branch  1 never executed
        -:  343:    }
        -:  344:
    #####:  345:  return count;
        -:  346:}
        -:  347:
function whoseTurn called 38 returned 100% blocks executed 100%
       38:  348:int whoseTurn(struct gameState *state) {
       38:  349:  return state->whoseTurn;
        -:  350:}
        -:  351:
function endTurn called 0 returned 0% blocks executed 0%
    #####:  352:int endTurn(struct gameState *state) {
        -:  353:  int k;
        -:  354:  int i;
    #####:  355:  int currentPlayer = whoseTurn(state);
call    0 never executed
        -:  356:  
        -:  357:  //Discard hand
    #####:  358:  for (i = 0; i < state->handCount[currentPlayer]; i++){
branch  0 never executed
branch  1 never executed
    #####:  359:    state->discard[currentPlayer][state->discardCount[currentPlayer]++] = state->hand[currentPlayer][i];//Discard
    #####:  360:    state->hand[currentPlayer][i] = -1;//Set card to -1
        -:  361:  }
    #####:  362:  state->handCount[currentPlayer] = 0;//Reset hand count
        -:  363:    
        -:  364:  //Code for determining the player
    #####:  365:  if (currentPlayer < (state->numPlayers - 1)){ 
branch  0 never executed
branch  1 never executed
    #####:  366:    state->whoseTurn = currentPlayer + 1;//Still safe to increment
        -:  367:  }
        -:  368:  else{
    #####:  369:    state->whoseTurn = 0;//Max player has been reached, loop back around to player 1
        -:  370:  }
        -:  371:
    #####:  372:  state->outpostPlayed = 0;
    #####:  373:  state->phase = 0;
    #####:  374:  state->numActions = 1;
    #####:  375:  state->coins = 0;
    #####:  376:  state->numBuys = 1;
    #####:  377:  state->playedCardCount = 0;
    #####:  378:  state->handCount[state->whoseTurn] = 0;
        -:  379:
        -:  380:  //int k; move to top
        -:  381:  //Next player draws hand
    #####:  382:  for (k = 0; k < 5; k++){
branch  0 never executed
branch  1 never executed
    #####:  383:    drawCard(state->whoseTurn, state);//Draw a card
call    0 never executed
        -:  384:  }
        -:  385:
        -:  386:  //Update money
    #####:  387:  updateCoins(state->whoseTurn, state , 0);
call    0 never executed
        -:  388:
    #####:  389:  return 0;
        -:  390:}
        -:  391:
function isGameOver called 4 returned 100% blocks executed 100%
        4:  392:int isGameOver(struct gameState *state) {
        -:  393:  int i;
        -:  394:  int j;
        -:  395:	
        -:  396:  //if stack of Province cards is empty, the game ends
        4:  397:  if (state->supplyCount[province] == 0)
branch  0 taken 25% (fallthrough)
branch  1 taken 75%
        -:  398:    {
        1:  399:      return 1;
        -:  400:    }
        -:  401:
        -:  402:  //if three supply pile are at 0, the game ends
        3:  403:  j = 0;
       78:  404:  for (i = 0; i < 25; i++)
branch  0 taken 96%
branch  1 taken 4% (fallthrough)
        -:  405:    {
       75:  406:      if (state->supplyCount[i] == 0)
branch  0 taken 11% (fallthrough)
branch  1 taken 89%
        -:  407:	{
        8:  408:	  j++;
        -:  409:	}
        -:  410:    }
        3:  411:  if ( j >= 3)
branch  0 taken 67% (fallthrough)
branch  1 taken 33%
        -:  412:    {
        2:  413:      return 1;
        -:  414:    }
        -:  415:
        1:  416:  return 0;
        -:  417:}
        -:  418:
function scoreFor called 0 returned 0% blocks executed 0%
    #####:  419:int scoreFor (int player, struct gameState *state) {
        -:  420:
        -:  421:  int i;
    #####:  422:  int score = 0;
        -:  423:  //score from hand
    #####:  424:  for (i = 0; i < state->handCount[player]; i++)
branch  0 never executed
branch  1 never executed
        -:  425:    {
    #####:  426:      if (state->hand[player][i] == curse) { score = score - 1; };
branch  0 never executed
branch  1 never executed
    #####:  427:      if (state->hand[player][i] == estate) { score = score + 1; };
branch  0 never executed
branch  1 never executed
    #####:  428:      if (state->hand[player][i] == duchy) { score = score + 3; };
branch  0 never executed
branch  1 never executed
    #####:  429:      if (state->hand[player][i] == province) { score = score + 6; };
branch  0 never executed
branch  1 never executed
    #####:  430:      if (state->hand[player][i] == great_hall) { score = score + 1; };
branch  0 never executed
branch  1 never executed
    #####:  431:      if (state->hand[player][i] == gardens) { score = score + ( fullDeckCount(player, 0, state) / 10 ); };
branch  0 never executed
branch  1 never executed
call    2 never executed
        -:  432:    }
        -:  433:
        -:  434:  //score from discard
    #####:  435:  for (i = 0; i < state->discardCount[player]; i++)
branch  0 never executed
branch  1 never executed
        -:  436:    {
    #####:  437:      if (state->discard[player][i] == curse) { score = score - 1; };
branch  0 never executed
branch  1 never executed
    #####:  438:      if (state->discard[player][i] == estate) { score = score + 1; };
branch  0 never executed
branch  1 never executed
    #####:  439:      if (state->discard[player][i] == duchy) { score = score + 3; };
branch  0 never executed
branch  1 never executed
    #####:  440:      if (state->discard[player][i] == province) { score = score + 6; };
branch  0 never executed
branch  1 never executed
    #####:  441:      if (state->discard[player][i] == great_hall) { score = score + 1; };
branch  0 never executed
branch  1 never executed
    #####:  442:      if (state->discard[player][i] == gardens) { score = score + ( fullDeckCount(player, 0, state) / 10 ); };
branch  0 never executed
branch  1 never executed
call    2 never executed
        -:  443:    }
        -:  444:
        -:  445:  //score from deck
    #####:  446:  for (i = 0; i < state->discardCount[player]; i++)
branch  0 never executed
branch  1 never executed
        -:  447:    {
    #####:  448:      if (state->deck[player][i] == curse) { score = score - 1; };
branch  0 never executed
branch  1 never executed
    #####:  449:      if (state->deck[player][i] == estate) { score = score + 1; };
branch  0 never executed
branch  1 never executed
    #####:  450:      if (state->deck[player][i] == duchy) { score = score + 3; };
branch  0 never executed
branch  1 never executed
    #####:  451:      if (state->deck[player][i] == province) { score = score + 6; };
branch  0 never executed
branch  1 never executed
    #####:  452:      if (state->deck[player][i] == great_hall) { score = score + 1; };
branch  0 never executed
branch  1 never executed
    #####:  453:      if (state->deck[player][i] == gardens) { score = score + ( fullDeckCount(player, 0, state) / 10 ); };
branch  0 never executed
branch  1 never executed
call    2 never executed
        -:  454:    }
        -:  455:
    #####:  456:  return score;
        -:  457:}
        -:  458:
function getWinners called 0 returned 0% blocks executed 0%
    #####:  459:int getWinners(int players[MAX_PLAYERS], struct gameState *state) {
        -:  460:  int i;	
        -:  461:  int j;
        -:  462:  int highScore;
        -:  463:  int currentPlayer;
        -:  464:
        -:  465:  //get score for each player
    #####:  466:  for (i = 0; i < MAX_PLAYERS; i++)
branch  0 never executed
branch  1 never executed
        -:  467:    {
        -:  468:      //set unused player scores to -9999
    #####:  469:      if (i >= state->numPlayers)
branch  0 never executed
branch  1 never executed
        -:  470:	{
    #####:  471:	  players[i] = -9999;
        -:  472:	}
        -:  473:      else
        -:  474:	{
    #####:  475:	  players[i] = scoreFor (i, state);
call    0 never executed
        -:  476:	}
        -:  477:    }
        -:  478:
        -:  479:  //find highest score
    #####:  480:  j = 0;
    #####:  481:  for (i = 0; i < MAX_PLAYERS; i++)
branch  0 never executed
branch  1 never executed
        -:  482:    {
    #####:  483:      if (players[i] > players[j])
branch  0 never executed
branch  1 never executed
        -:  484:	{
    #####:  485:	  j = i;
        -:  486:	}
        -:  487:    }
    #####:  488:  highScore = players[j];
        -:  489:
        -:  490:  //add 1 to players who had less turns
    #####:  491:  currentPlayer = whoseTurn(state);
call    0 never executed
    #####:  492:  for (i = 0; i < MAX_PLAYERS; i++)
branch  0 never executed
branch  1 never executed
        -:  493:    {
    #####:  494:      if ( players[i] == highScore && i > currentPlayer )
branch  0 never executed
branch  1 never executed
branch  2 never executed
branch  3 never executed
        -:  495:	{
    #####:  496:	  players[i]++;
        -:  497:	}
        -:  498:    }
        -:  499:
        -:  500:  //find new highest score
    #####:  501:  j = 0;
    #####:  502:  for (i = 0; i < MAX_PLAYERS; i++)
branch  0 never executed
branch  1 never executed
        -:  503:    {
    #####:  504:      if ( players[i] > players[j] )
branch  0 never executed
branch  1 never executed
        -:  505:	{
    #####:  506:	  j = i;
        -:  507:	}
        -:  508:    }
    #####:  509:  highScore = players[j];
        -:  510:
        -:  511:  //set winners in array to 1 and rest to 0
    #####:  512:  for (i = 0; i < MAX_PLAYERS; i++)
branch  0 never executed
branch  1 never executed
        -:  513:    {
    #####:  514:      if ( players[i] == highScore )
branch  0 never executed
branch  1 never executed
        -:  515:	{
    #####:  516:	  players[i] = 1;
        -:  517:	}
        -:  518:      else
        -:  519:	{
    #####:  520:	  players[i] = 0;
        -:  521:	}
        -:  522:    }
        -:  523:
    #####:  524:  return 0;
        -:  525:}
        -:  526:
function drawCard called 72 returned 100% blocks executed 85%
       72:  527:int drawCard(int player, struct gameState *state)
        -:  528:{	int count;
        -:  529:  int deckCounter;
       72:  530:  if (state->deckCount[player] <= 0){//Deck is empty
branch  0 taken 3% (fallthrough)
branch  1 taken 97%
        -:  531:    
        -:  532:    //Step 1 Shuffle the discard pile back into a deck
        -:  533:    int i;
        -:  534:    //Move discard to deck
        2:  535:    for (i = 0; i < state->discardCount[player];i++){
branch  0 taken 0%
branch  1 taken 100% (fallthrough)
    #####:  536:      state->deck[player][i] = state->discard[player][i];
    #####:  537:      state->discard[player][i] = -1;
        -:  538:    }
        -:  539:
        2:  540:    state->deckCount[player] = state->discardCount[player];
        2:  541:    state->discardCount[player] = 0;//Reset discard
        -:  542:
        -:  543:    //Shufffle the deck
        2:  544:    shuffle(player, state);//Shuffle the deck up and make it so that we can draw
call    0 returned 100%
        -:  545:   
        -:  546:    if (DEBUG){//Debug statements
        -:  547:      printf("Deck count now: %d\n", state->deckCount[player]);
        -:  548:    }
        -:  549:    
        2:  550:    state->discardCount[player] = 0;
        -:  551:
        -:  552:    //Step 2 Draw Card
        2:  553:    count = state->handCount[player];//Get current player's hand count
        -:  554:    
        -:  555:    if (DEBUG){//Debug statements
        -:  556:      printf("Current hand count: %d\n", count);
        -:  557:    }
        -:  558:    
        2:  559:    deckCounter = state->deckCount[player];//Create a holder for the deck count
        -:  560:
        2:  561:    if (deckCounter == 0)
branch  0 taken 100% (fallthrough)
branch  1 taken 0%
        2:  562:      return -1;
        -:  563:
    #####:  564:    state->hand[player][count] = state->deck[player][deckCounter - 1];//Add card to hand
    #####:  565:    state->deckCount[player]--;
    #####:  566:    state->handCount[player]++;//Increment hand count
        -:  567:  }
        -:  568:
        -:  569:  else{
       70:  570:    int count = state->handCount[player];//Get current hand count for player
        -:  571:    int deckCounter;
        -:  572:    if (DEBUG){//Debug statements
        -:  573:      printf("Current hand count: %d\n", count);
        -:  574:    }
        -:  575:
       70:  576:    deckCounter = state->deckCount[player];//Create holder for the deck count
       70:  577:    state->hand[player][count] = state->deck[player][deckCounter - 1];//Add card to the hand
       70:  578:    state->deckCount[player]--;
       70:  579:    state->handCount[player]++;//Increment hand count
        -:  580:  }
        -:  581:
       70:  582:  return 0;
        -:  583:}
        -:  584:
function getCost called 8 returned 100% blocks executed 17%
        8:  585:int getCost(int cardNumber)
        -:  586:{
        8:  587:  switch( cardNumber ) 
branch  0 taken 0%
branch  1 taken 0%
branch  2 taken 0%
branch  3 taken 0%
branch  4 taken 0%
branch  5 taken 0%
branch  6 taken 0%
branch  7 taken 0%
branch  8 taken 0%
branch  9 taken 0%
branch 10 taken 0%
branch 11 taken 38%
branch 12 taken 0%
branch 13 taken 25%
branch 14 taken 38%
branch 15 taken 0%
branch 16 taken 0%
branch 17 taken 0%
branch 18 taken 0%
branch 19 taken 0%
branch 20 taken 0%
branch 21 taken 0%
branch 22 taken 0%
branch 23 taken 0%
branch 24 taken 0%
branch 25 taken 0%
branch 26 taken 0%
branch 27 taken 0%
        -:  588:    {
        -:  589:    case curse:
    #####:  590:      return 0;
        -:  591:    case estate:
    #####:  592:      return 2;
        -:  593:    case duchy:
    #####:  594:      return 5;
        -:  595:    case province:
    #####:  596:      return 8;
        -:  597:    case copper:
    #####:  598:      return 0;
        -:  599:    case silver:
    #####:  600:      return 3;
        -:  601:    case gold:
    #####:  602:      return 6;
        -:  603:    case adventurer:
    #####:  604:      return 6;
        -:  605:    case council_room:
    #####:  606:      return 5;
        -:  607:    case feast:
    #####:  608:      return 4;
        -:  609:    case gardens:
    #####:  610:      return 4;
        -:  611:    case mine:
        3:  612:      return 5;
        -:  613:    case remodel:
    #####:  614:      return 4;
        -:  615:    case smithy:
        2:  616:      return 4;
        -:  617:    case village:
        3:  618:      return 3;
        -:  619:    case baron:
    #####:  620:      return 4;
        -:  621:    case great_hall:
    #####:  622:      return 3;
        -:  623:    case minion:
    #####:  624:      return 5;
        -:  625:    case steward:
    #####:  626:      return 3;
        -:  627:    case tribute:
    #####:  628:      return 5;
        -:  629:    case ambassador:
    #####:  630:      return 3;
        -:  631:    case cutpurse:
    #####:  632:      return 4;
        -:  633:    case embargo: 
    #####:  634:      return 2;
        -:  635:    case outpost:
    #####:  636:      return 5;
        -:  637:    case salvager:
    #####:  638:      return 4;
        -:  639:    case sea_hag:
    #####:  640:      return 4;
        -:  641:    case treasure_map:
    #####:  642:      return 4;
        -:  643:    }
        -:  644:	
    #####:  645:  return -1;
        -:  646:}
        -:  647:
        -:  648:// Added Function: play_smithy_card
function play_smithy_card called 1 returned 100% blocks executed 100%
        1:  649:int play_smithy_card(struct gameState *state, int currentPlayer, int handPos)
        -:  650:{
        -:  651:	//+3 Cards
        -:  652:	int i;
        -:  653:    //for (i = 0; i < 5; i++)			// This was a bug
        6:  654:	for (i = 0; i < 5; i++)				// This is after fixing bug in above line
branch  0 taken 83%
branch  1 taken 17% (fallthrough)
        -:  655:	{
        5:  656:		drawCard(currentPlayer, state);
call    0 returned 100%
        -:  657:	}	
        -:  658:    //discard card from hand
        1:  659:    discardCard(handPos, currentPlayer, state, 0);
call    0 returned 100%
        -:  660:	
        1:  661:    return 0;
        -:  662:}
        -:  663:
        -:  664:// Added Function: play_adventurer_card
function play_adventurer_card called 3 returned 100% blocks executed 93%
        3:  665:int play_adventurer_card(struct gameState *state, int currentPlayer, int drawntreasure, int cardDrawn, int temphand[], int z)
        -:  666:{
       24:  667:    while (drawntreasure < 2) {
branch  0 taken 86%
branch  1 taken 14% (fallthrough)
       18:  668:		if (state->deckCount[currentPlayer] < 1){	//if the deck is empty we need to shuffle discard and add to deck
branch  0 taken 11% (fallthrough)
branch  1 taken 89%
        2:  669:			shuffle (currentPlayer, state);
call    0 returned 100%
        -:  670:		}
       18:  671:		drawCard(currentPlayer, state);
call    0 returned 100%
       18:  672:		cardDrawn = state->hand[currentPlayer][state->handCount[currentPlayer] - 1];	//top card of hand is most recently drawn card.
       18:  673:		if (cardDrawn == copper || cardDrawn == silver || cardDrawn == gold)
branch  0 taken 78% (fallthrough)
branch  1 taken 22%
branch  2 taken 93% (fallthrough)
branch  3 taken 7%
branch  4 taken 8% (fallthrough)
branch  5 taken 92%
        6:  674:			drawntreasure++;
        -:  675:		else {
       12:  676:			temphand[z]=cardDrawn;
       12:  677:			state->handCount[currentPlayer]--; 	//this should just remove the top card (the most recently drawn one).
        -:  678:			//z++;
        -:  679:		}
        -:  680:    }
        6:  681:    while (z - 1 >= 0) {
branch  0 taken 0%
branch  1 taken 100% (fallthrough)
    #####:  682:		state->discard[currentPlayer][state->discardCount[currentPlayer]++]=temphand[z-1]; 	// discard all cards in play that have been drawn
    #####:  683:		z = z - 1;
        -:  684:    }
        3:  685:    return 0;
        -:  686:}
        -:  687:
        -:  688:// Added Function: play_council_room
function play_council_room called 1 returned 100% blocks executed 100%
        1:  689:int play_council_room(struct gameState *state, int currentPlayer, int handPos)
        -:  690:{
        -:  691:    //+4 Cards
        -:  692:	int i;
        8:  693:    for (i = 0; i < 7; i++)
branch  0 taken 88%
branch  1 taken 13% (fallthrough)
        -:  694:	{
        7:  695:		drawCard(currentPlayer, state);
call    0 returned 100%
        -:  696:	}	
        -:  697:    //+1 Buy
        1:  698:    state->numBuys++;	
        -:  699:    //Each other player draws a card
        3:  700:    for (i = 0; i < state->numPlayers; i++)
branch  0 taken 67%
branch  1 taken 33% (fallthrough)
        -:  701:	{
        2:  702:		if (i != currentPlayer)
branch  0 taken 50% (fallthrough)
branch  1 taken 50%
        -:  703:	    {
        1:  704:			drawCard(i, state);
call    0 returned 100%
        -:  705:	    }
        -:  706:	}	
        -:  707:    //put played card in played card pile
        1:  708:    discardCard(handPos, currentPlayer, state, 0);
call    0 returned 100%
        -:  709:	
        1:  710:    return 0;
        -:  711:}
        -:  712:
        -:  713:// Added Function: play_remodel
function play_remodel called 0 returned 0% blocks executed 0%
    #####:  714:int play_remodel(struct gameState *state, int currentPlayer, int choice1, int choice2, int handPos, int j)
        -:  715:{
    #####:  716:    j = state->hand[currentPlayer][choice1];  //store card we will trash
    #####:  717:    if ((getCost(state->hand[currentPlayer][choice1]) + 2) > getCost(choice2))
call    0 never executed
call    1 never executed
branch  2 never executed
branch  3 never executed
        -:  718:	{
    #####:  719:		return -1;
        -:  720:	}
    #####:  721:	gainCard(choice2, state, 0, currentPlayer);
call    0 never executed
        -:  722:    //discard card from hand
    #####:  723:    discardCard(handPos, currentPlayer, state, 0);
call    0 never executed
        -:  724:	//discard trashed card
        -:  725:	int i;
    #####:  726:    for (i = 0; i < state->handCount[currentPlayer]; i++)
branch  0 never executed
branch  1 never executed
        -:  727:	{
    #####:  728:		if (state->hand[currentPlayer][i] == j)
branch  0 never executed
branch  1 never executed
        -:  729:	    {
        -:  730:			//discardCard(i, currentPlayer, state, 0);			
    #####:  731:			break;
        -:  732:	    }
        -:  733:	}
    #####:  734:    return 0;
        -:  735:}
        -:  736:
        -:  737:// Added Function: play_great_hall
function play_great_hall called 0 returned 0% blocks executed 0%
    #####:  738:int play_great_hall(int currentPlayer, struct gameState *state, int handPos)
        -:  739:{
        -:  740:    //+1 Card
    #####:  741:    drawCard(currentPlayer, state);	
call    0 never executed
        -:  742:    //+1 Actions
    #####:  743:    state->numActions++;	
        -:  744:    //discard card from hand
    #####:  745:    discardCard(handPos, currentPlayer, state, 0);
call    0 never executed
        -:  746:	
    #####:  747:    return 0;
        -:  748:}
        -:  749:
function cardEffect called 6 returned 100% blocks executed 13%
        6:  750:int cardEffect(int card, int choice1, int choice2, int choice3, struct gameState *state, int handPos, int *bonus)
        -:  751:{
        -:  752:  int i;
        -:  753:  int j;
        -:  754:  int k;
        -:  755:  int x;
        -:  756:  int index;
        6:  757:  int currentPlayer = whoseTurn(state);
call    0 returned 100%
        6:  758:  int nextPlayer = currentPlayer + 1;
        -:  759:
        6:  760:  int tributeRevealedCards[2] = {-1, -1};
        -:  761:  int temphand[MAX_HAND];// moved above the if statement
        6:  762:  int drawntreasure=0;
        -:  763:  int cardDrawn;
        6:  764:  int z = 0;// this is the counter for the temp hand
        6:  765:  if (nextPlayer > (state->numPlayers - 1)){
branch  0 taken 0% (fallthrough)
branch  1 taken 100%
    #####:  766:    nextPlayer = 0;
        -:  767:  }
        -:  768:  
        -:  769:	
        -:  770:  //uses switch to select card and perform actions
        6:  771:  switch( card ) 
branch  0 taken 50%
branch  1 taken 17%
branch  2 taken 17%
branch  3 taken 0%
branch  4 taken 0%
branch  5 taken 0%
branch  6 taken 17%
branch  7 taken 0%
branch  8 taken 0%
branch  9 taken 0%
branch 10 taken 0%
branch 11 taken 0%
branch 12 taken 0%
branch 13 taken 0%
branch 14 taken 0%
branch 15 taken 0%
branch 16 taken 0%
branch 17 taken 0%
branch 18 taken 0%
branch 19 taken 0%
branch 20 taken 0%
        -:  772:    {
        -:  773:	// calls play_adventurer_card function
        -:  774:    case adventurer:
        3:  775:		play_adventurer_card(state, currentPlayer, drawntreasure, cardDrawn, temphand, z);
call    0 returned 100%
        3:  776:		break;
        -:  777:			
        -:  778:    case council_room:
        1:  779:		play_council_room(state, currentPlayer, handPos);
call    0 returned 100%
        1:  780:		break;
        -:  781:			
        -:  782:    case feast:
        -:  783:      //gain card with cost up to 5
        -:  784:      //Backup hand
        7:  785:      for (i = 0; i <= state->handCount[currentPlayer]; i++){
branch  0 taken 86%
branch  1 taken 14% (fallthrough)
        6:  786:	temphand[i] = state->hand[currentPlayer][i];//Backup card
        6:  787:	state->hand[currentPlayer][i] = -1;//Set to nothing
        -:  788:      }
        -:  789:      //Backup hand
        -:  790:
        -:  791:      //Update Coins for Buy
        1:  792:      updateCoins(currentPlayer, state, 5);
call    0 returned 100%
        1:  793:      x = 1;//Condition to loop on
        3:  794:      while( x == 1) {//Buy one card
branch  0 taken 50%
branch  1 taken 50% (fallthrough)
        1:  795:	if (supplyCount(choice1, state) <= 0){
call    0 returned 100%
branch  1 taken 100% (fallthrough)
branch  2 taken 0%
        -:  796:	  if (DEBUG)
        -:  797:	    printf("None of that card left, sorry!\n");
        -:  798:
        -:  799:	  if (DEBUG){
        -:  800:	    printf("Cards Left: %d\n", supplyCount(choice1, state));
        -:  801:	  }
        -:  802:	}
        1:  803:	else if (state->coins < getCost(choice1)){
call    0 returned 100%
branch  1 taken 0% (fallthrough)
branch  2 taken 100%
    #####:  804:	  printf("That card is too expensive!\n");
call    0 never executed
        -:  805:
        -:  806:	  if (DEBUG){
        -:  807:	    printf("Coins: %d < %d\n", state->coins, getCost(choice1));
        -:  808:	  }
        -:  809:	}
        -:  810:	else{
        -:  811:
        -:  812:	  if (DEBUG){
        -:  813:	    printf("Deck Count: %d\n", state->handCount[currentPlayer] + state->deckCount[currentPlayer] + state->discardCount[currentPlayer]);
        -:  814:	  }
        -:  815:
        1:  816:	  gainCard(choice1, state, 0, currentPlayer);//Gain the card
call    0 returned 100%
        1:  817:	  x = 0;//No more buying cards
        -:  818:
        -:  819:	  if (DEBUG){
        -:  820:	    printf("Deck Count: %d\n", state->handCount[currentPlayer] + state->deckCount[currentPlayer] + state->discardCount[currentPlayer]);
        -:  821:	  }
        -:  822:
        -:  823:	}
        -:  824:      }     
        -:  825:
        -:  826:      //Reset Hand
        7:  827:      for (i = 0; i <= state->handCount[currentPlayer]; i++){
branch  0 taken 86%
branch  1 taken 14% (fallthrough)
        6:  828:	state->hand[currentPlayer][i] = temphand[i];
        6:  829:	temphand[i] = -1;
        -:  830:      }
        -:  831:      //Reset Hand
        -:  832:      			
        1:  833:      return 0;
        -:  834:			
        -:  835:    case gardens:
    #####:  836:      return -1;
        -:  837:			
        -:  838:    case mine:
    #####:  839:      j = state->hand[currentPlayer][choice1];  //store card we will trash
        -:  840:
    #####:  841:      if (state->hand[currentPlayer][choice1] < copper || state->hand[currentPlayer][choice1] > gold)
branch  0 never executed
branch  1 never executed
branch  2 never executed
branch  3 never executed
        -:  842:	{
    #####:  843:	  return -1;
        -:  844:	}
        -:  845:		
    #####:  846:      if (choice2 > treasure_map || choice2 < curse)
branch  0 never executed
branch  1 never executed
branch  2 never executed
branch  3 never executed
        -:  847:	{
    #####:  848:	  return -1;
        -:  849:	}
        -:  850:
    #####:  851:      if ( (getCost(state->hand[currentPlayer][choice1]) + 3) > getCost(choice2) )
call    0 never executed
call    1 never executed
branch  2 never executed
branch  3 never executed
        -:  852:	{
    #####:  853:	  return -1;
        -:  854:	}
        -:  855:
    #####:  856:      gainCard(choice2, state, 2, currentPlayer);
call    0 never executed
        -:  857:
        -:  858:      //discard card from hand
    #####:  859:      discardCard(handPos, currentPlayer, state, 0);
call    0 never executed
        -:  860:
        -:  861:      //discard trashed card
    #####:  862:      for (i = 0; i < state->handCount[currentPlayer]; i++)
branch  0 never executed
branch  1 never executed
        -:  863:	{
    #####:  864:	  if (state->hand[currentPlayer][i] == j)
branch  0 never executed
branch  1 never executed
        -:  865:	    {
    #####:  866:	      discardCard(i, currentPlayer, state, 0);			
call    0 never executed
    #####:  867:	      break;
        -:  868:	    }
        -:  869:	}
        -:  870:			
    #####:  871:      return 0;
        -:  872:	
        -:  873:	// calls play_remodel function
        -:  874:    case remodel:
    #####:  875:		play_remodel(state, currentPlayer, choice1, choice2, handPos, j);
call    0 never executed
        -:  876:
        -:  877:	// calls play_smithy_card function
        -:  878:    case smithy:
        1:  879:		play_smithy_card(state, currentPlayer, handPos);
call    0 returned 100%
        -:  880:		
        -:  881:    case village:
        -:  882:      //+1 Card
        1:  883:      drawCard(currentPlayer, state);
call    0 returned 100%
        -:  884:			
        -:  885:      //+2 Actions
        1:  886:      state->numActions = state->numActions + 2;
        -:  887:			
        -:  888:      //discard played card from hand
        1:  889:      discardCard(handPos, currentPlayer, state, 0);
call    0 returned 100%
        1:  890:      return 0;
        -:  891:		
        -:  892:    case baron:
    #####:  893:      state->numBuys++;//Increase buys by 1!
    #####:  894:      if (choice1 > 0){//Boolean true or going to discard an estate
branch  0 never executed
branch  1 never executed
    #####:  895:	int p = 0;//Iterator for hand!
    #####:  896:	int card_not_discarded = 1;//Flag for discard set!
    #####:  897:	while(card_not_discarded){
branch  0 never executed
branch  1 never executed
    #####:  898:	  if (state->hand[currentPlayer][p] == estate){//Found an estate card!
branch  0 never executed
branch  1 never executed
    #####:  899:	    state->coins += 4;//Add 4 coins to the amount of coins
    #####:  900:	    state->discard[currentPlayer][state->discardCount[currentPlayer]] = state->hand[currentPlayer][p];
    #####:  901:	    state->discardCount[currentPlayer]++;
    #####:  902:	    for (;p < state->handCount[currentPlayer]; p++){
branch  0 never executed
branch  1 never executed
    #####:  903:	      state->hand[currentPlayer][p] = state->hand[currentPlayer][p+1];
        -:  904:	    }
    #####:  905:	    state->hand[currentPlayer][state->handCount[currentPlayer]] = -1;
    #####:  906:	    state->handCount[currentPlayer]--;
    #####:  907:	    card_not_discarded = 0;//Exit the loop
        -:  908:	  }
    #####:  909:	  else if (p > state->handCount[currentPlayer]){
branch  0 never executed
branch  1 never executed
        -:  910:	    if(DEBUG) {
        -:  911:	      printf("No estate cards in your hand, invalid choice\n");
        -:  912:	      printf("Must gain an estate if there are any\n");
        -:  913:	    }
    #####:  914:	    if (supplyCount(estate, state) > 0){
call    0 never executed
branch  1 never executed
branch  2 never executed
    #####:  915:	      gainCard(estate, state, 0, currentPlayer);
call    0 never executed
    #####:  916:	      state->supplyCount[estate]--;//Decrement estates
    #####:  917:	      if (supplyCount(estate, state) == 0){
call    0 never executed
branch  1 never executed
branch  2 never executed
    #####:  918:		isGameOver(state);
call    0 never executed
        -:  919:	      }
        -:  920:	    }
    #####:  921:	    card_not_discarded = 0;//Exit the loop
        -:  922:	  }
        -:  923:			    
        -:  924:	  else{
    #####:  925:	    p++;//Next card
        -:  926:	  }
        -:  927:	}
        -:  928:      }
        -:  929:			    
        -:  930:      else{
    #####:  931:	if (supplyCount(estate, state) > 0){
call    0 never executed
branch  1 never executed
branch  2 never executed
    #####:  932:	  gainCard(estate, state, 0, currentPlayer);//Gain an estate
call    0 never executed
    #####:  933:	  state->supplyCount[estate]--;//Decrement Estates
    #####:  934:	  if (supplyCount(estate, state) == 0){
call    0 never executed
branch  1 never executed
branch  2 never executed
    #####:  935:	    isGameOver(state);
call    0 never executed
        -:  936:	  }
        -:  937:	}
        -:  938:      }
        -:  939:	    
        -:  940:      
    #####:  941:      return 0;
        -:  942:	
        -:  943:	// calls great_hall function
        -:  944:    case great_hall:
    #####:  945:		play_great_hall(currentPlayer, state, handPos);
call    0 never executed
        -:  946:		
        -:  947:    case minion:
        -:  948:      //+1 action
    #####:  949:      state->numActions++;
        -:  950:			
        -:  951:      //discard card from hand
    #####:  952:      discardCard(handPos, currentPlayer, state, 0);
call    0 never executed
        -:  953:			
    #####:  954:      if (choice1)		//+2 coins
branch  0 never executed
branch  1 never executed
        -:  955:	{
    #####:  956:	  state->coins = state->coins + 2;
        -:  957:	}
        -:  958:			
    #####:  959:      else if (choice2)		//discard hand, redraw 4, other players with 5+ cards discard hand and draw 4
branch  0 never executed
branch  1 never executed
        -:  960:	{
        -:  961:	  //discard hand
    #####:  962:	  while(numHandCards(state) > 0)
call    0 never executed
branch  1 never executed
branch  2 never executed
        -:  963:	    {
    #####:  964:	      discardCard(handPos, currentPlayer, state, 0);
call    0 never executed
        -:  965:	    }
        -:  966:				
        -:  967:	  //draw 4
    #####:  968:	  for (i = 0; i < 4; i++)
branch  0 never executed
branch  1 never executed
        -:  969:	    {
    #####:  970:	      drawCard(currentPlayer, state);
call    0 never executed
        -:  971:	    }
        -:  972:				
        -:  973:	  //other players discard hand and redraw if hand size > 4
    #####:  974:	  for (i = 0; i < state->numPlayers; i++)
branch  0 never executed
branch  1 never executed
        -:  975:	    {
    #####:  976:	      if (i != currentPlayer)
branch  0 never executed
branch  1 never executed
        -:  977:		{
    #####:  978:		  if ( state->handCount[i] > 4 )
branch  0 never executed
branch  1 never executed
        -:  979:		    {
        -:  980:		      //discard hand
    #####:  981:		      while( state->handCount[i] > 0 )
branch  0 never executed
branch  1 never executed
        -:  982:			{
    #####:  983:			  discardCard(handPos, i, state, 0);
call    0 never executed
        -:  984:			}
        -:  985:							
        -:  986:		      //draw 4
    #####:  987:		      for (j = 0; j < 4; j++)
branch  0 never executed
branch  1 never executed
        -:  988:			{
    #####:  989:			  drawCard(i, state);
call    0 never executed
        -:  990:			}
        -:  991:		    }
        -:  992:		}
        -:  993:	    }
        -:  994:				
        -:  995:	}
    #####:  996:      return 0;
        -:  997:		
        -:  998:    case steward:
    #####:  999:      if (choice1 == 1)
branch  0 never executed
branch  1 never executed
        -: 1000:	{
        -: 1001:	  //+2 cards
    #####: 1002:	  drawCard(currentPlayer, state);
call    0 never executed
    #####: 1003:	  drawCard(currentPlayer, state);
call    0 never executed
        -: 1004:	}
    #####: 1005:      else if (choice1 == 2)
branch  0 never executed
branch  1 never executed
        -: 1006:	{
        -: 1007:	  //+2 coins
    #####: 1008:	  state->coins = state->coins + 2;
        -: 1009:	}
        -: 1010:      else
        -: 1011:	{
        -: 1012:	  //trash 2 cards in hand
    #####: 1013:	  discardCard(choice2, currentPlayer, state, 1);
call    0 never executed
    #####: 1014:	  discardCard(choice3, currentPlayer, state, 1);
call    0 never executed
        -: 1015:	}
        -: 1016:			
        -: 1017:      //discard card from hand
    #####: 1018:      discardCard(handPos, currentPlayer, state, 0);
call    0 never executed
    #####: 1019:      return 0;
        -: 1020:		
        -: 1021:    case tribute:
    #####: 1022:      if ((state->discardCount[nextPlayer] + state->deckCount[nextPlayer]) <= 1){
branch  0 never executed
branch  1 never executed
    #####: 1023:	if (state->deckCount[nextPlayer] > 0){
branch  0 never executed
branch  1 never executed
    #####: 1024:	  tributeRevealedCards[0] = state->deck[nextPlayer][state->deckCount[nextPlayer]-1];
    #####: 1025:	  state->deckCount[nextPlayer]--;
        -: 1026:	}
    #####: 1027:	else if (state->discardCount[nextPlayer] > 0){
branch  0 never executed
branch  1 never executed
    #####: 1028:	  tributeRevealedCards[0] = state->discard[nextPlayer][state->discardCount[nextPlayer]-1];
    #####: 1029:	  state->discardCount[nextPlayer]--;
        -: 1030:	}
        -: 1031:	else{
        -: 1032:	  //No Card to Reveal
        -: 1033:	  if (DEBUG){
        -: 1034:	    printf("No cards to reveal\n");
        -: 1035:	  }
        -: 1036:	}
        -: 1037:      }
        -: 1038:	    
        -: 1039:      else{
    #####: 1040:	if (state->deckCount[nextPlayer] == 0){
branch  0 never executed
branch  1 never executed
    #####: 1041:	  for (i = 0; i < state->discardCount[nextPlayer]; i++){
branch  0 never executed
branch  1 never executed
    #####: 1042:	    state->deck[nextPlayer][i] = state->discard[nextPlayer][i];//Move to deck
    #####: 1043:	    state->deckCount[nextPlayer]++;
    #####: 1044:	    state->discard[nextPlayer][i] = -1;
    #####: 1045:	    state->discardCount[nextPlayer]--;
        -: 1046:	  }
        -: 1047:			    
    #####: 1048:	  shuffle(nextPlayer,state);//Shuffle the deck
call    0 never executed
        -: 1049:	} 
    #####: 1050:	tributeRevealedCards[0] = state->deck[nextPlayer][state->deckCount[nextPlayer]-1];
    #####: 1051:	state->deck[nextPlayer][state->deckCount[nextPlayer]--] = -1;
    #####: 1052:	state->deckCount[nextPlayer]--;
    #####: 1053:	tributeRevealedCards[1] = state->deck[nextPlayer][state->deckCount[nextPlayer]-1];
    #####: 1054:	state->deck[nextPlayer][state->deckCount[nextPlayer]--] = -1;
    #####: 1055:	state->deckCount[nextPlayer]--;
        -: 1056:      }    
        -: 1057:		       
    #####: 1058:      if (tributeRevealedCards[0] == tributeRevealedCards[1]){//If we have a duplicate card, just drop one 
branch  0 never executed
branch  1 never executed
    #####: 1059:	state->playedCards[state->playedCardCount] = tributeRevealedCards[1];
    #####: 1060:	state->playedCardCount++;
    #####: 1061:	tributeRevealedCards[1] = -1;
        -: 1062:      }
        -: 1063:
    #####: 1064:      for (i = 0; i <= 2; i ++){
branch  0 never executed
branch  1 never executed
    #####: 1065:	if (tributeRevealedCards[i] == copper || tributeRevealedCards[i] == silver || tributeRevealedCards[i] == gold){//Treasure cards
branch  0 never executed
branch  1 never executed
branch  2 never executed
branch  3 never executed
branch  4 never executed
branch  5 never executed
    #####: 1066:	  state->coins += 2;
        -: 1067:	}
        -: 1068:		    
    #####: 1069:	else if (tributeRevealedCards[i] == estate || tributeRevealedCards[i] == duchy || tributeRevealedCards[i] == province || tributeRevealedCards[i] == gardens || tributeRevealedCards[i] == great_hall){//Victory Card Found
branch  0 never executed
branch  1 never executed
branch  2 never executed
branch  3 never executed
branch  4 never executed
branch  5 never executed
branch  6 never executed
branch  7 never executed
branch  8 never executed
branch  9 never executed
    #####: 1070:	  drawCard(currentPlayer, state);
call    0 never executed
    #####: 1071:	  drawCard(currentPlayer, state);
call    0 never executed
        -: 1072:	}
        -: 1073:	else{//Action Card
    #####: 1074:	  state->numActions = state->numActions + 2;
        -: 1075:	}
        -: 1076:      }
        -: 1077:	    
    #####: 1078:      return 0;
        -: 1079:		
        -: 1080:    case ambassador:
    #####: 1081:      j = 0;		//used to check if player has enough cards to discard
        -: 1082:
    #####: 1083:      if (choice2 > 2 || choice2 < 0)
branch  0 never executed
branch  1 never executed
branch  2 never executed
branch  3 never executed
        -: 1084:	{
    #####: 1085:	  return -1;				
        -: 1086:	}
        -: 1087:
    #####: 1088:      if (choice1 == handPos)
branch  0 never executed
branch  1 never executed
        -: 1089:	{
    #####: 1090:	  return -1;
        -: 1091:	}
        -: 1092:
    #####: 1093:      for (i = 0; i < state->handCount[currentPlayer]; i++)
branch  0 never executed
branch  1 never executed
        -: 1094:	{
    #####: 1095:	  if (i != handPos && i == state->hand[currentPlayer][choice1] && i != choice1)
branch  0 never executed
branch  1 never executed
branch  2 never executed
branch  3 never executed
branch  4 never executed
branch  5 never executed
        -: 1096:	    {
    #####: 1097:	      j++;
        -: 1098:	    }
        -: 1099:	}
    #####: 1100:      if (j < choice2)
branch  0 never executed
branch  1 never executed
        -: 1101:	{
    #####: 1102:	  return -1;				
        -: 1103:	}
        -: 1104:
        -: 1105:      if (DEBUG) 
        -: 1106:	printf("Player %d reveals card number: %d\n", currentPlayer, state->hand[currentPlayer][choice1]);
        -: 1107:
        -: 1108:      //increase supply count for choosen card by amount being discarded
    #####: 1109:      state->supplyCount[state->hand[currentPlayer][choice1]] += choice2;
        -: 1110:			
        -: 1111:      //each other player gains a copy of revealed card
    #####: 1112:      for (i = 0; i < state->numPlayers; i++)
branch  0 never executed
branch  1 never executed
        -: 1113:	{
    #####: 1114:	  if (i != currentPlayer)
branch  0 never executed
branch  1 never executed
        -: 1115:	    {
    #####: 1116:	      gainCard(state->hand[currentPlayer][choice1], state, 0, i);
call    0 never executed
        -: 1117:	    }
        -: 1118:	}
        -: 1119:
        -: 1120:      //discard played card from hand
    #####: 1121:      discardCard(handPos, currentPlayer, state, 0);			
call    0 never executed
        -: 1122:
        -: 1123:      //trash copies of cards returned to supply
    #####: 1124:      for (j = 0; j < choice2; j++)
branch  0 never executed
branch  1 never executed
        -: 1125:	{
    #####: 1126:	  for (i = 0; i < state->handCount[currentPlayer]; i++)
branch  0 never executed
branch  1 never executed
        -: 1127:	    {
    #####: 1128:	      if (state->hand[currentPlayer][i] == state->hand[currentPlayer][choice1])
branch  0 never executed
branch  1 never executed
        -: 1129:		{
    #####: 1130:		  discardCard(i, currentPlayer, state, 1);
call    0 never executed
    #####: 1131:		  break;
        -: 1132:		}
        -: 1133:	    }
        -: 1134:	}			
        -: 1135:
    #####: 1136:      return 0;
        -: 1137:		
        -: 1138:    case cutpurse:
        -: 1139:
    #####: 1140:      updateCoins(currentPlayer, state, 2);
call    0 never executed
    #####: 1141:      for (i = 0; i < state->numPlayers; i++)
branch  0 never executed
branch  1 never executed
        -: 1142:	{
    #####: 1143:	  if (i != currentPlayer)
branch  0 never executed
branch  1 never executed
        -: 1144:	    {
    #####: 1145:	      for (j = 0; j < state->handCount[i]; j++)
branch  0 never executed
branch  1 never executed
        -: 1146:		{
    #####: 1147:		  if (state->hand[i][j] == copper)
branch  0 never executed
branch  1 never executed
        -: 1148:		    {
    #####: 1149:		      discardCard(j, i, state, 0);
call    0 never executed
    #####: 1150:		      break;
        -: 1151:		    }
    #####: 1152:		  if (j == state->handCount[i])
branch  0 never executed
branch  1 never executed
        -: 1153:		    {
    #####: 1154:		      for (k = 0; k < state->handCount[i]; k++)
branch  0 never executed
branch  1 never executed
        -: 1155:			{
        -: 1156:			  if (DEBUG)
        -: 1157:			    printf("Player %d reveals card number %d\n", i, state->hand[i][k]);
        -: 1158:			}	
    #####: 1159:		      break;
        -: 1160:		    }		
        -: 1161:		}
        -: 1162:					
        -: 1163:	    }
        -: 1164:				
        -: 1165:	}				
        -: 1166:
        -: 1167:      //discard played card from hand
    #####: 1168:      discardCard(handPos, currentPlayer, state, 0);			
call    0 never executed
        -: 1169:
    #####: 1170:      return 0;
        -: 1171:
        -: 1172:		
        -: 1173:    case embargo: 
        -: 1174:      //+2 Coins
    #####: 1175:      state->coins = state->coins + 2;
        -: 1176:			
        -: 1177:      //see if selected pile is in play
    #####: 1178:      if ( state->supplyCount[choice1] == -1 )
branch  0 never executed
branch  1 never executed
        -: 1179:	{
    #####: 1180:	  return -1;
        -: 1181:	}
        -: 1182:			
        -: 1183:      //add embargo token to selected supply pile
    #####: 1184:      state->embargoTokens[choice1]++;
        -: 1185:			
        -: 1186:      //trash card
    #####: 1187:      discardCard(handPos, currentPlayer, state, 1);		
call    0 never executed
    #####: 1188:      return 0;
        -: 1189:		
        -: 1190:    case outpost:
        -: 1191:      //set outpost flag
    #####: 1192:      state->outpostPlayed++;
        -: 1193:			
        -: 1194:      //discard card
    #####: 1195:      discardCard(handPos, currentPlayer, state, 0);
call    0 never executed
    #####: 1196:      return 0;
        -: 1197:		
        -: 1198:    case salvager:
        -: 1199:      //+1 buy
    #####: 1200:      state->numBuys++;
        -: 1201:			
    #####: 1202:      if (choice1)
branch  0 never executed
branch  1 never executed
        -: 1203:	{
        -: 1204:	  //gain coins equal to trashed card
    #####: 1205:	  state->coins = state->coins + getCost( handCard(choice1, state) );
call    0 never executed
call    1 never executed
        -: 1206:	  //trash card
    #####: 1207:	  discardCard(choice1, currentPlayer, state, 1);	
call    0 never executed
        -: 1208:	}
        -: 1209:			
        -: 1210:      //discard card
    #####: 1211:      discardCard(handPos, currentPlayer, state, 0);
call    0 never executed
    #####: 1212:      return 0;
        -: 1213:		
        -: 1214:    case sea_hag:
    #####: 1215:      for (i = 0; i < state->numPlayers; i++){
branch  0 never executed
branch  1 never executed
    #####: 1216:	if (i != currentPlayer){
branch  0 never executed
branch  1 never executed
    #####: 1217:	  state->discard[i][state->discardCount[i]] = state->deck[i][state->deckCount[i]--];			    state->deckCount[i]--;
    #####: 1218:	  state->discardCount[i]++;
    #####: 1219:	  state->deck[i][state->deckCount[i]--] = curse;//Top card now a curse
        -: 1220:	}
        -: 1221:      }
    #####: 1222:      return 0;
        -: 1223:		
        -: 1224:    case treasure_map:
        -: 1225:      //search hand for another treasure_map
    #####: 1226:      index = -1;
    #####: 1227:      for (i = 0; i < state->handCount[currentPlayer]; i++)
branch  0 never executed
branch  1 never executed
        -: 1228:	{
    #####: 1229:	  if (state->hand[currentPlayer][i] == treasure_map && i != handPos)
branch  0 never executed
branch  1 never executed
branch  2 never executed
branch  3 never executed
        -: 1230:	    {
    #####: 1231:	      index = i;
    #####: 1232:	      break;
        -: 1233:	    }
        -: 1234:	}
    #####: 1235:      if (index > -1)
branch  0 never executed
branch  1 never executed
        -: 1236:	{
        -: 1237:	  //trash both treasure cards
    #####: 1238:	  discardCard(handPos, currentPlayer, state, 1);
call    0 never executed
    #####: 1239:	  discardCard(index, currentPlayer, state, 1);
call    0 never executed
        -: 1240:
        -: 1241:	  //gain 4 Gold cards
    #####: 1242:	  for (i = 0; i < 4; i++)
branch  0 never executed
branch  1 never executed
        -: 1243:	    {
    #####: 1244:	      gainCard(gold, state, 1, currentPlayer);
call    0 never executed
        -: 1245:	    }
        -: 1246:				
        -: 1247:	  //return success
    #####: 1248:	  return 1;
        -: 1249:	}
        -: 1250:			
        -: 1251:      //no second treasure_map found in hand
    #####: 1252:      return -1;
        -: 1253:    }
        -: 1254:	
        4: 1255:  return -1;
        -: 1256:}
        -: 1257:
function discardCard called 6 returned 100% blocks executed 78%
        6: 1258:int discardCard(int handPos, int currentPlayer, struct gameState *state, int trashFlag)
        -: 1259:{
        -: 1260:	
        -: 1261:  //if card is not trashed, added to Played pile 
        6: 1262:  if (trashFlag < 1)
branch  0 taken 83% (fallthrough)
branch  1 taken 17%
        -: 1263:    {
        -: 1264:      //add card to played pile
        5: 1265:      state->playedCards[state->playedCardCount] = state->hand[currentPlayer][handPos]; 
        5: 1266:      state->playedCardCount++;
        -: 1267:    }
        -: 1268:	
        -: 1269:  //set played card to -1
        6: 1270:  state->hand[currentPlayer][handPos] = -1;
        -: 1271:	
        -: 1272:  //remove card from player's hand
        6: 1273:  if ( handPos == (state->handCount[currentPlayer] - 1) ) 	//last card in hand array is played
branch  0 taken 0% (fallthrough)
branch  1 taken 100%
        -: 1274:    {
        -: 1275:      //reduce number of cards in hand
    #####: 1276:      state->handCount[currentPlayer]--;
        -: 1277:    }
        6: 1278:  else if ( state->handCount[currentPlayer] == 1 ) //only one card in hand
branch  0 taken 0% (fallthrough)
branch  1 taken 100%
        -: 1279:    {
        -: 1280:      //reduce number of cards in hand
    #####: 1281:      state->handCount[currentPlayer]--;
        -: 1282:    }
        -: 1283:  else 	
        -: 1284:    {
        -: 1285:      //replace discarded card with last card in hand
        6: 1286:      state->hand[currentPlayer][handPos] = state->hand[currentPlayer][ (state->handCount[currentPlayer] - 1)];
        -: 1287:      //set last card to -1
        6: 1288:      state->hand[currentPlayer][state->handCount[currentPlayer] - 1] = -1;
        -: 1289:      //reduce number of cards in hand
        6: 1290:      state->handCount[currentPlayer]--;
        -: 1291:    }
        -: 1292:	
        6: 1293:  return 0;
        -: 1294:}
        -: 1295:
function gainCard called 2 returned 100% blocks executed 70%
        2: 1296:int gainCard(int supplyPos, struct gameState *state, int toFlag, int player)
        -: 1297:{
        -: 1298:  //Note: supplyPos is enum of choosen card
        -: 1299:	
        -: 1300:  //check if supply pile is empty (0) or card is not used in game (-1)
        2: 1301:  if ( supplyCount(supplyPos, state) < 1 )
call    0 returned 100%
branch  1 taken 0% (fallthrough)
branch  2 taken 100%
        -: 1302:    {
    #####: 1303:      return -1;
        -: 1304:    }
        -: 1305:	
        -: 1306:  //added card for [whoseTurn] current player:
        -: 1307:  // toFlag = 0 : add to discard
        -: 1308:  // toFlag = 1 : add to deck
        -: 1309:  // toFlag = 2 : add to hand
        -: 1310:
        2: 1311:  if (toFlag == 1)
branch  0 taken 0% (fallthrough)
branch  1 taken 100%
        -: 1312:    {
    #####: 1313:      state->deck[ player ][ state->deckCount[player] ] = supplyPos;
    #####: 1314:      state->deckCount[player]++;
        -: 1315:    }
        2: 1316:  else if (toFlag == 2)
branch  0 taken 0% (fallthrough)
branch  1 taken 100%
        -: 1317:    {
    #####: 1318:      state->hand[ player ][ state->handCount[player] ] = supplyPos;
    #####: 1319:      state->handCount[player]++;
        -: 1320:    }
        -: 1321:  else
        -: 1322:    {
        2: 1323:      state->discard[player][ state->discardCount[player] ] = supplyPos;
        2: 1324:      state->discardCount[player]++;
        -: 1325:    }
        -: 1326:	
        -: 1327:  //decrease number in supply pile
        2: 1328:  state->supplyCount[supplyPos]--;
        -: 1329:	 
        2: 1330:  return 0;
        -: 1331:}
        -: 1332:
function updateCoins called 14 returned 100% blocks executed 100%
       14: 1333:int updateCoins(int player, struct gameState *state, int bonus)
        -: 1334:{
        -: 1335:  int i;
        -: 1336:	
        -: 1337:  //reset coin count
       14: 1338:  state->coins = 0;
        -: 1339:
        -: 1340:  //add coins for each Treasure card in player's hand
       88: 1341:  for (i = 0; i < state->handCount[player]; i++)
branch  0 taken 84%
branch  1 taken 16% (fallthrough)
        -: 1342:    {
       74: 1343:      if (state->hand[player][i] == copper)
branch  0 taken 49% (fallthrough)
branch  1 taken 51%
        -: 1344:	{
       36: 1345:	  state->coins += 1;
        -: 1346:	}
       38: 1347:      else if (state->hand[player][i] == silver)
branch  0 taken 8% (fallthrough)
branch  1 taken 92%
        -: 1348:	{
        3: 1349:	  state->coins += 2;
        -: 1350:	}
       35: 1351:      else if (state->hand[player][i] == gold)
branch  0 taken 9% (fallthrough)
branch  1 taken 91%
        -: 1352:	{
        3: 1353:	  state->coins += 3;
        -: 1354:	}	
        -: 1355:    }	
        -: 1356:
        -: 1357:  //add bonus
       14: 1358:  state->coins += bonus;
        -: 1359:
       14: 1360:  return 0;
        -: 1361:}
        -: 1362:
        -: 1363:
        -: 1364://end of dominion.c
        -: 1365:
